Channel density: 35
Net 1
C35 56 61
Net 2
C31 41 70
Net 3
C2 4 16
B1 16 17
Dogleg 16
C24 17 40
Dogleg 17
Net 4
T0 4 13
C19 13 52
Dogleg 13
C3 52 65
Dogleg 52
Net 5
C26 1 31
C25 31 32
Dogleg 31
Net 6
C30 19 74
C17 74 80
Dogleg 74
Net 7
C29 21 44
B0 44 54
Dogleg 44
C32 54 81
Dogleg 54
Net 8
C11 11 33
C25 33 66
Dogleg 33
T0 66 71
Dogleg 66
Net 9
C14 1 21
C4 21 61
Dogleg 21
C28 61 72
Dogleg 61
C25 72 78
Dogleg 72
Net 10
C22 46 76
Net 11
C6 6 34
C26 34 83
Dogleg 34
Net 12
C4 5 20
C20 20 55
Dogleg 20
T0 55 65
Dogleg 55
C7 65 79
Dogleg 65
Net 13
C22 25 39
C6 39 69
Dogleg 39
Net 14
B1 18 19
C2 19 82
Dogleg 19
Net 15
B0 42 43
T0 43 54
Dogleg 43
C33 54 64
Dogleg 54
Net 16
C1 12 45
C29 45 60
Dogleg 45
Net 17
C16 23 80
Net 18
C7 9 63
Net 19
C10 11 57
Net 20
C25 17 27
B0 27 40
Dogleg 27
C17 40 71
Dogleg 40
C1 71 73
Dogleg 71
Net 21
B1 8 15
C9 15 46
Dogleg 15
C1 46 67
Dogleg 46
Net 22
C17 24 37
Net 23
C3 3 36
C11 36 75
Dogleg 36
Net 24
C2 2 3
Net 25
C18 13 51
C24 51 76
Dogleg 51
Net 26
C12 16 25
C21 25 62
Dogleg 25
C18 62 69
Dogleg 62
Net 27
C14 49 79
Net 28
C1 0 7
B0 7 26
Dogleg 7
C12 26 82
Dogleg 26
Net 29
C34 2 64
Net 30
C8 9 68
Net 31
C27 8 32
T1 32 34
Dogleg 32
C27 34 48
Dogleg 34
C9 48 81
Dogleg 48
Net 32
C5 5 77
Net 33
C31 29 31
Net 34
C28 35 56
C18 56 58
Dogleg 56
C10 58 67
Dogleg 58
Net 35
C23 30 38
C3 38 50
Dogleg 38
C27 50 83
Dogleg 50
Net 36
C4 63 77
Net 37
T1 0 12
C9 12 14
Dogleg 12
C12 14 15
Dogleg 14
C15 15 73
Dogleg 15
Net 38
C14 22 47
C23 47 72
Dogleg 47
Net 39
C13 10 68
Net 40
C28 22 33
