Channel density: 13
Net 1
C8 4 9
C2 9 14
Dogleg 9
Net 2
C5 2 5
C11 5 22
Dogleg 5
C3 22 29
Dogleg 22
Net 3
C13 6 10
C6 10 15
Dogleg 10
C13 15 22
Dogleg 15
Net 4
C1 0 19
Net 5
C2 1 6
C12 6 23
Dogleg 6
Net 6
C10 12 17
B0 17 18
Dogleg 17
C2 18 25
Dogleg 18
Net 7
C4 2 18
C3 18 20
Dogleg 18
C1 20 28
Dogleg 20
T0 28 29
Dogleg 28
Net 8
B0 0 3
C6 3 7
Dogleg 3
C9 7 12
Dogleg 7
C7 12 26
Dogleg 12
Net 9
C3 1 10
Net 10
C10 3 8
C5 8 16
Dogleg 8
T0 16 21
Dogleg 16
C9 21 27
Dogleg 21
Net 11
C7 4 11
C3 11 16
Dogleg 11
B1 16 28
Dogleg 16
Net 12
B0 20 24
T0 24 26
Dogleg 24
C8 26 27
Dogleg 26
