Channel density: 121
Net 1
B7 78 165
C77 165 251
Dogleg 165
B0 251 259
Dogleg 251
C37 259 291
Dogleg 259
C15 291 325
Dogleg 291
B8 325 331
Dogleg 325
B3 331 333
Dogleg 331
C116 333 413
Dogleg 333
C73 413 500
Dogleg 413
C1 500 537
Dogleg 500
Net 2
C69 162 232
C60 232 369
Dogleg 232
C58 369 502
Dogleg 369
Net 3
B5 54 182
C62 182 272
Dogleg 182
C93 272 381
Dogleg 272
C107 381 503
Dogleg 381
Net 4
C42 81 169
Net 5
C19 28 37
C30 37 94
Dogleg 37
T12 94 104
Dogleg 94
B6 104 114
Dogleg 104
C54 114 358
Dogleg 114
C29 358 371
Dogleg 358
C55 371 446
Dogleg 371
C41 446 456
Dogleg 446
C112 456 510
Dogleg 456
T3 510 529
Dogleg 510
Net 6
T1 11 112
C13 112 149
Dogleg 112
C11 149 330
Dogleg 149
B5 330 336
Dogleg 330
B4 336 352
Dogleg 336
C101 352 524
Dogleg 352
Net 7
C8 20 124
C87 124 205
Dogleg 124
C25 205 212
Dogleg 205
C94 212 229
Dogleg 212
C61 229 290
Dogleg 229
T4 290 304
Dogleg 290
C40 304 308
Dogleg 304
C71 308 378
Dogleg 308
C68 378 402
Dogleg 378
T0 402 408
Dogleg 402
T11 408 425
Dogleg 408
C74 425 514
Dogleg 425
Net 8
C59 11 214
C51 214 330
Dogleg 214
C22 330 470
Dogleg 330
Net 9
C93 97 265
T4 265 271
Dogleg 265
C18 271 452
Dogleg 271
C11 452 484
Dogleg 452
Net 10
B9 49 115
B6 115 147
Dogleg 115
C8 147 150
Dogleg 147
C46 150 178
Dogleg 150
T5 178 219
Dogleg 178
B1 219 235
Dogleg 219
B3 235 324
Dogleg 235
C43 324 325
Dogleg 324
T13 325 335
Dogleg 325
C61 335 384
Dogleg 335
C9 384 400
Dogleg 384
Net 11
C23 31 46
C40 46 102
Dogleg 46
T14 102 125
Dogleg 102
T12 125 126
Dogleg 125
C68 126 143
Dogleg 126
C15 143 290
Dogleg 143
B8 290 299
Dogleg 290
C44 299 455
Dogleg 299
B1 455 457
Dogleg 455
Net 12
C9 405 508
Net 13
T13 109 131
T3 131 143
Dogleg 131
C84 143 184
Dogleg 143
T3 184 192
Dogleg 184
C22 192 222
Dogleg 192
C82 222 296
Dogleg 222
C37 296 378
Dogleg 296
C67 378 518
Dogleg 378
Net 14
C32 48 52
B7 52 74
Dogleg 52
B3 74 91
Dogleg 74
B1 91 213
Dogleg 91
C6 213 240
Dogleg 213
C98 240 384
Dogleg 240
C72 384 467
Dogleg 384
T1 467 491
Dogleg 467
C68 491 522
Dogleg 491
C6 522 523
Dogleg 522
Net 15
T0 1 230
Net 16
C85 16 38
T12 38 53
Dogleg 38
C51 53 118
Dogleg 53
T15 118 129
Dogleg 118
C74 129 286
Dogleg 129
C27 286 480
Dogleg 286
C76 480 522
Dogleg 480
C69 522 536
Dogleg 522
Net 17
B3 41 72
C5 72 105
Dogleg 72
C69 105 152
Dogleg 105
C13 152 540
Dogleg 152
Net 18
C54 79 113
C50 113 118
Dogleg 113
C40 118 203
Dogleg 118
B5 203 215
Dogleg 203
C55 215 223
Dogleg 215
C22 223 273
Dogleg 223
C7 273 359
Dogleg 273
Net 19
C98 189 195
C97 195 485
Dogleg 195
C7 485 494
Dogleg 485
Net 20
T14 0 15
B1 15 90
Dogleg 15
C44 90 283
Dogleg 90
C48 283 455
Dogleg 283
C46 455 464
Dogleg 455
C31 464 533
Dogleg 464
Net 21
C35 51 191
C12 191 327
Dogleg 191
C5 327 422
Dogleg 327
C30 422 445
Dogleg 422
Net 22
C111 12 95
T14 95 98
Dogleg 95
C46 98 148
Dogleg 98
B6 148 185
Dogleg 148
T9 185 208
Dogleg 185
C81 208 308
Dogleg 208
C73 308 315
Dogleg 308
C42 315 344
Dogleg 315
B3 344 366
Dogleg 344
C103 366 436
Dogleg 366
C51 436 459
Dogleg 436
B1 459 474
Dogleg 459
Net 23
C87 32 122
C85 122 139
Dogleg 122
B11 139 171
Dogleg 139
C42 171 314
Dogleg 171
C40 314 475
Dogleg 314
B1 475 493
Dogleg 475
C16 493 534
Dogleg 493
Net 24
T14 351 357
Net 25
C112 17 337
Net 26
C10 22 123
C67 123 224
Dogleg 123
C30 224 312
Dogleg 224
T6 312 350
Dogleg 312
T15 350 353
Dogleg 350
T17 353 354
Dogleg 353
T15 354 387
Dogleg 354
C104 387 410
Dogleg 387
C1 410 434
Dogleg 410
C64 434 507
Dogleg 434
Net 27
C5 8 71
C78 71 106
Dogleg 71
C61 106 228
Dogleg 106
C85 228 426
Dogleg 228
C37 426 511
Dogleg 426
C17 511 517
Dogleg 511
Net 28
C21 18 436
C1 436 497
Dogleg 436
Net 29
C84 38 39
T6 39 45
Dogleg 39
T5 45 50
Dogleg 45
T14 50 54
Dogleg 50
B4 54 78
Dogleg 54
C37 78 101
Dogleg 78
T15 101 117
Dogleg 101
C65 117 350
Dogleg 117
B0 350 368
Dogleg 350
C38 368 395
Dogleg 368
C98 395 539
Dogleg 395
Net 30
C71 154 292
B7 292 354
Dogleg 292
C30 354 402
Dogleg 354
C38 402 495
Dogleg 402
Net 31
C1 59 99
C55 99 209
Dogleg 99
C38 209 241
Dogleg 209
C103 241 249
Dogleg 241
T0 249 313
Dogleg 249
C59 313 513
Dogleg 313
T0 513 528
Dogleg 513
Net 32
C22 18 166
Net 33
C4 309 431
Net 34
C23 47 69
C88 69 163
Dogleg 69
C64 163 375
Dogleg 163
C50 375 496
Dogleg 375
Net 35
C14 56 184
B5 184 201
Dogleg 184
C8 201 214
Dogleg 201
C50 214 269
Dogleg 214
C3 269 305
Dogleg 269
B12 305 349
Dogleg 305
B2 349 365
Dogleg 349
C100 365 392
Dogleg 365
C51 392 429
Dogleg 392
C35 429 494
Dogleg 429
C21 494 519
Dogleg 494
Net 36
T6 89 142
C26 142 204
Dogleg 142
C75 204 232
Dogleg 204
C100 232 268
Dogleg 232
T1 268 276
Dogleg 268
T9 276 382
Dogleg 276
C70 382 425
Dogleg 382
C5 425 447
Dogleg 425
C55 447 459
Dogleg 447
Net 37
C15 25 64
C81 64 85
Dogleg 64
C60 85 166
Dogleg 85
T2 166 343
Dogleg 166
C66 343 411
Dogleg 343
C30 411 418
Dogleg 411
C61 418 439
Dogleg 418
C52 439 481
Dogleg 439
C15 481 483
Dogleg 481
C6 483 516
Dogleg 483
C84 516 520
Dogleg 516
Net 38
C75 130 160
C30 160 221
Dogleg 160
C8 221 512
Dogleg 221
Net 39
C117 109 333
Net 40
B0 0 92
B3 92 112
Dogleg 92
C5 112 281
Dogleg 112
C78 281 292
Dogleg 281
C72 292 331
Dogleg 292
C11 331 438
Dogleg 331
C103 438 471
Dogleg 438
Net 41
C79 42 255
C24 255 396
Dogleg 255
C81 396 538
Dogleg 396
Net 42
C1 1 57
B2 57 207
Dogleg 57
C40 207 300
Dogleg 207
B8 300 306
Dogleg 300
C3 306 416
Dogleg 306
Net 43
C1 238 406
Net 44
B2 15 49
C34 49 174
Dogleg 49
C29 174 278
Dogleg 174
C19 278 287
Dogleg 278
C41 287 293
Dogleg 287
C91 293 396
Dogleg 293
C82 396 532
Dogleg 396
Net 45
C16 26 66
C52 66 258
Dogleg 66
T3 258 409
Dogleg 258
Net 46
C18 28 263
C77 263 391
Dogleg 263
C31 391 441
Dogleg 391
C21 441 483
Dogleg 441
T0 483 508
Dogleg 483
Net 47
T9 45 61
C57 61 157
Dogleg 61
C96 157 273
Dogleg 157
C27 273 283
Dogleg 273
C5 283 326
Dogleg 283
C50 326 372
Dogleg 326
C120 372 437
Dogleg 372
C115 437 488
Dogleg 437
Net 48
C37 60 77
C44 77 84
Dogleg 77
C71 84 153
Dogleg 84
C110 153 187
Dogleg 153
C108 187 298
Dogleg 187
C20 298 339
Dogleg 298
B10 339 346
Dogleg 339
C117 346 401
Dogleg 346
Net 49
C25 32 39
C83 39 321
Dogleg 39
C32 321 414
Dogleg 321
C28 414 506
Dogleg 414
C7 506 532
Dogleg 506
Net 50
C76 70 432
Net 51
T8 29 57
C45 57 90
Dogleg 57
C91 90 279
Dogleg 90
C28 279 412
Dogleg 279
C113 412 509
Dogleg 412
Net 52
T10 40 62
C42 62 80
Dogleg 62
C80 80 181
Dogleg 80
C72 181 243
Dogleg 181
C38 243 289
Dogleg 243
C22 289 327
Dogleg 289
C15 327 394
Dogleg 327
C6 394 478
Dogleg 394
Net 53
C33 9 315
C29 315 357
Dogleg 315
T12 357 376
Dogleg 357
Net 54
C9 20 257
T7 257 284
Dogleg 257
C87 284 443
Dogleg 284
C85 443 516
Dogleg 443
Net 55
C7 10 271
C6 271 295
Dogleg 271
B4 295 332
Dogleg 295
C43 332 372
Dogleg 332
C29 372 444
Dogleg 372
C10 444 515
Dogleg 444
Net 56
T11 26 52
C36 52 132
Dogleg 52
C3 132 268
Dogleg 132
C99 268 280
Dogleg 268
T4 280 288
Dogleg 280
C29 288 312
Dogleg 288
C2 312 469
Dogleg 312
C41 469 501
Dogleg 469
T1 501 530
Dogleg 501
Net 57
C32 9 34
C55 34 87
Dogleg 34
C12 87 141
Dogleg 87
B10 141 168
Dogleg 141
C97 168 190
Dogleg 168
T8 190 198
Dogleg 190
C24 198 254
Dogleg 198
C107 254 272
Dogleg 254
T10 272 322
Dogleg 272
C96 322 363
Dogleg 322
C23 363 477
Dogleg 363
C4 477 530
Dogleg 477
Net 58
C38 4 208
B2 208 348
Dogleg 208
T0 348 394
Dogleg 348
T17 394 397
Dogleg 394
C83 397 520
Dogleg 397
Net 59
C28 33 264
C34 264 451
Dogleg 264
Net 60
C50 77 106
C5 106 110
Dogleg 106
T12 110 116
Dogleg 110
C62 116 181
Dogleg 116
C46 181 199
Dogleg 181
T8 199 217
Dogleg 199
C88 217 318
Dogleg 217
T5 318 388
Dogleg 318
C78 388 443
Dogleg 388
Net 61
C99 120 189
Net 62
C90 73 180
C23 180 341
Dogleg 180
C109 341 510
Dogleg 341
C9 510 541
Dogleg 510
Net 63
C32 59 113
B3 113 153
Dogleg 113
C69 153 158
Dogleg 153
C25 158 199
Dogleg 158
B3 199 234
Dogleg 199
B5 234 236
Dogleg 234
B1 236 247
Dogleg 236
C46 247 340
Dogleg 247
B5 340 374
Dogleg 340
C65 374 463
Dogleg 374
T3 463 507
Dogleg 463
C65 507 514
Dogleg 507
Net 64
C56 21 252
B4 252 294
Dogleg 252
B5 294 328
Dogleg 294
C12 328 417
Dogleg 328
C3 417 486
Dogleg 417
C11 486 515
Dogleg 486
Net 65
C91 19 76
C39 76 141
Dogleg 76
C19 141 167
Dogleg 141
B7 167 173
Dogleg 167
C20 173 201
Dogleg 173
C99 201 256
Dogleg 201
C41 256 285
Dogleg 256
C9 285 383
Dogleg 285
Net 66
C89 69 133
C8 133 145
Dogleg 133
C4 145 306
Dogleg 145
C49 306 468
Dogleg 306
C39 468 502
Dogleg 468
C5 502 523
Dogleg 502
Net 67
C50 35 70
C16 70 86
Dogleg 70
C58 86 87
Dogleg 86
T14 87 92
Dogleg 87
C45 92 167
Dogleg 92
T8 167 174
Dogleg 167
C75 174 193
Dogleg 174
C35 193 407
Dogleg 193
C63 407 462
Dogleg 407
C17 462 498
Dogleg 462
Net 68
C13 101 111
C68 111 123
Dogleg 111
C78 123 165
Dogleg 123
T9 165 172
Dogleg 165
C22 172 183
Dogleg 172
C80 183 332
Dogleg 183
C51 332 343
Dogleg 332
C17 343 446
Dogleg 343
C29 446 506
Dogleg 446
T2 506 529
Dogleg 506
Net 69
C2 3 65
C48 65 203
Dogleg 65
C46 203 245
Dogleg 203
C19 245 277
Dogleg 245
B5 277 282
Dogleg 277
T1 282 349
Dogleg 282
T16 349 391
Dogleg 349
C79 391 441
Dogleg 391
C61 441 490
Dogleg 441
C27 490 535
Dogleg 490
T2 535 541
Dogleg 535
Net 70
C36 136 415
Net 71
T13 19 23
C12 23 56
Dogleg 23
B8 56 125
Dogleg 56
C3 125 127
Dogleg 125
C49 127 134
Dogleg 127
T2 134 144
Dogleg 134
C39 144 175
Dogleg 144
C95 175 322
Dogleg 175
C33 322 482
Dogleg 322
B0 482 513
Dogleg 482
C8 513 540
Dogleg 513
Net 72
T7 30 58
C12 58 81
Dogleg 58
B4 81 242
Dogleg 81
Net 73
T13 2 16
C86 16 250
Dogleg 16
C47 250 291
Dogleg 250
C38 291 297
Dogleg 291
C6 297 393
Dogleg 297
C77 393 417
Dogleg 393
C35 417 428
Dogleg 417
Net 74
C15 68 128
Net 75
C26 27 136
C15 136 142
Dogleg 136
C12 142 152
Dogleg 142
C8 152 197
Dogleg 152
C90 197 274
Dogleg 197
C22 274 288
Dogleg 274
C19 288 313
Dogleg 288
C56 313 361
Dogleg 313
T14 361 366
Dogleg 361
C104 366 377
Dogleg 366
C43 377 423
Dogleg 377
Net 76
C39 4 75
C77 75 130
Dogleg 75
T4 130 140
Dogleg 130
C82 140 217
Dogleg 140
B5 217 233
Dogleg 217
C67 233 320
Dogleg 233
B9 320 342
Dogleg 320
C107 342 380
Dogleg 342
C41 380 442
Dogleg 380
Net 77
T13 25 43
C25 43 154
Dogleg 43
B3 154 161
Dogleg 154
C20 161 172
Dogleg 161
C19 172 243
Dogleg 172
B4 243 251
Dogleg 243
B1 251 376
Dogleg 251
T11 376 383
Dogleg 376
C71 383 400
Dogleg 383
C15 400 440
Dogleg 400
C45 440 469
Dogleg 440
C43 469 496
Dogleg 469
Net 78
C47 63 249
C102 249 269
Dogleg 249
C70 269 374
Dogleg 269
Net 79
C113 108 170
Net 80
C82 12 85
T15 85 96
Dogleg 85
C111 96 108
Dogleg 96
C29 108 173
Dogleg 108
T9 173 183
Dogleg 173
C88 183 190
Dogleg 183
B3 190 198
Dogleg 190
B6 198 211
Dogleg 198
C92 211 239
Dogleg 211
C75 239 432
Dogleg 239
Net 81
T8 82 83
T7 83 91
Dogleg 83
T5 91 138
Dogleg 91
C77 138 159
Dogleg 138
C57 159 252
Dogleg 159
C86 252 409
Dogleg 252
Net 82
C2 67 310
C114 310 360
Dogleg 310
C7 360 435
Dogleg 360
Net 83
C11 58 147
C89 147 261
Dogleg 147
C56 261 301
Dogleg 261
C74 301 307
Dogleg 301
T4 307 338
Dogleg 307
T13 338 370
Dogleg 338
C52 370 431
Dogleg 370
C47 431 466
Dogleg 431
C26 466 490
Dogleg 466
C3 490 521
Dogleg 490
Net 84
C24 13 194
T7 194 206
Dogleg 194
C87 206 278
Dogleg 206
T8 278 355
Dogleg 278
C42 355 452
Dogleg 355
C30 452 477
Dogleg 452
C25 477 489
Dogleg 477
C44 489 525
Dogleg 489
Net 85
C73 127 213
C25 213 275
Dogleg 213
C90 275 430
Dogleg 275
C77 430 505
Dogleg 430
C30 505 518
Dogleg 505
Net 86
C20 31 160
C16 160 433
Dogleg 160
C4 433 476
Dogleg 433
Net 87
T4 192 233
C73 233 307
Dogleg 233
C52 307 368
Dogleg 307
T14 368 388
Dogleg 368
Net 88
C3 5 40
C19 40 140
Dogleg 40
C81 140 207
Dogleg 140
T3 207 231
Dogleg 207
T0 231 248
Dogleg 231
C101 248 297
Dogleg 248
C41 297 318
Dogleg 297
C30 318 347
Dogleg 318
C46 347 453
Dogleg 347
C43 453 454
Dogleg 453
Net 89
C85 151 227
C48 227 280
Dogleg 227
C94 280 356
Dogleg 280
C51 356 390
Dogleg 356
C99 390 398
Dogleg 390
C24 398 457
Dogleg 398
Net 90
C103 250 287
C110 287 512
Dogleg 287
Net 91
C29 94 107
C1 107 234
Dogleg 107
C69 234 466
Dogleg 234
Net 92
B9 116 185
Net 93
C14 24 53
B6 53 102
Dogleg 53
C37 102 138
Dogleg 102
C17 138 338
Dogleg 138
C112 338 437
Dogleg 338
C7 437 458
Dogleg 437
C15 458 479
Dogleg 458
C78 479 489
Dogleg 479
C45 489 538
Dogleg 489
Net 94
C53 317 499
Net 95
C107 155 187
C14 187 481
Dogleg 187
Net 96
C75 164 170
C60 170 225
Dogleg 170
C55 225 369
Dogleg 225
B4 369 381
Dogleg 369
C64 381 424
Dogleg 381
C36 424 468
Dogleg 424
C34 468 537
Dogleg 468
Net 97
C6 8 42
C41 42 253
Dogleg 42
C27 253 262
Dogleg 253
C57 262 264
Dogleg 262
T5 264 316
Dogleg 264
T0 316 346
Dogleg 316
C119 346 434
Dogleg 346
C70 434 462
Dogleg 434
T4 462 535
Dogleg 462
Net 98
C46 63 82
C63 82 260
Dogleg 82
C52 260 300
Dogleg 260
C47 300 319
Dogleg 300
C41 319 379
Dogleg 319
C37 379 416
Dogleg 379
C32 416 473
Dogleg 416
T0 473 482
Dogleg 473
C40 482 501
Dogleg 482
C2 501 528
Dogleg 501
Net 99
T13 104 107
C40 107 117
Dogleg 107
C64 117 162
Dogleg 117
B3 162 188
Dogleg 162
B6 188 196
Dogleg 188
C84 196 329
Dogleg 196
C31 329 389
Dogleg 329
C108 389 509
Dogleg 389
Net 100
T10 6 36
C71 36 44
Dogleg 36
C13 44 100
Dogleg 44
C1 100 103
Dogleg 100
C58 103 344
Dogleg 103
T17 344 352
Dogleg 344
C102 352 493
Dogleg 352
Net 101
C11 22 51
B8 51 55
Dogleg 51
C43 55 311
Dogleg 55
C99 311 387
Dogleg 311
C74 387 421
Dogleg 387
Net 102
C27 30 244
B0 244 248
Dogleg 244
C72 248 285
Dogleg 248
T7 285 348
Dogleg 285
T2 348 423
Dogleg 348
C66 423 491
Dogleg 423
Net 103
C70 36 266
C57 266 362
Dogleg 266
C56 362 460
Dogleg 362
B0 460 478
Dogleg 460
Net 104
C13 24 43
C6 43 212
Dogleg 43
B6 212 229
Dogleg 212
C60 229 230
Dogleg 229
B6 230 237
Dogleg 230
C39 237 427
Dogleg 237
C121 427 448
Dogleg 427
C117 448 461
Dogleg 448
C24 461 492
Dogleg 461
C14 492 511
Dogleg 492
C12 511 531
Dogleg 511
T3 531 536
Dogleg 531
Net 105
T12 2 33
C29 33 93
Dogleg 33
B0 93 95
Dogleg 93
C108 95 176
Dogleg 95
C78 176 276
Dogleg 176
C100 276 345
Dogleg 276
C113 345 410
Dogleg 345
C111 410 486
Dogleg 410
C15 486 519
Dogleg 486
B0 519 534
Dogleg 519
Net 106
C32 115 314
C19 314 461
Dogleg 314
C7 461 479
Dogleg 461
Net 107
T9 29 41
C3 41 121
Dogleg 41
C50 121 206
Dogleg 121
C26 206 464
Dogleg 206
Net 108
C113 17 93
C92 93 205
Dogleg 93
C88 205 216
Dogleg 205
C59 216 270
Dogleg 216
C89 270 393
Dogleg 270
C80 393 405
Dogleg 393
T1 405 418
Dogleg 405
C66 418 419
Dogleg 418
Net 109
C44 55 72
C23 72 88
Dogleg 72
C16 88 158
Dogleg 88
B0 158 186
Dogleg 158
C105 186 420
Dogleg 186
C12 420 497
Dogleg 420
Net 110
C111 298 398
C100 398 471
Dogleg 398
C2 471 495
Dogleg 471
Net 111
C92 246 323
C38 323 364
Dogleg 323
B7 364 373
Dogleg 364
C108 373 386
Dogleg 373
Net 112
C10 134 440
Net 113
C84 64 122
C66 122 324
Dogleg 122
C47 324 403
Dogleg 324
C68 403 407
Dogleg 403
Net 114
C23 89 179
C106 179 386
Dogleg 179
C62 386 435
Dogleg 386
C16 435 484
Dogleg 435
C14 484 487
Dogleg 484
C75 487 500
Dogleg 487
Net 115
C109 7 316
C73 316 404
Dogleg 316
C106 404 438
Dogleg 404
Net 116
T11 3 13
C25 13 27
Dogleg 13
C17 27 135
Dogleg 27
C49 135 303
Dogleg 135
C38 303 319
Dogleg 303
B10 319 337
Dogleg 319
C108 337 367
Dogleg 337
C114 367 447
Dogleg 367
Net 117
T9 6 14
C98 14 168
Dogleg 14
T1 168 262
Dogleg 168
C63 262 397
Dogleg 262
C15 397 399
Dogleg 397
Net 118
C68 146 364
C57 364 463
Dogleg 364
C18 463 527
Dogleg 463
Net 119
B3 14 34
C31 34 328
Dogleg 34
T12 328 356
Dogleg 328
T17 356 371
Dogleg 356
C60 371 527
Dogleg 371
Net 120
C51 121 210
C48 210 225
Dogleg 210
C37 225 258
Dogleg 225
C9 258 284
Dogleg 258
C62 284 385
Dogleg 284
C61 385 408
Dogleg 385
C47 408 428
Dogleg 408
C39 428 449
Dogleg 428
C5 449 498
Dogleg 449
B1 498 524
Dogleg 498
Net 121
T14 23 44
C72 44 177
Dogleg 44
C34 177 261
Dogleg 177
B0 261 347
Dogleg 261
C20 347 526
Dogleg 347
Net 122
C4 5 144
C37 144 220
Dogleg 144
C104 220 334
Dogleg 220
B8 334 353
Dogleg 334
T1 353 403
Dogleg 353
C71 403 430
Dogleg 403
C43 430 444
Dogleg 430
C31 444 450
Dogleg 444
B1 450 453
Dogleg 450
C42 453 526
Dogleg 453
Net 123
C53 66 277
C25 277 472
Dogleg 277
Net 124
C110 7 96
B0 96 156
Dogleg 96
C12 156 188
Dogleg 156
B0 188 231
Dogleg 188
C94 231 263
Dogleg 231
T6 263 310
Dogleg 263
C115 310 411
Dogleg 310
C68 411 465
Dogleg 411
T2 465 504
Dogleg 465
C22 504 517
Dogleg 504
C32 517 533
Dogleg 517
Net 125
C117 413 442
C62 442 465
Dogleg 442
C19 465 539
Dogleg 465
Net 126
C30 97 156
C95 156 171
Dogleg 156
C45 171 439
Dogleg 171
C11 439 448
Dogleg 439
C116 448 488
Dogleg 448
Net 127
C3 129 131
C94 131 202
Dogleg 131
C20 202 295
Dogleg 202
C50 295 317
Dogleg 295
B11 317 351
Dogleg 317
C23 351 358
Dogleg 351
B7 358 361
Dogleg 358
C54 361 492
Dogleg 361
T1 492 499
Dogleg 492
Net 128
C49 35 126
B8 126 178
Dogleg 126
C39 178 236
Dogleg 178
B0 236 242
Dogleg 236
C6 242 267
Dogleg 242
C79 267 301
Dogleg 267
C118 301 472
Dogleg 301
C36 472 525
Dogleg 472
