Channel density: 251
Net 1
C51 62 104
C114 104 350
Dogleg 104
C93 350 611
Dogleg 350
C235 611 649
Dogleg 611
C230 649 808
Dogleg 649
C112 808 1076
Dogleg 808
C55 1076 1234
Dogleg 1076
Net 2
C58 151 563
C118 563 634
Dogleg 563
C161 634 925
Dogleg 634
C138 925 1092
Dogleg 925
C99 1092 1137
Dogleg 1092
Net 3
C132 39 428
C98 428 503
Dogleg 428
C151 503 554
Dogleg 503
Net 4
C106 280 521
C72 521 599
Dogleg 521
C23 599 1203
Dogleg 599
Net 5
C194 285 527
C132 527 912
Dogleg 527
C106 912 972
Dogleg 912
C99 972 1025
Dogleg 972
C59 1025 1165
Dogleg 1025
Net 6
C153 30 186
C117 186 315
Dogleg 186
B3 315 323
Dogleg 315
C28 323 407
Dogleg 323
C77 407 579
Dogleg 407
C47 579 795
Dogleg 579
C153 795 1139
Dogleg 795
C145 1139 1160
Dogleg 1139
Net 7
C28 97 217
C230 217 326
Dogleg 217
C223 326 446
Dogleg 326
C232 446 748
Dogleg 446
C229 748 867
Dogleg 748
C174 867 933
Dogleg 867
C170 933 981
Dogleg 933
C106 981 1037
Dogleg 981
C64 1037 1059
Dogleg 1037
Net 8
C86 869 1103
Net 9
C222 429 828
Net 10
C46 73 571
C33 571 837
Dogleg 571
C24 837 1218
Dogleg 837
Net 11
C200 978 1046
Net 12
C205 196 763
C197 763 1144
Dogleg 763
Net 13
C153 344 440
C139 440 479
Dogleg 440
C83 479 617
Dogleg 479
Net 14
C107 181 194
C136 194 401
Dogleg 194
C59 401 619
Dogleg 401
C143 619 842
Dogleg 619
T3 842 843
Dogleg 842
C103 843 957
Dogleg 843
C11 957 1208
Dogleg 957
Net 15
C130 100 134
C129 134 187
Dogleg 134
C120 187 819
Dogleg 187
C18 819 1071
Dogleg 819
Net 16
C6 8 408
C243 408 422
Dogleg 408
C189 422 910
Dogleg 422
C68 910 1050
Dogleg 910
C52 1050 1055
Dogleg 1050
C26 1055 1112
Dogleg 1055
C200 1112 1123
Dogleg 1112
Net 17
C94 210 253
C192 253 620
Dogleg 253
C157 620 645
Dogleg 620
C138 645 901
Dogleg 645
B2 901 936
Dogleg 901
C8 936 944
Dogleg 936
C80 944 995
Dogleg 944
C58 995 1069
Dogleg 995
C53 1069 1133
Dogleg 1069
C8 1133 1179
Dogleg 1133
Net 18
C142 60 154
C135 154 391
Dogleg 154
C234 391 641
Dogleg 391
T2 641 642
Dogleg 641
C100 642 1034
Dogleg 642
C28 1034 1047
Dogleg 1034
C5 1047 1196
Dogleg 1047
Net 19
C56 177 263
C186 263 481
Dogleg 263
C130 481 498
Dogleg 481
C88 498 817
Dogleg 498
C52 817 1048
Dogleg 817
C8 1048 1090
Dogleg 1048
Net 20
C85 90 152
C105 152 549
Dogleg 152
C218 549 637
Dogleg 549
C198 637 726
Dogleg 637
C64 726 784
Dogleg 726
C48 784 822
Dogleg 784
C40 822 990
Dogleg 822
C163 990 1098
Dogleg 990
T5 1098 1114
Dogleg 1098
Net 21
C83 230 417
B0 417 427
Dogleg 417
C49 427 1150
Dogleg 427
Net 22
C198 170 239
C218 239 327
Dogleg 239
C236 327 559
Dogleg 327
C101 559 687
Dogleg 559
C90 687 825
Dogleg 687
C186 825 999
Dogleg 825
C70 999 1057
Dogleg 999
C28 1057 1194
Dogleg 1057
C21 1194 1202
Dogleg 1194
Net 23
C218 117 184
C98 184 282
Dogleg 184
C55 282 307
Dogleg 282
C220 307 543
Dogleg 307
C39 543 576
Dogleg 543
B0 576 676
Dogleg 576
C168 676 702
Dogleg 676
C156 702 770
Dogleg 702
C205 770 881
Dogleg 770
C152 881 1064
Dogleg 881
C150 1064 1078
Dogleg 1064
B3 1078 1126
Dogleg 1078
Net 24
C62 64 329
C93 329 342
Dogleg 329
C233 342 643
Dogleg 342
T2 643 692
Dogleg 643
C140 692 842
Dogleg 692
C34 842 872
Dogleg 842
C212 872 989
Dogleg 872
C211 989 1076
Dogleg 989
C134 1076 1168
Dogleg 1076
Net 25
C225 252 777
C5 777 881
Dogleg 777
Net 26
C89 165 294
C147 294 359
Dogleg 294
C224 359 431
Dogleg 359
C214 431 447
Dogleg 431
C223 447 606
Dogleg 447
C144 606 638
Dogleg 606
C89 638 705
Dogleg 638
C37 705 728
Dogleg 705
C121 728 1171
Dogleg 728
C52 1171 1178
Dogleg 1171
Net 27
C43 44 107
C3 107 432
Dogleg 107
C69 432 1036
Dogleg 432
Net 28
C8 301 340
C142 340 633
Dogleg 340
C138 633 639
Dogleg 633
C91 639 1001
Dogleg 639
C204 1001 1095
Dogleg 1001
Net 29
C79 12 163
C45 163 216
Dogleg 163
C34 216 250
Dogleg 216
C18 250 581
Dogleg 250
C55 581 646
Dogleg 581
T0 646 800
Dogleg 646
C130 800 847
Dogleg 800
C106 847 909
Dogleg 847
C56 909 1109
Dogleg 909
Net 30
C70 94 273
C55 273 281
Dogleg 273
C19 281 470
Dogleg 281
C104 470 695
Dogleg 470
C184 695 755
Dogleg 695
C213 755 802
Dogleg 755
C212 802 846
Dogleg 802
C29 846 1010
Dogleg 846
C139 1010 1092
Dogleg 1010
Net 31
C55 311 493
B0 493 573
Dogleg 493
C144 573 601
Dogleg 573
C200 601 877
Dogleg 601
C178 877 1029
Dogleg 877
C160 1029 1105
Dogleg 1029
C190 1105 1155
Dogleg 1105
Net 32
C153 232 251
C31 251 381
Dogleg 251
C217 381 823
Dogleg 381
C48 823 952
Dogleg 823
Net 33
C91 78 162
C103 162 349
Dogleg 162
C184 349 374
Dogleg 349
T0 374 462
Dogleg 374
C239 462 499
Dogleg 462
C102 499 699
Dogleg 499
C157 699 856
Dogleg 699
C139 856 941
Dogleg 856
C60 941 1088
Dogleg 941
Net 34
C77 85 118
T5 118 146
Dogleg 118
C95 146 513
Dogleg 146
C214 513 566
Dogleg 513
C134 566 704
Dogleg 566
B3 704 883
Dogleg 704
C81 883 942
Dogleg 883
C7 942 951
Dogleg 942
C147 951 1052
Dogleg 951
C144 1052 1169
Dogleg 1052
C49 1169 1222
Dogleg 1169
C47 1222 1227
Dogleg 1222
Net 35
C33 37 472
B5 472 474
Dogleg 472
C33 474 569
Dogleg 474
C139 569 849
Dogleg 569
C130 849 878
Dogleg 849
C182 878 983
Dogleg 878
C119 983 988
Dogleg 983
C149 988 1228
Dogleg 988
T4 1228 1242
Dogleg 1228
Net 36
C1 2 58
C149 58 129
Dogleg 58
T2 129 138
Dogleg 129
C94 138 209
Dogleg 138
C151 209 489
Dogleg 209
C114 489 830
Dogleg 489
Net 37
C12 136 530
C241 530 667
Dogleg 530
C51 667 1007
Dogleg 667
C83 1007 1012
Dogleg 1007
Net 38
C39 579 1176
Net 39
C17 20 36
C80 36 274
Dogleg 36
C70 274 325
Dogleg 274
B3 325 441
Dogleg 325
C146 441 618
Dogleg 441
C32 618 620
Dogleg 618
C153 620 791
Dogleg 620
C225 791 846
Dogleg 791
C219 846 979
Dogleg 846
C103 979 1039
Dogleg 979
Net 40
C48 112 183
C126 183 455
Dogleg 183
C25 455 799
Dogleg 455
C75 799 1063
Dogleg 799
C132 1063 1156
Dogleg 1063
Net 41
T2 0 101
C34 101 103
Dogleg 101
C172 103 327
Dogleg 103
C215 327 430
Dogleg 327
C213 430 568
Dogleg 430
C58 568 673
Dogleg 568
C128 673 757
Dogleg 673
C53 757 976
Dogleg 757
C47 976 1146
Dogleg 976
C38 1146 1219
Dogleg 1146
Net 42
C166 130 166
C91 166 416
Dogleg 166
C97 416 574
Dogleg 416
C212 574 796
Dogleg 574
C109 796 1134
Dogleg 796
C20 1134 1214
Dogleg 1134
Net 43
C125 440 963
C61 963 1052
Dogleg 963
C137 1052 1168
Dogleg 1052
T7 1168 1216
Dogleg 1168
Net 44
C115 367 745
C98 745 1060
Dogleg 745
C7 1060 1130
Dogleg 1060
Net 45
C36 139 510
C165 510 1024
Dogleg 510
Net 46
C58 689 709
Net 47
C119 93 700
C173 700 966
Dogleg 700
Net 48
C23 43 91
C128 91 134
Dogleg 91
C5 134 547
Dogleg 134
C209 547 656
Dogleg 547
C149 656 709
Dogleg 656
C134 709 925
Dogleg 709
C126 925 1089
Dogleg 925
C198 1089 1151
Dogleg 1089
C27 1151 1216
Dogleg 1151
Net 49
C122 174 488
C21 488 737
Dogleg 488
C141 737 1002
Dogleg 737
C155 1002 1066
Dogleg 1002
T4 1066 1149
Dogleg 1066
C159 1149 1235
Dogleg 1149
Net 50
C138 109 589
C169 589 1193
Dogleg 589
C51 1193 1223
Dogleg 1193
Net 51
C163 424 679
C188 679 1115
Dogleg 679
Net 52
C19 22 270
C7 270 308
Dogleg 270
C47 308 352
Dogleg 308
C182 352 510
Dogleg 352
C174 510 511
Dogleg 510
C241 511 518
Dogleg 511
T7 518 556
Dogleg 518
T8 556 558
Dogleg 556
C100 558 632
Dogleg 558
C57 632 658
Dogleg 632
C201 658 803
Dogleg 658
C54 803 904
Dogleg 803
C199 904 911
Dogleg 904
C189 911 1009
Dogleg 911
Net 53
C195 266 604
C6 604 1207
Dogleg 604
Net 54
C71 6 244
C179 244 437
Dogleg 244
C89 437 623
Dogleg 437
C59 623 742
Dogleg 623
C38 742 954
Dogleg 742
C185 954 1005
Dogleg 954
C141 1005 1106
Dogleg 1005
Net 55
C41 41 1081
C19 1081 1185
Dogleg 1081
Net 56
B2 725 823
Net 57
C228 133 159
C133 159 428
Dogleg 159
C168 428 433
Dogleg 428
C152 433 776
Dogleg 433
C151 776 965
Dogleg 776
C62 965 1091
Dogleg 965
C8 1091 1132
Dogleg 1091
C7 1132 1210
Dogleg 1132
B2 1210 1229
Dogleg 1210
Net 58
C169 141 452
C165 452 506
Dogleg 452
C4 506 890
Dogleg 506
C203 890 1112
Dogleg 890
C201 1112 1116
Dogleg 1112
C98 1116 1137
Dogleg 1116
C53 1137 1190
Dogleg 1137
Net 59
C46 572 1171
Net 60
C4 5 13
C111 13 538
Dogleg 13
T3 538 550
Dogleg 538
C182 550 710
Dogleg 550
C149 710 811
Dogleg 710
C129 811 1201
Dogleg 811
Net 61
C35 38 72
C4 72 505
Dogleg 72
C239 505 539
Dogleg 505
C231 539 716
Dogleg 539
T3 716 782
Dogleg 716
C135 782 870
Dogleg 782
C9 870 932
Dogleg 870
C154 932 1136
Dogleg 932
T7 1136 1166
Dogleg 1136
C47 1166 1193
Dogleg 1166
C36 1193 1232
Dogleg 1193
Net 62
C42 221 583
C97 583 1122
Dogleg 583
Net 63
C17 101 1141
Net 64
C40 151 648
C218 648 898
Dogleg 648
Net 65
C47 46 121
C183 121 339
Dogleg 121
B0 339 363
Dogleg 339
C104 363 463
Dogleg 363
C200 463 582
Dogleg 463
C193 582 727
Dogleg 582
C79 727 748
Dogleg 727
C224 748 1119
Dogleg 748
C75 1119 1182
Dogleg 1119
Net 66
T7 1 10
C9 10 133
Dogleg 10
C227 133 375
Dogleg 133
C184 375 557
Dogleg 375
C90 557 685
Dogleg 557
C66 685 758
Dogleg 685
C24 758 836
Dogleg 758
C13 836 1128
Dogleg 836
Net 67
C83 88 160
C55 160 271
Dogleg 160
C19 271 280
Dogleg 271
C10 280 353
Dogleg 280
C69 353 423
Dogleg 353
C149 423 450
Dogleg 423
C193 450 557
Dogleg 450
C188 557 677
Dogleg 557
B0 677 950
Dogleg 677
C31 950 1061
Dogleg 950
C185 1061 1161
Dogleg 1061
B3 1161 1175
Dogleg 1161
C18 1175 1225
Dogleg 1175
Net 68
C187 55 317
C56 317 320
Dogleg 317
C45 320 938
Dogleg 320
T6 938 939
Dogleg 938
C181 939 1084
Dogleg 939
C170 1084 1135
Dogleg 1084
T8 1135 1188
Dogleg 1135
C29 1188 1209
Dogleg 1188
Net 69
C163 125 341
C209 341 355
Dogleg 341
C208 355 524
Dogleg 355
C61 524 818
Dogleg 524
C11 818 831
Dogleg 818
C222 831 872
Dogleg 831
C217 872 926
Dogleg 872
C209 926 1055
Dogleg 926
C63 1055 1124
Dogleg 1055
C133 1124 1201
Dogleg 1124
Net 70
C118 216 312
C209 312 333
Dogleg 312
C204 333 387
Dogleg 333
C44 387 472
Dogleg 387
T0 472 525
Dogleg 472
C106 525 838
Dogleg 525
C204 838 974
Dogleg 838
C198 974 1017
Dogleg 974
C87 1017 1214
Dogleg 1017
Net 71
C40 98 148
C99 148 345
Dogleg 148
C163 345 411
Dogleg 345
C207 411 439
Dogleg 411
C179 439 444
Dogleg 439
B1 444 517
Dogleg 444
C95 517 893
Dogleg 517
C71 893 927
Dogleg 893
C19 927 1027
Dogleg 927
C146 1027 1142
Dogleg 1027
C17 1142 1215
Dogleg 1142
Net 72
C42 44 64
C3 64 106
Dogleg 64
C131 106 225
Dogleg 106
C39 225 300
Dogleg 225
C176 300 393
Dogleg 300
C166 393 465
Dogleg 393
C31 465 938
Dogleg 465
B2 938 1068
Dogleg 938
C2 1068 1129
Dogleg 1068
B3 1129 1159
Dogleg 1129
Net 73
C65 75 610
C34 610 837
Dogleg 610
Net 74
C58 62 150
C26 150 848
Dogleg 150
C147 848 884
Dogleg 848
B3 884 988
Dogleg 884
C57 988 1192
Dogleg 988
C46 1192 1222
Dogleg 1192
Net 75
C34 104 213
C90 213 353
Dogleg 213
C75 353 534
Dogleg 353
C66 534 675
Dogleg 534
C58 675 688
Dogleg 675
C204 688 832
Dogleg 688
C192 832 878
Dogleg 832
C191 878 1003
Dogleg 878
C182 1003 1009
Dogleg 1003
C51 1009 1018
Dogleg 1009
C130 1018 1157
Dogleg 1018
Net 76
C7 9 267
C56 267 308
Dogleg 267
C207 308 410
Dogleg 308
C204 410 454
Dogleg 410
C179 454 459
Dogleg 454
C141 459 592
Dogleg 459
C103 592 833
Dogleg 592
B2 833 900
Dogleg 833
C26 900 915
Dogleg 900
Net 77
C73 9 245
C222 245 426
Dogleg 245
C235 426 518
Dogleg 426
C38 518 655
Dogleg 518
C144 655 756
Dogleg 655
C184 756 858
Dogleg 756
C157 858 950
Dogleg 858
C146 950 1026
Dogleg 950
C136 1026 1118
Dogleg 1026
C26 1118 1125
Dogleg 1118
Net 78
C161 120 266
C24 266 402
Dogleg 266
C196 402 516
Dogleg 402
C186 516 809
Dogleg 516
C182 809 824
Dogleg 809
C120 824 937
Dogleg 824
T7 937 944
Dogleg 937
C81 944 1070
Dogleg 944
T3 1070 1181
Dogleg 1070
Net 79
C194 996 1217
Net 80
C13 15 835
Net 81
C80 277 461
C1 461 594
Dogleg 461
C122 594 879
Dogleg 594
C65 879 1152
Dogleg 879
C30 1152 1172
Dogleg 1152
Net 82
C102 362 476
C209 476 533
Dogleg 476
T3 533 536
Dogleg 533
T2 536 559
Dogleg 536
C239 559 567
Dogleg 559
C22 567 613
Dogleg 567
C242 613 831
Dogleg 613
C226 831 871
Dogleg 831
C184 871 1198
Dogleg 871
Net 83
C102 181 358
C100 358 499
Dogleg 358
Net 84
C189 140 202
C8 202 296
Dogleg 202
C129 296 532
Dogleg 296
C122 532 590
Dogleg 532
C210 590 793
Dogleg 590
T2 793 807
Dogleg 793
C175 807 854
Dogleg 807
C206 854 1151
Dogleg 854
T4 1151 1226
Dogleg 1151
Net 85
C35 73 292
C250 292 597
Dogleg 292
C184 597 681
Dogleg 597
C96 681 984
Dogleg 681
C22 984 1240
Dogleg 984
Net 86
C30 32 119
C68 119 221
Dogleg 119
C52 221 512
Dogleg 221
C36 512 661
Dogleg 512
C213 661 717
Dogleg 661
C27 717 1083
Dogleg 717
C150 1083 1110
Dogleg 1083
T1 1110 1235
Dogleg 1110
Net 87
C129 198 293
C35 293 500
Dogleg 293
C130 500 561
Dogleg 500
C118 561 562
Dogleg 561
C228 562 568
Dogleg 562
C214 568 621
Dogleg 568
C192 621 826
Dogleg 621
C127 826 985
Dogleg 826
C96 985 1081
Dogleg 985
C67 1081 1153
Dogleg 1081
C33 1153 1173
Dogleg 1153
Net 88
C9 136 551
C5 551 776
Dogleg 551
C150 776 986
Dogleg 776
C123 986 1199
Dogleg 986
Net 89
C63 71 1019
Net 90
C53 51 78
C2 78 108
Dogleg 78
C145 108 277
Dogleg 108
C96 277 356
Dogleg 277
C90 356 538
Dogleg 356
C75 538 798
Dogleg 538
C210 798 853
Dogleg 798
T2 853 915
Dogleg 853
C50 915 1164
Dogleg 915
C42 1164 1195
Dogleg 1164
C28 1195 1205
Dogleg 1195
Net 91
C82 57 631
C50 631 914
Dogleg 631
Net 92
C10 11 278
C145 278 498
Dogleg 278
C136 498 621
Dogleg 498
C32 621 1053
Dogleg 621
Net 93
C148 129 306
C28 306 322
Dogleg 306
C27 322 376
Dogleg 322
C154 376 419
Dogleg 376
C91 419 628
Dogleg 419
C123 628 782
Dogleg 628
C68 782 908
Dogleg 782
C47 908 975
Dogleg 908
C26 975 1043
Dogleg 975
C91 1043 1167
Dogleg 1043
Net 94
C82 29 52
T0 52 89
Dogleg 52
C195 89 182
Dogleg 89
C87 182 342
Dogleg 182
C8 342 409
Dogleg 342
C6 409 443
Dogleg 409
C185 443 647
Dogleg 443
C178 647 820
Dogleg 647
C177 820 894
Dogleg 820
C108 894 1130
Dogleg 894
Net 95
C164 128 368
C159 368 393
Dogleg 368
C57 393 627
Dogleg 393
C16 627 953
Dogleg 627
B0 953 1206
Dogleg 953
Net 96
C125 197 315
C232 315 413
Dogleg 315
C109 413 794
Dogleg 413
C21 794 828
Dogleg 794
C221 828 1001
Dogleg 828
C205 1001 1022
Dogleg 1001
Net 97
C72 80 392
C70 392 473
Dogleg 392
C19 473 924
Dogleg 473
C66 924 1187
Dogleg 924
T3 1187 1215
Dogleg 1187
C20 1215 1233
Dogleg 1215
Net 98
C84 79 267
C57 267 343
Dogleg 267
C85 343 394
Dogleg 343
C159 394 1062
Dogleg 394
C125 1062 1143
Dogleg 1062
C122 1143 1156
Dogleg 1143
Net 99
C83 188 229
C131 229 475
Dogleg 229
C207 475 548
Dogleg 475
C164 548 841
Dogleg 548
C87 841 1008
Dogleg 841
C79 1008 1105
Dogleg 1008
C62 1105 1121
Dogleg 1105
Net 100
C142 214 304
C109 304 396
Dogleg 304
C85 396 525
Dogleg 396
C52 525 816
Dogleg 525
C3 816 902
Dogleg 816
C99 902 971
Dogleg 902
C89 971 1189
Dogleg 971
Net 101
C124 288 470
C113 470 800
Dogleg 470
C25 800 1233
Dogleg 800
Net 102
C83 29 79
C53 79 105
Dogleg 79
C51 105 350
Dogleg 105
C88 350 494
Dogleg 350
C122 494 531
Dogleg 494
C85 531 544
Dogleg 531
C55 544 548
Dogleg 544
C157 548 584
Dogleg 548
C148 584 650
Dogleg 584
C40 650 716
Dogleg 650
C116 716 970
Dogleg 716
T0 970 1218
Dogleg 970
Net 103
C129 91 116
C21 116 484
Dogleg 116
C123 484 623
Dogleg 484
C93 623 631
Dogleg 623
C87 631 712
Dogleg 631
B1 712 789
Dogleg 712
C64 789 827
Dogleg 789
C217 827 855
Dogleg 827
C167 855 997
Dogleg 855
C151 997 1029
Dogleg 997
C30 1029 1087
Dogleg 1029
C27 1087 1127
Dogleg 1087
Net 104
C108 53 334
C230 334 644
Dogleg 334
C118 644 898
Dogleg 644
C202 898 1175
Dogleg 898
Net 105
C150 319 769
C29 769 845
Dogleg 769
Net 106
C2 110 403
C1 403 443
Dogleg 403
B3 443 456
Dogleg 443
Net 107
C170 237 340
C143 340 359
Dogleg 340
C14 359 526
Dogleg 359
B3 526 560
Dogleg 526
C105 560 838
Dogleg 560
C73 838 1100
Dogleg 838
Net 108
C28 31 96
C23 96 397
Dogleg 96
C172 397 486
Dogleg 397
C186 486 515
Dogleg 486
C182 515 546
Dogleg 515
C76 546 664
Dogleg 546
C57 664 761
Dogleg 664
C207 761 803
Dogleg 761
T0 803 936
Dogleg 803
C142 936 1177
Dogleg 936
Net 109
C5 17 132
C110 132 556
Dogleg 132
C55 556 580
Dogleg 556
C228 580 855
Dogleg 580
C225 855 980
Dogleg 855
Net 110
C140 261 691
C101 691 1138
Dogleg 691
Net 111
T5 19 23
C23 23 42
Dogleg 23
C51 42 47
Dogleg 42
T1 47 140
Dogleg 47
C190 140 228
Dogleg 140
C28 228 305
Dogleg 228
C203 305 659
Dogleg 305
C157 659 693
Dogleg 659
C219 693 726
Dogleg 693
Net 112
C54 52 65
C199 65 903
Dogleg 65
C3 903 916
Dogleg 903
C2 916 1049
Dogleg 916
Net 113
C4 14 55
C186 55 223
Dogleg 55
C150 223 314
Dogleg 223
C118 314 487
Dogleg 314
C172 487 619
Dogleg 487
C146 619 862
Dogleg 619
B4 862 865
Dogleg 862
C146 865 939
Dogleg 865
C95 939 1051
Dogleg 939
C189 1051 1117
Dogleg 1051
Net 114
C155 28 287
C244 287 500
Dogleg 287
C145 500 905
Dogleg 500
C54 905 926
Dogleg 905
Net 115
C29 97 767
Net 116
C165 35 370
C11 370 812
Dogleg 370
C201 812 1011
Dogleg 812
C80 1011 1012
Dogleg 1011
C59 1012 1021
Dogleg 1012
C48 1021 1224
Dogleg 1021
Net 117
C98 689 744
C59 744 760
Dogleg 744
C119 760 942
Dogleg 760
C90 942 1113
Dogleg 942
C112 1113 1158
Dogleg 1113
Net 118
C156 26 701
C102 701 1104
Dogleg 701
C41 1104 1124
Dogleg 1104
Net 119
C174 272 290
C155 290 343
Dogleg 290
C87 343 384
Dogleg 343
B0 384 414
Dogleg 384
C8 414 762
Dogleg 414
C57 762 822
Dogleg 762
C172 822 857
Dogleg 822
C143 857 940
Dogleg 857
T0 940 964
Dogleg 940
C210 964 989
Dogleg 964
Net 120
C50 47 68
C204 68 332
Dogleg 68
C62 332 421
Dogleg 332
C136 421 497
Dogleg 421
C245 497 699
Dogleg 497
C163 699 741
Dogleg 699
C21 741 765
Dogleg 741
C198 765 951
Dogleg 765
C157 951 1098
Dogleg 951
C40 1098 1107
Dogleg 1098
C70 1107 1150
Dogleg 1107
Net 121
C85 153 323
C56 323 330
Dogleg 323
C7 330 606
Dogleg 330
C141 606 734
Dogleg 606
C94 734 1051
Dogleg 734
C19 1051 1080
Dogleg 1051
B2 1080 1178
Dogleg 1080
Net 122
C16 301 625
C108 625 891
Dogleg 625
C99 891 900
Dogleg 891
C34 900 1230
Dogleg 900
Net 123
C191 228 844
C105 844 1049
Dogleg 844
C10 1049 1212
Dogleg 1049
Net 124
C177 74 191
C11 191 369
Dogleg 191
C143 369 398
Dogleg 369
C135 398 764
Dogleg 398
C128 764 849
Dogleg 764
C26 849 897
Dogleg 849
T1 897 929
Dogleg 897
C132 929 977
Dogleg 929
C116 977 1096
Dogleg 977
C35 1096 1220
Dogleg 1096
Net 125
C12 8 131
C11 131 190
Dogleg 131
C121 190 258
Dogleg 190
C181 258 533
Dogleg 258
C53 533 597
Dogleg 533
C179 597 694
Dogleg 597
C173 694 697
Dogleg 694
C55 697 797
Dogleg 697
C47 797 906
Dogleg 797
Net 126
C25 27 454
C175 454 544
Dogleg 454
C86 544 868
Dogleg 544
Net 127
C56 105 170
C197 170 509
Dogleg 170
C161 509 555
Dogleg 509
C85 555 836
Dogleg 555
C64 836 1032
Dogleg 836
C99 1032 1060
Dogleg 1032
C113 1060 1155
Dogleg 1060
C41 1155 1166
Dogleg 1155
C37 1166 1226
Dogleg 1166
Net 128
C150 58 83
C173 83 670
Dogleg 83
C167 670 839
Dogleg 670
C85 839 906
Dogleg 839
C250 906 1116
Dogleg 906
C203 1116 1231
Dogleg 1116
B3 1231 1239
Dogleg 1231
Net 129
C44 45 385
Net 130
C168 17 422
B2 422 448
Dogleg 422
C6 448 574
Dogleg 448
C94 574 733
Dogleg 574
C190 733 946
Dogleg 733
C118 946 1054
Dogleg 946
C51 1054 1191
Dogleg 1054
C8 1191 1209
Dogleg 1191
Net 131
T3 93 152
C196 152 377
Dogleg 152
C27 377 564
Dogleg 377
C207 564 759
Dogleg 564
C163 759 928
Dogleg 759
Net 132
C121 287 388
C97 388 415
Dogleg 388
C210 415 575
Dogleg 415
C175 575 587
Dogleg 575
C147 587 847
Dogleg 587
C140 847 1177
Dogleg 847
Net 133
C217 117 326
C187 326 589
Dogleg 326
C175 589 651
Dogleg 589
C170 651 704
Dogleg 651
C168 704 810
Dogleg 704
C113 810 896
Dogleg 810
C33 896 1069
Dogleg 896
B2 1069 1072
Dogleg 1069
Net 134
C202 123 225
C137 225 291
Dogleg 225
C116 291 641
Dogleg 291
C211 641 955
Dogleg 641
Net 135
C66 75 521
Net 136
T5 384 390
C121 390 491
Dogleg 390
T1 491 505
Dogleg 491
C240 505 941
Dogleg 505
C143 941 1139
Dogleg 941
Net 137
C152 30 209
C189 209 339
Dogleg 209
C185 339 371
Dogleg 339
C117 371 504
Dogleg 371
C221 504 827
Dogleg 504
C219 827 835
Dogleg 827
C57 835 986
Dogleg 835
Net 138
C205 102 192
C124 192 285
Dogleg 192
C193 285 449
Dogleg 285
B2 449 480
Dogleg 449
C92 480 732
Dogleg 480
C67 732 955
Dogleg 732
C190 955 1104
Dogleg 955
C105 1104 1176
Dogleg 1104
C43 1176 1185
Dogleg 1176
Net 139
T6 109 121
C184 121 295
Dogleg 121
C89 295 434
Dogleg 295
C3 434 451
Dogleg 434
C149 451 638
Dogleg 451
T3 638 708
Dogleg 638
C126 708 920
Dogleg 708
C122 920 1108
Dogleg 920
C40 1108 1239
Dogleg 1108
Net 140
C89 33 162
C39 162 222
Dogleg 162
C101 222 246
Dogleg 222
C73 246 367
Dogleg 246
C48 367 413
Dogleg 367
B1 413 442
Dogleg 413
C168 442 612
Dogleg 442
C117 612 840
Dogleg 612
C33 840 895
Dogleg 840
C11 895 956
Dogleg 895
C7 956 1056
Dogleg 956
Net 141
C21 24 115
C154 115 186
Dogleg 115
C231 186 529
Dogleg 186
B4 529 561
Dogleg 529
C111 561 588
Dogleg 561
C77 588 719
Dogleg 588
C40 719 798
Dogleg 719
C62 798 953
Dogleg 798
C44 953 1129
Dogleg 953
C13 1129 1169
Dogleg 1129
Net 142
C34 38 86
C167 86 654
Dogleg 86
C142 654 660
Dogleg 654
C51 660 665
Dogleg 660
C42 665 753
Dogleg 665
C233 753 779
Dogleg 753
C152 779 880
Dogleg 779
C66 880 923
Dogleg 880
C59 923 1008
Dogleg 923
C20 1008 1131
Dogleg 1008
C2 1131 1204
Dogleg 1131
Net 143
C170 345 626
C83 626 961
Dogleg 626
Net 144
C130 887 1015
Net 145
C175 877 1074
Net 146
C88 59 346
C183 346 397
Dogleg 346
C227 397 786
Dogleg 397
C179 786 1003
Dogleg 786
C119 1003 1102
Dogleg 1003
C103 1102 1186
Dogleg 1102
B2 1186 1196
Dogleg 1186
Net 147
C37 34 139
C221 139 373
Dogleg 139
C152 373 430
Dogleg 373
C211 430 624
Dogleg 430
C202 624 801
Dogleg 624
C40 801 821
Dogleg 801
C88 821 960
Dogleg 821
C77 960 1077
Dogleg 960
T1 1077 1108
Dogleg 1077
C139 1108 1238
Dogleg 1108
Net 148
C24 25 187
C118 187 215
Dogleg 187
C147 215 293
Dogleg 215
C200 293 349
Dogleg 293
C198 349 636
Dogleg 349
C80 636 663
Dogleg 636
C79 663 723
Dogleg 663
C208 723 890
Dogleg 723
C205 890 965
Dogleg 890
C196 965 1123
Dogleg 965
C38 1123 1141
Dogleg 1123
C62 1141 1164
Dogleg 1141
Net 149
C174 83 268
C161 268 477
Dogleg 268
C124 477 668
Dogleg 477
C80 668 788
Dogleg 668
C54 788 802
Dogleg 788
C202 802 894
Dogleg 802
C192 894 1095
Dogleg 894
C33 1095 1146
Dogleg 1095
Net 150
C54 66 125
C162 125 1186
Dogleg 125
Net 151
C106 179 271
C76 271 467
Dogleg 271
C166 467 479
Dogleg 467
C161 479 495
Dogleg 479
C55 495 539
Dogleg 495
C228 539 549
Dogleg 539
C220 549 697
Dogleg 549
C175 697 780
Dogleg 697
C62 780 790
Dogleg 780
C107 790 1057
Dogleg 790
C80 1057 1184
Dogleg 1057
Net 152
C92 734 1180
Net 153
C57 42 177
C115 177 338
Dogleg 177
C113 338 468
Dogleg 338
C215 468 513
Dogleg 468
C244 513 752
Dogleg 513
C232 752 766
Dogleg 752
C8 766 885
Dogleg 766
C122 885 908
Dogleg 885
C208 908 1030
Dogleg 908
C80 1030 1047
Dogleg 1030
C103 1047 1082
Dogleg 1047
C85 1082 1086
Dogleg 1082
C45 1086 1192
Dogleg 1086
Net 154
C70 70 92
C146 92 185
Dogleg 92
C116 185 290
Dogleg 185
C53 290 324
Dogleg 290
C213 324 387
Dogleg 324
C209 387 431
Dogleg 387
C62 431 722
Dogleg 431
C77 722 758
Dogleg 722
C70 758 994
Dogleg 758
C55 994 1075
Dogleg 994
C118 1075 1134
Dogleg 1075
Net 155
C69 180 256
C180 256 288
Dogleg 256
C171 288 492
Dogleg 288
C121 492 720
Dogleg 492
C58 720 991
Dogleg 720
B3 991 1018
Dogleg 991
C9 1018 1208
Dogleg 1018
Net 156
C185 77 333
C68 333 528
Dogleg 333
C14 528 1006
Dogleg 528
Net 157
C61 258 311
C208 311 344
Dogleg 311
C155 344 368
Dogleg 344
C73 368 400
Dogleg 368
C176 400 477
Dogleg 400
C243 477 714
Dogleg 477
C170 714 918
Dogleg 714
C118 918 945
Dogleg 918
C8 945 1044
Dogleg 945
C127 1044 1093
Dogleg 1044
T2 1093 1203
Dogleg 1093
Net 158
C14 15 358
Net 159
C51 50 57
C4 57 70
Dogleg 57
C69 70 178
Dogleg 70
C188 178 299
Dogleg 178
C184 299 347
Dogleg 299
C218 347 524
Dogleg 347
T4 524 553
Dogleg 524
C197 553 736
Dogleg 553
C127 736 816
Dogleg 736
T3 816 818
Dogleg 816
C127 818 819
Dogleg 818
T3 819 829
Dogleg 819
C90 829 937
Dogleg 829
Net 160
C178 191 637
C82 637 1048
Dogleg 637
C53 1048 1065
Dogleg 1048
C31 1065 1159
Dogleg 1065
Net 161
C54 145 254
C34 254 605
Dogleg 254
C213 605 658
Dogleg 605
C209 658 707
Dogleg 658
C89 707 771
Dogleg 707
C77 771 948
Dogleg 771
C22 948 982
Dogleg 948
C113 982 1059
Dogleg 982
Net 162
C11 11 127
B0 127 142
Dogleg 127
C141 142 433
Dogleg 142
B0 433 435
Dogleg 433
C73 435 814
Dogleg 435
C168 814 834
Dogleg 814
C11 834 891
Dogleg 834
C4 891 1114
Dogleg 891
Net 163
C24 188 264
C121 264 273
Dogleg 264
C212 273 441
Dogleg 273
C153 441 591
Dogleg 441
C111 591 771
Dogleg 591
C110 771 773
Dogleg 771
C56 773 907
Dogleg 773
C180 907 932
Dogleg 907
C161 932 1094
Dogleg 932
C191 1094 1161
Dogleg 1094
Net 164
C52 113 219
C45 219 318
Dogleg 219
C117 318 329
Dogleg 318
C107 329 362
Dogleg 329
C103 362 591
Dogleg 362
C98 591 686
Dogleg 591
C234 686 773
Dogleg 686
C232 773 808
Dogleg 773
T2 808 852
Dogleg 808
C128 852 966
Dogleg 852
C67 966 1011
Dogleg 966
C29 1011 1187
Dogleg 1011
Net 165
C16 18 297
C137 297 330
Dogleg 297
C117 330 363
Dogleg 330
C200 363 444
Dogleg 363
C180 444 749
Dogleg 444
C163 749 757
Dogleg 749
C144 757 1043
Dogleg 757
C100 1043 1102
Dogleg 1043
Net 166
C229 159 173
C214 173 412
Dogleg 173
C143 412 436
Dogleg 412
C141 436 457
Dogleg 436
C137 457 962
Dogleg 457
C48 962 1020
Dogleg 962
B3 1020 1073
Dogleg 1020
C182 1073 1084
Dogleg 1073
C205 1084 1231
Dogleg 1084
Net 167
C201 169 463
T0 463 464
Dogleg 463
C204 464 478
Dogleg 464
C70 478 752
Dogleg 478
C231 752 956
Dogleg 752
C16 956 1207
Dogleg 956
Net 168
T1 0 45
C45 45 160
Dogleg 45
C18 160 249
Dogleg 160
C219 249 678
Dogleg 249
C64 678 718
Dogleg 678
C179 718 769
Dogleg 718
C154 769 916
Dogleg 769
C26 916 973
Dogleg 916
C173 973 1024
Dogleg 973
C167 1024 1067
Dogleg 1024
C32 1067 1080
Dogleg 1067
C58 1080 1191
Dogleg 1080
T8 1191 1221
Dogleg 1191
Net 169
C3 5 60
C1 60 401
Dogleg 60
B1 401 410
Dogleg 401
C183 410 495
Dogleg 410
C171 495 743
Dogleg 495
C209 743 839
Dogleg 743
C168 839 1038
Dogleg 839
C88 1038 1053
Dogleg 1038
C61 1053 1162
Dogleg 1053
C31 1162 1197
Dogleg 1162
Net 170
B0 2 89
C194 89 283
Dogleg 89
C228 283 453
Dogleg 283
C169 453 575
Dogleg 453
C158 575 1154
Dogleg 575
Net 171
C142 316 336
C137 336 456
Dogleg 336
C126 456 702
Dogleg 456
C119 702 755
Dogleg 702
C180 755 905
Dogleg 755
C177 905 1068
Dogleg 905
C52 1068 1149
Dogleg 1068
Net 172
B0 144 156
C103 156 157
Dogleg 156
C157 157 519
Dogleg 157
T6 519 547
Dogleg 519
C216 547 725
Dogleg 547
C62 725 778
Dogleg 725
C219 778 824
Dogleg 778
C185 824 943
Dogleg 824
C9 943 1017
Dogleg 943
C80 1017 1020
Dogleg 1017
C51 1020 1050
Dogleg 1020
C2 1050 1066
Dogleg 1050
C148 1066 1138
Dogleg 1066
Net 173
C175 69 439
C143 439 552
Dogleg 439
C9 552 577
Dogleg 552
C6 577 603
Dogleg 577
C204 603 679
Dogleg 603
C203 679 865
Dogleg 679
C172 865 871
Dogleg 865
C135 871 886
Dogleg 871
C8 886 930
Dogleg 886
C134 930 960
Dogleg 930
C103 960 968
Dogleg 960
Net 174
C148 655 851
C117 851 1099
Dogleg 851
C60 1099 1236
Dogleg 1099
Net 175
C49 50 66
C42 66 95
Dogleg 66
C87 95 135
Dogleg 95
C78 135 531
Dogleg 135
C12 531 695
Dogleg 531
C93 695 1079
Dogleg 695
C147 1079 1142
Dogleg 1079
C200 1142 1174
Dogleg 1142
C30 1174 1210
Dogleg 1174
C23 1210 1240
Dogleg 1210
Net 176
C74 81 176
C128 176 336
Dogleg 176
C70 336 388
Dogleg 336
C22 388 509
Dogleg 388
C117 509 609
Dogleg 509
C71 609 804
Dogleg 609
C55 804 913
Dogleg 804
C199 913 943
Dogleg 913
C187 943 959
Dogleg 943
C136 959 969
Dogleg 959
C83 969 1004
Dogleg 969
Net 177
C32 131 262
C182 262 298
Dogleg 262
C174 298 501
Dogleg 298
C100 501 545
Dogleg 501
C249 545 632
Dogleg 545
C110 632 767
Dogleg 632
C235 767 779
Dogleg 767
C234 779 833
Dogleg 779
C114 833 1023
Dogleg 833
C45 1023 1085
Dogleg 1023
Net 178
C56 609 772
Net 179
C67 61 730
C37 730 735
Dogleg 730
Net 180
C59 48 398
C130 398 475
Dogleg 398
C44 475 501
Dogleg 475
C35 501 512
Dogleg 501
C22 512 566
Dogleg 512
C130 566 787
Dogleg 566
C89 787 964
Dogleg 787
C30 964 1028
Dogleg 964
C19 1028 1038
Dogleg 1028
C69 1038 1205
Dogleg 1038
C31 1205 1232
Dogleg 1205
Net 181
C22 23 223
C68 223 328
Dogleg 223
C217 328 364
Dogleg 328
B0 364 383
Dogleg 364
C185 383 442
Dogleg 383
C224 442 507
Dogleg 442
C212 507 569
Dogleg 507
C143 569 608
Dogleg 569
C7 608 813
Dogleg 608
C149 813 967
Dogleg 813
Net 182
C8 10 201
C96 201 276
Dogleg 201
T0 276 371
Dogleg 276
C202 371 618
Dogleg 371
C229 618 643
Dogleg 618
C116 643 715
Dogleg 643
C87 715 829
Dogleg 715
C21 829 1125
Dogleg 829
Net 183
C36 39 120
C160 120 483
Dogleg 120
C108 483 614
Dogleg 483
C37 614 633
Dogleg 614
C136 633 738
Dogleg 633
C37 738 920
Dogleg 738
C80 920 935
Dogleg 920
C71 935 1167
Dogleg 935
C41 1167 1236
Dogleg 1167
B2 1236 1241
Dogleg 1236
Net 184
T7 21 26
C157 26 150
Dogleg 26
C224 150 337
Dogleg 150
C128 337 411
Dogleg 337
C107 411 427
Dogleg 411
C51 427 550
Dogleg 427
C181 550 922
Dogleg 550
C55 922 992
Dogleg 922
C40 992 1087
Dogleg 992
C68 1087 1199
Dogleg 1087
Net 185
T6 14 33
C90 33 212
Dogleg 33
C140 212 257
Dogleg 212
C107 257 281
Dogleg 257
C146 281 438
Dogleg 281
C133 438 1111
Dogleg 438
C73 1111 1152
Dogleg 1111
C146 1152 1160
Dogleg 1152
Net 186
C5 3 16
C176 16 74
Dogleg 16
C64 74 260
Dogleg 74
C54 260 729
Dogleg 260
C182 729 806
Dogleg 729
C71 806 892
Dogleg 806
C135 892 1206
Dogleg 892
T5 1206 1213
Dogleg 1206
Net 187
C39 40 161
C216 161 485
Dogleg 161
C131 485 1211
Dogleg 485
Net 188
C69 260 347
C57 347 392
Dogleg 347
C56 392 570
Dogleg 392
C27 570 711
Dogleg 570
B2 711 724
Dogleg 711
C209 724 736
Dogleg 724
C198 736 740
Dogleg 736
C193 740 974
Dogleg 740
C128 974 1110
Dogleg 974
C56 1110 1179
Dogleg 1110
C33 1179 1211
Dogleg 1179
Net 189
C149 218 386
T1 386 488
Dogleg 386
C132 488 516
Dogleg 488
C183 516 899
Dogleg 516
C147 899 949
Dogleg 899
C139 949 1005
Dogleg 949
Net 190
C19 1194 1237
Net 191
C237 449 980
Net 192
C211 32 415
Net 193
C60 53 935
C3 935 1241
Dogleg 935
Net 194
T6 4 13
C112 13 670
Dogleg 13
C166 670 1040
Dogleg 670
Net 195
C31 34 248
C101 248 473
Dogleg 248
C76 473 536
Dogleg 473
C68 536 754
Dogleg 536
C171 754 1063
Dogleg 754
T5 1063 1096
Dogleg 1063
Net 196
C96 147 164
C79 164 657
Dogleg 164
C38 657 740
Dogleg 657
C18 740 817
Dogleg 740
C7 817 940
Dogleg 817
Net 197
C83 165 185
B0 185 246
Dogleg 185
C71 246 523
Dogleg 246
B4 523 527
Dogleg 523
B2 527 558
Dogleg 527
C94 558 571
Dogleg 558
C56 571 607
Dogleg 571
C248 607 750
Dogleg 607
C79 750 996
Dogleg 750
C193 996 1115
Dogleg 996
T5 1115 1200
Dogleg 1115
C26 1200 1202
Dogleg 1200
Net 198
C159 234 361
C147 361 584
Dogleg 361
C128 584 671
Dogleg 584
C124 671 1101
Dogleg 671
Net 199
C109 63 299
C182 299 351
Dogleg 299
C51 351 374
Dogleg 351
C155 374 523
Dogleg 374
C224 523 693
Dogleg 523
T2 693 790
Dogleg 693
T3 790 812
Dogleg 790
C207 812 987
Dogleg 812
C125 987 1036
Dogleg 987
C85 1036 1074
Dogleg 1036
C64 1074 1162
Dogleg 1074
C63 1162 1184
Dogleg 1162
Net 200
C40 40 90
B0 90 124
Dogleg 90
C77 124 309
Dogleg 124
C7 309 328
Dogleg 309
C53 328 522
Dogleg 328
T5 522 551
Dogleg 522
C51 551 659
Dogleg 551
C154 659 768
Dogleg 659
C21 768 793
Dogleg 768
B1 793 1200
Dogleg 793
Net 201
C74 453 681
C66 681 684
Dogleg 681
C10 684 1019
Dogleg 684
Net 202
C74 180 452
C3 452 807
Dogleg 452
C156 807 1040
Dogleg 807
Net 203
C92 95 466
C80 466 577
Dogleg 466
C148 577 583
Dogleg 577
C251 583 750
Dogleg 583
C249 750 1016
Dogleg 750
C67 1016 1072
Dogleg 1016
C18 1072 1174
Dogleg 1072
C13 1174 1228
Dogleg 1174
C140 1228 1238
Dogleg 1228
Net 204
C17 37 100
C102 100 179
Dogleg 100
C57 179 265
Dogleg 179
C190 265 595
Dogleg 265
C1 595 1198
Dogleg 595
Net 205
C107 284 321
B0 321 338
Dogleg 321
C108 338 480
Dogleg 338
C101 480 554
Dogleg 480
C37 554 612
Dogleg 554
C110 612 630
Dogleg 612
C18 630 739
Dogleg 630
C136 739 958
Dogleg 739
C38 958 1119
Dogleg 958
C4 1119 1230
Dogleg 1119
Net 206
C52 51 102
C203 102 137
Dogleg 102
C97 137 380
Dogleg 137
C235 380 391
Dogleg 380
T5 391 405
Dogleg 391
C73 405 419
Dogleg 405
C32 419 614
Dogleg 419
C22 614 931
Dogleg 614
C54 931 1219
Dogleg 931
T3 1219 1229
Dogleg 1219
Net 207
C29 7 96
T0 96 114
Dogleg 96
C159 114 130
Dogleg 114
C93 130 313
Dogleg 130
C148 313 552
Dogleg 313
C194 552 990
Dogleg 552
C170 990 1023
Dogleg 990
C134 1023 1026
Dogleg 1023
C63 1026 1042
Dogleg 1026
C14 1042 1197
Dogleg 1042
Net 208
C147 92 168
C96 168 200
Dogleg 168
C146 200 278
Dogleg 200
C198 278 346
Dogleg 278
C189 346 416
Dogleg 346
C128 416 582
Dogleg 416
C18 582 626
Dogleg 582
C2 626 912
Dogleg 626
C85 912 1004
Dogleg 912
C127 1004 1034
Dogleg 1004
C114 1034 1213
Dogleg 1034
C21 1213 1237
Dogleg 1213
Net 209
C134 241 520
C215 520 887
Dogleg 520
Net 210
T4 126 148
C100 148 268
Dogleg 148
C32 268 414
Dogleg 268
C28 414 874
Dogleg 414
C172 874 1183
Dogleg 874
T6 1183 1221
Dogleg 1183
Net 211
C107 195 255
C153 255 318
Dogleg 255
C125 318 438
Dogleg 318
C99 438 502
Dogleg 438
C44 502 933
Dogleg 502
C163 933 969
Dogleg 933
C137 969 1045
Dogleg 969
C186 1045 1131
Dogleg 1045
Net 212
C139 205 436
B0 436 491
Dogleg 436
C118 491 532
Dogleg 491
C47 532 578
Dogleg 532
C9 578 867
Dogleg 578
Net 213
C56 56 98
C42 98 220
Dogleg 98
C154 220 375
Dogleg 220
C51 375 423
Dogleg 375
C48 423 783
Dogleg 423
C195 783 1031
Dogleg 783
C151 1031 1111
Dogleg 1031
C138 1111 1148
Dogleg 1111
Net 214
C87 138 145
C230 145 176
Dogleg 145
C130 176 389
Dogleg 176
C31 389 462
Dogleg 389
C238 462 644
Dogleg 462
T1 644 698
Dogleg 644
C104 698 1136
Dogleg 698
C21 1136 1188
Dogleg 1136
Net 215
C81 1 238
C38 238 515
Dogleg 238
C176 515 786
Dogleg 515
C20 786 1007
Dogleg 786
C14 1007 1037
Dogleg 1007
Net 216
C38 41 114
C158 114 274
Dogleg 114
C84 274 764
Dogleg 274
C59 764 919
Dogleg 764
Net 217
C30 122 963
Net 218
T0 3 49
C143 49 325
Dogleg 49
C77 325 331
Dogleg 325
C61 331 514
Dogleg 331
C35 514 1071
Dogleg 514
T2 1071 1090
Dogleg 1071
C30 1090 1140
Dogleg 1090
T6 1140 1180
Dogleg 1140
Net 219
C2 4 76
C68 76 113
Dogleg 76
C53 113 218
Dogleg 113
C28 218 227
Dogleg 218
C171 227 279
Dogleg 227
C229 279 580
Dogleg 279
C246 580 652
Dogleg 580
C55 652 692
Dogleg 652
C107 692 789
Dogleg 692
C80 789 918
Dogleg 789
C3 918 928
Dogleg 918
C160 928 1022
Dogleg 928
Net 220
C177 239 815
C213 815 910
Dogleg 815
Net 221
C98 147 171
C113 171 337
Dogleg 171
C77 337 394
Dogleg 337
C72 394 496
Dogleg 394
C204 496 598
Dogleg 496
C190 598 706
Dogleg 598
B4 706 858
Dogleg 706
C148 858 1064
Dogleg 858
C145 1064 1118
Dogleg 1064
Net 222
C50 71 508
C99 508 888
Dogleg 508
Net 223
C188 304 507
C98 507 585
Dogleg 507
C42 585 664
Dogleg 585
C36 664 1181
Dogleg 664
Net 224
C137 199 224
C22 224 379
Dogleg 224
C164 379 514
Dogleg 379
T8 514 555
Dogleg 514
C174 555 851
Dogleg 555
C164 851 945
Dogleg 851
C119 945 961
Dogleg 945
C88 961 1000
Dogleg 961
C72 1000 1077
Dogleg 1000
Net 225
C56 331 386
C87 386 600
Dogleg 386
C72 600 671
Dogleg 600
C112 671 794
Dogleg 671
C110 794 1158
Dogleg 794
Net 226
C87 146 175
C47 175 298
Dogleg 175
C158 298 560
Dogleg 298
C110 560 610
Dogleg 560
C87 610 615
Dogleg 610
C65 615 876
Dogleg 615
C34 876 893
Dogleg 876
Net 227
T7 12 20
C48 20 111
Dogleg 20
C193 111 283
Dogleg 111
C98 283 426
Dogleg 283
C39 426 541
Dogleg 426
C208 541 696
Dogleg 541
C12 696 1242
Dogleg 696
Net 228
C134 198 240
C81 240 882
Dogleg 240
C5 882 1042
Dogleg 882
Net 229
C76 84 270
C64 270 674
Dogleg 270
C185 674 805
Dogleg 674
C111 805 1157
Dogleg 805
C44 1157 1190
Dogleg 1157
Net 230
C75 84 348
C172 348 389
Dogleg 348
C144 389 537
Dogleg 389
C71 537 600
Dogleg 537
C53 600 754
Dogleg 600
C42 754 1163
Dogleg 754
Net 231
C220 249 269
C100 269 356
Dogleg 269
C99 356 435
Dogleg 356
C132 435 484
Dogleg 435
C160 484 911
Dogleg 484
C183 911 1147
Dogleg 911
C26 1147 1195
Dogleg 1147
Net 232
C86 94 542
C155 542 972
Dogleg 542
Net 233
C78 7 124
T6 124 137
Dogleg 124
C206 137 853
Dogleg 137
Net 234
C27 31 46
C46 46 72
Dogleg 46
C144 72 385
Dogleg 72
T4 385 406
Dogleg 385
C24 406 756
Dogleg 406
C68 756 774
Dogleg 756
C216 774 946
Dogleg 774
C199 946 1145
Dogleg 946
Net 235
C38 144 236
C251 236 418
Dogleg 236
C83 418 464
Dogleg 418
C201 464 653
Dogleg 464
C107 653 663
Dogleg 653
C142 663 934
Dogleg 663
C174 934 1067
Dogleg 934
C168 1067 1135
Dogleg 1067
Net 236
C226 103 791
Net 237
C104 156 357
C96 357 675
Dogleg 357
C72 675 997
Dogleg 675
C150 997 1027
Dogleg 997
Net 238
C15 322 1212
Net 239
C49 68 424
C154 424 640
Dogleg 424
C93 640 694
Dogleg 640
C172 694 820
Dogleg 694
C61 820 949
Dogleg 820
C120 949 1143
Dogleg 949
Net 240
C15 18 319
B2 319 420
Dogleg 319
C242 420 602
Dogleg 420
C20 602 666
Dogleg 602
C76 666 1227
Dogleg 666
C48 1227 1234
Dogleg 1227
Net 241
C55 56 158
C123 158 481
Dogleg 158
C102 481 497
Dogleg 481
C72 497 520
Dogleg 497
B1 520 565
Dogleg 520
C129 565 809
Dogleg 565
C176 809 1015
Dogleg 809
C132 1015 1058
Dogleg 1015
C82 1058 1093
Dogleg 1058
C126 1093 1107
Dogleg 1093
C72 1107 1128
Dogleg 1107
Net 242
C223 81 303
C39 303 405
Dogleg 303
C2 405 624
Dogleg 405
C195 624 781
Dogleg 624
C223 781 903
Dogleg 781
C200 903 921
Dogleg 903
C37 921 1165
Dogleg 921
Net 243
C43 110 1170
Net 244
C166 233 379
C165 379 448
Dogleg 379
C23 448 598
Dogleg 448
C187 598 934
Dogleg 598
C180 934 1127
Dogleg 934
Net 245
C32 35 126
C47 126 172
Dogleg 126
C207 172 202
Dogleg 172
C210 202 365
Dogleg 202
C114 365 486
Dogleg 365
C166 486 608
Dogleg 486
C151 608 770
Dogleg 608
C66 770 875
Dogleg 770
C28 875 1031
Dogleg 875
C83 1031 1170
Dogleg 1031
C50 1170 1204
Dogleg 1170
T2 1204 1224
Dogleg 1204
Net 246
C27 49 320
B1 320 399
Dogleg 320
C23 399 445
Dogleg 399
C1 445 460
Dogleg 445
C179 460 578
Dogleg 460
C80 578 634
Dogleg 578
C37 634 703
Dogleg 634
T1 703 895
Dogleg 703
C95 895 931
Dogleg 895
C145 931 1039
Dogleg 931
C106 1039 1056
Dogleg 1039
Net 247
C26 27 149
C101 149 219
Dogleg 149
C53 219 289
Dogleg 219
C180 289 434
Dogleg 289
C107 434 649
Dogleg 434
C229 649 724
Dogleg 649
C213 724 747
Dogleg 724
C115 747 1153
Dogleg 747
C70 1153 1189
Dogleg 1153
Net 248
C18 21 158
B0 158 184
Dogleg 158
C48 184 366
Dogleg 184
C20 366 601
Dogleg 366
C138 601 630
Dogleg 601
C127 630 731
Dogleg 630
C54 731 787
Dogleg 731
C84 787 1082
Dogleg 787
C32 1082 1225
Dogleg 1082
Net 249
C38 118 143
C37 143 553
Dogleg 143
C196 553 952
Dogleg 553
C164 952 1183
Dogleg 952
Net 250
C34 87 99
C127 99 622
Dogleg 99
C223 622 775
Dogleg 622
C220 775 962
Dogleg 775
C187 962 1097
Dogleg 962
Net 251
C20 6 365
C107 365 395
Dogleg 365
C77 395 404
Dogleg 395
C221 404 494
Dogleg 404
C139 494 519
Dogleg 494
C50 519 629
Dogleg 519
C214 629 909
Dogleg 629
C113 909 977
Dogleg 909
C53 977 1041
Dogleg 977
Net 252
C152 229 354
C10 354 683
Dogleg 354
C74 683 1172
Dogleg 683
Net 253
C176 238 275
C158 275 297
Dogleg 275
C202 297 355
Dogleg 297
C47 355 526
Dogleg 355
C247 526 669
Dogleg 526
C20 669 785
Dogleg 669
C123 785 959
Dogleg 785
C45 959 1021
Dogleg 959
C10 1021 1046
Dogleg 1021
C195 1046 1217
Dogleg 1046
Net 254
C61 63 257
C94 257 534
Dogleg 257
C78 534 1058
Dogleg 534
C68 1058 1065
Dogleg 1058
