Channel density: 147
Net 1
C5 8 70
C58 70 115
Dogleg 70
C90 115 328
Dogleg 115
C137 328 429
Dogleg 328
Net 2
C19 29 326
B3 326 338
Dogleg 326
C85 338 418
Dogleg 338
C146 418 457
Dogleg 418
T3 457 480
Dogleg 457
C7 480 562
Dogleg 480
Net 3
C15 5 35
C29 35 98
Dogleg 35
C44 98 113
Dogleg 98
C30 113 273
Dogleg 113
C4 273 406
Dogleg 273
Net 4
T0 6 18
C13 18 79
Dogleg 18
C54 79 83
Dogleg 79
C74 83 171
Dogleg 83
C87 171 248
Dogleg 171
C9 248 487
Dogleg 248
C25 487 571
Dogleg 487
Net 5
C62 30 316
C10 316 446
Dogleg 316
Net 6
C4 68 187
C98 187 196
Dogleg 187
C18 196 258
Dogleg 196
C122 258 284
Dogleg 258
C23 284 525
Dogleg 284
C17 525 543
Dogleg 525
Net 7
C8 11 339
B3 339 347
Dogleg 339
C19 347 440
Dogleg 347
B2 440 462
Dogleg 440
C140 462 473
Dogleg 462
C139 473 496
Dogleg 473
Net 8
C49 75 231
C48 231 251
Dogleg 231
C114 251 482
Dogleg 251
T0 482 565
Dogleg 482
Net 9
C28 33 182
C97 182 215
Dogleg 182
C80 215 218
Dogleg 215
C64 218 311
Dogleg 218
C59 311 381
Dogleg 311
C57 381 411
Dogleg 381
C6 411 442
Dogleg 411
B1 442 443
Dogleg 442
C6 443 539
Dogleg 443
B1 539 548
Dogleg 539
Net 10
C16 5 20
C66 20 354
Dogleg 20
C120 354 386
Dogleg 354
C13 386 408
Dogleg 386
Net 11
T1 39 42
C65 42 91
Dogleg 42
C142 91 200
Dogleg 91
T2 200 208
Dogleg 200
C110 208 337
Dogleg 208
B1 337 359
Dogleg 337
C66 359 403
Dogleg 359
T3 403 441
Dogleg 403
C77 441 465
Dogleg 441
C22 465 494
Dogleg 465
Net 12
C55 213 221
B0 221 237
Dogleg 221
C75 237 332
Dogleg 237
Net 13
C35 108 367
C122 367 388
Dogleg 367
C119 388 446
Dogleg 388
T1 446 476
Dogleg 446
T2 476 492
Dogleg 476
C129 492 514
Dogleg 492
C30 514 549
Dogleg 514
Net 14
C3 4 255
Net 15
C48 74 207
C101 207 236
Dogleg 207
C70 236 325
Dogleg 236
C73 325 398
Dogleg 325
T4 398 443
Dogleg 398
Net 16
C56 85 95
C46 95 116
Dogleg 95
C92 116 127
Dogleg 116
C80 127 209
Dogleg 127
C46 209 259
Dogleg 209
C44 259 289
Dogleg 259
C40 289 449
Dogleg 289
C17 449 504
Dogleg 449
C15 504 572
Dogleg 504
Net 17
C125 276 284
Net 18
C26 34 519
Net 19
C59 80 153
T1 153 160
Dogleg 153
C61 160 211
Dogleg 160
C25 211 327
Dogleg 211
C19 327 345
Dogleg 327
C70 345 507
Dogleg 345
Net 20
C73 55 216
C126 216 294
Dogleg 216
C141 294 392
Dogleg 294
C35 392 466
Dogleg 392
C33 466 572
Dogleg 466
Net 21
C6 10 406
Net 22
T0 109 124
C94 124 210
Dogleg 124
Net 23
C67 17 127
C16 127 180
Dogleg 127
C64 180 215
Dogleg 180
C78 215 250
Dogleg 215
C145 250 465
Dogleg 250
C79 465 467
Dogleg 465
C39 467 483
Dogleg 467
C21 483 557
Dogleg 483
C3 557 570
Dogleg 557
Net 24
C41 74 87
C68 87 175
Dogleg 87
C89 175 296
Dogleg 175
C67 296 317
Dogleg 296
C64 317 410
Dogleg 317
C138 410 422
Dogleg 410
C57 422 519
Dogleg 422
C31 519 543
Dogleg 519
C18 543 551
Dogleg 543
Net 25
C118 27 355
C41 355 464
Dogleg 355
Net 26
C72 12 32
C80 32 65
Dogleg 32
C44 65 97
Dogleg 65
C69 97 149
Dogleg 97
C67 149 252
Dogleg 149
C85 252 305
Dogleg 252
C24 305 530
Dogleg 305
C141 530 563
Dogleg 530
Net 27
C5 72 186
C45 186 283
Dogleg 186
C43 283 533
Dogleg 283
C13 533 571
Dogleg 533
Net 28
C14 21 101
C13 101 329
Dogleg 101
C25 329 331
Dogleg 329
C47 331 371
Dogleg 331
C45 371 376
Dogleg 371
C29 376 418
Dogleg 376
C76 418 475
Dogleg 418
C74 475 489
Dogleg 475
C140 489 563
Dogleg 489
Net 29
C16 45 126
C72 126 148
Dogleg 126
T2 148 164
Dogleg 148
C64 164 178
Dogleg 164
C36 178 218
Dogleg 178
C63 218 222
Dogleg 218
C93 222 305
Dogleg 222
T0 305 313
Dogleg 305
C45 313 344
Dogleg 313
B2 344 381
Dogleg 344
C47 381 466
Dogleg 381
C36 466 493
Dogleg 466
Net 30
C43 57 59
C87 59 170
Dogleg 59
C86 170 315
Dogleg 170
T0 315 438
Dogleg 315
C67 438 516
Dogleg 438
C22 516 569
Dogleg 516
C2 569 573
Dogleg 569
Net 31
B0 2 43
C100 43 223
Dogleg 43
C55 223 266
Dogleg 223
C5 266 391
Dogleg 266
C131 391 428
Dogleg 391
C64 428 534
Dogleg 428
C105 534 538
Dogleg 534
Net 32
T2 8 25
C18 25 106
Dogleg 25
C22 106 371
Dogleg 106
C42 371 379
Dogleg 371
C39 379 423
Dogleg 379
C31 423 478
Dogleg 423
Net 33
C11 16 131
C44 131 198
Dogleg 131
C52 198 206
Dogleg 198
C124 206 225
Dogleg 206
Net 34
C38 54 124
B3 124 139
Dogleg 124
B0 139 147
Dogleg 139
C102 147 249
Dogleg 147
C21 249 275
Dogleg 249
T2 275 391
Dogleg 275
C132 391 400
Dogleg 391
C45 400 438
Dogleg 400
C25 438 477
Dogleg 438
C15 477 500
Dogleg 477
C68 500 501
Dogleg 500
T1 501 504
Dogleg 501
C61 504 528
Dogleg 504
Net 35
C83 9 96
C56 96 212
Dogleg 96
C52 212 239
Dogleg 212
B0 239 241
Dogleg 239
C21 241 243
Dogleg 241
B2 243 252
Dogleg 243
C31 252 364
Dogleg 252
C28 364 484
Dogleg 364
B0 484 506
Dogleg 484
Net 36
C65 3 24
Net 37
C53 96 150
C78 150 165
Dogleg 150
C77 165 396
Dogleg 165
C22 396 421
Dogleg 396
C21 421 453
Dogleg 421
Net 38
C31 23 88
C69 88 95
Dogleg 88
C65 95 145
Dogleg 95
C63 145 190
Dogleg 145
C60 190 263
Dogleg 190
C91 263 402
Dogleg 263
C86 402 469
Dogleg 402
C106 469 550
Dogleg 469
Net 39
C1 52 449
Net 40
C47 71 123
C40 123 199
Dogleg 123
C34 199 361
Dogleg 199
C133 361 510
Dogleg 361
C18 510 531
Dogleg 510
Net 41
C44 26 62
C52 62 190
Dogleg 62
C5 190 192
Dogleg 190
C63 192 217
Dogleg 192
C61 217 256
Dogleg 217
C128 256 312
Dogleg 256
C61 312 432
Dogleg 312
B0 432 483
Dogleg 432
C20 483 558
Dogleg 483
Net 42
C12 257 368
C35 368 389
Dogleg 368
Net 43
C20 120 372
C144 372 462
Dogleg 372
C142 462 532
Dogleg 462
Net 44
T0 203 304
Net 45
C79 56 151
C32 151 380
Dogleg 151
C27 380 407
Dogleg 380
Net 46
C37 66 181
C16 181 527
Dogleg 181
Net 47
C20 30 119
C58 119 243
Dogleg 119
C127 243 341
Dogleg 243
C21 341 417
Dogleg 341
C11 417 511
Dogleg 417
C55 511 526
Dogleg 511
C138 526 540
Dogleg 526
Net 48
C45 57 89
C31 89 108
Dogleg 89
C18 108 195
Dogleg 108
C5 195 257
Dogleg 195
C3 257 321
Dogleg 257
B1 321 336
Dogleg 321
C81 336 369
Dogleg 336
C80 369 375
Dogleg 369
C65 375 384
Dogleg 375
C107 384 498
Dogleg 384
C36 498 570
Dogleg 498
Net 49
C82 49 230
C9 230 246
Dogleg 230
C108 246 485
Dogleg 246
Net 50
C66 3 17
C12 17 112
Dogleg 17
B3 112 123
Dogleg 112
C39 123 177
Dogleg 123
C68 177 293
Dogleg 177
C55 293 333
Dogleg 293
Net 51
C78 53 100
C93 100 194
Dogleg 100
C50 194 350
Dogleg 194
C45 350 360
Dogleg 350
C38 360 445
Dogleg 360
Net 52
C85 1 230
C83 230 512
Dogleg 230
C11 512 568
Dogleg 512
Net 53
C84 1 85
C60 85 131
Dogleg 85
C46 131 206
Dogleg 131
C24 206 287
Dogleg 206
C82 287 348
Dogleg 287
C39 348 378
Dogleg 348
B1 378 393
Dogleg 378
C5 393 408
Dogleg 393
C4 408 499
Dogleg 408
Net 54
C22 11 104
C83 104 197
Dogleg 104
C74 197 440
Dogleg 197
C45 440 455
Dogleg 440
C21 455 481
Dogleg 455
C18 481 509
Dogleg 481
C13 509 518
Dogleg 509
C73 518 561
Dogleg 518
Net 55
T1 18 21
C16 21 40
Dogleg 21
C102 40 79
Dogleg 40
C56 79 82
Dogleg 79
C21 82 137
Dogleg 82
B2 137 209
Dogleg 137
B0 209 217
Dogleg 209
C59 217 259
Dogleg 217
C48 259 292
Dogleg 259
C27 292 379
Dogleg 292
C8 379 439
Dogleg 379
C2 439 532
Dogleg 439
B2 532 549
Dogleg 532
C16 549 566
Dogleg 549
Net 56
C24 19 44
C30 44 48
Dogleg 44
C64 48 159
Dogleg 48
C60 159 188
Dogleg 159
C55 188 201
Dogleg 188
T1 201 244
Dogleg 201
C82 244 270
Dogleg 244
C18 270 392
Dogleg 270
C2 392 437
Dogleg 392
C61 437 445
Dogleg 437
T3 445 456
Dogleg 445
C139 456 472
Dogleg 456
C132 472 497
Dogleg 472
C22 497 515
Dogleg 497
Net 57
C101 6 67
B2 67 135
Dogleg 67
C92 135 171
Dogleg 135
C95 171 290
Dogleg 171
C78 290 491
Dogleg 290
Net 58
C139 191 410
Net 59
C47 134 322
C3 322 450
Dogleg 322
C1 450 474
Dogleg 450
Net 60
C59 159 203
C130 203 414
Dogleg 203
C18 414 473
Dogleg 414
C138 473 510
Dogleg 473
C134 510 540
Dogleg 510
B0 540 554
Dogleg 540
C17 554 564
Dogleg 554
Net 61
C2 26 262
C88 262 265
Dogleg 262
C87 265 278
Dogleg 265
B1 278 317
Dogleg 278
C62 317 413
Dogleg 317
C13 413 508
Dogleg 413
C1 508 535
Dogleg 508
C8 535 539
Dogleg 535
Net 62
B1 0 14
C9 14 229
Dogleg 14
C94 229 356
Dogleg 229
C55 356 397
Dogleg 356
C48 397 454
Dogleg 397
C141 454 489
Dogleg 454
Net 63
C61 13 58
C41 58 72
Dogleg 58
C63 72 125
Dogleg 72
C38 125 285
Dogleg 125
C87 285 303
Dogleg 285
C63 303 321
Dogleg 303
C11 321 360
Dogleg 321
C8 360 377
Dogleg 360
C31 377 421
Dogleg 377
C29 421 529
Dogleg 421
C12 529 559
Dogleg 529
Net 64
C75 86 235
C73 235 290
Dogleg 235
C60 290 375
Dogleg 290
C22 375 395
Dogleg 375
B1 395 396
Dogleg 395
C18 396 412
Dogleg 396
C132 412 436
Dogleg 412
C97 436 447
Dogleg 436
T0 447 479
Dogleg 447
T1 479 484
Dogleg 479
C39 484 548
Dogleg 484
C10 548 556
Dogleg 548
Net 65
C86 38 104
C84 104 152
Dogleg 104
C69 152 192
Dogleg 152
C109 192 261
Dogleg 192
C10 261 315
Dogleg 261
Net 66
C46 272 387
C140 387 422
Dogleg 387
C139 422 444
Dogleg 422
Net 67
C23 61 202
C78 202 213
Dogleg 202
T2 213 219
Dogleg 213
C136 219 545
Dogleg 219
Net 68
C141 173 200
C44 200 253
Dogleg 200
C41 253 354
Dogleg 253
Net 69
C64 24 42
C15 42 140
Dogleg 42
B3 140 323
Dogleg 140
C14 323 419
Dogleg 323
C110 419 424
Dogleg 419
C138 424 456
Dogleg 424
C38 456 508
Dogleg 456
C17 508 523
Dogleg 508
Net 70
C142 352 454
Net 71
C40 28 47
C89 47 167
Dogleg 47
C78 167 183
Dogleg 167
C28 183 268
Dogleg 183
C121 268 401
Dogleg 268
B2 401 403
Dogleg 401
C58 403 528
Dogleg 403
Net 72
C72 165 282
C138 282 343
Dogleg 282
Net 73
C71 12 513
Net 74
B0 45 110
C25 110 210
Dogleg 110
B2 210 242
Dogleg 210
C52 242 495
Dogleg 242
Net 75
C4 7 66
C25 66 101
Dogleg 66
C78 101 134
Dogleg 101
C51 134 188
Dogleg 134
C4 188 272
Dogleg 188
C33 272 326
Dogleg 272
C21 326 330
Dogleg 326
C13 330 335
Dogleg 330
C134 335 452
Dogleg 335
C3 452 556
Dogleg 452
Net 76
C63 41 60
C61 60 77
Dogleg 60
C51 77 130
Dogleg 77
C41 130 148
Dogleg 130
C65 148 221
Dogleg 148
T2 221 228
Dogleg 221
C57 228 242
Dogleg 228
C137 242 245
Dogleg 242
T1 245 254
Dogleg 245
C87 254 264
Dogleg 254
C57 264 362
Dogleg 264
C113 362 405
Dogleg 362
C65 405 501
Dogleg 405
Net 77
C48 212 228
C41 228 238
Dogleg 228
C124 238 294
Dogleg 238
C44 294 546
Dogleg 294
C2 546 565
Dogleg 546
Net 78
C2 266 390
B2 390 397
Dogleg 390
C46 397 461
Dogleg 397
Net 79
C39 47 122
C101 122 196
Dogleg 122
C144 196 205
Dogleg 196
C141 205 232
Dogleg 205
C49 232 245
Dogleg 232
C135 245 342
Dogleg 245
C25 342 423
Dogleg 342
C22 423 457
Dogleg 423
Net 80
C24 48 62
C43 62 153
Dogleg 62
Net 81
T0 155 166
T4 166 168
Dogleg 166
C84 168 254
Dogleg 168
C40 254 288
Dogleg 254
C38 288 329
Dogleg 288
C111 329 434
Dogleg 329
C39 434 453
Dogleg 434
C72 453 500
Dogleg 453
Net 82
C37 54 65
C24 65 204
Dogleg 65
C115 204 304
Dogleg 204
C68 304 319
Dogleg 304
C76 319 369
Dogleg 319
C12 369 521
Dogleg 369
C46 521 546
Dogleg 521
C45 546 568
Dogleg 546
Net 83
C10 53 260
C5 260 265
Dogleg 260
C84 265 297
Dogleg 265
C48 297 298
Dogleg 297
C84 298 402
Dogleg 298
C55 402 433
Dogleg 402
C7 433 477
Dogleg 433
C1 477 506
Dogleg 477
C27 506 523
Dogleg 506
Net 84
C32 46 146
C12 146 255
Dogleg 146
T1 255 256
Dogleg 255
C129 256 334
Dogleg 256
C55 334 353
Dogleg 334
C72 353 432
Dogleg 353
C66 432 502
Dogleg 432
C40 502 536
Dogleg 502
Net 85
C106 14 260
T1 260 263
Dogleg 260
C97 263 309
Dogleg 263
C21 309 325
Dogleg 309
C63 325 413
Dogleg 325
T2 413 415
Dogleg 413
C27 415 424
Dogleg 415
C109 424 490
Dogleg 424
C9 490 573
Dogleg 490
Net 86
T0 20 28
C48 28 71
Dogleg 28
C55 71 139
Dogleg 71
C125 139 247
Dogleg 139
B0 247 340
Dogleg 247
C8 340 357
Dogleg 340
C75 357 441
Dogleg 357
C8 441 529
Dogleg 441
Net 87
C37 184 560
Net 88
C104 37 90
C41 90 116
Dogleg 90
C27 116 173
Dogleg 116
C140 173 205
Dogleg 173
C23 205 283
Dogleg 205
C36 283 463
Dogleg 283
C137 463 545
Dogleg 463
Net 89
C57 23 220
Net 90
C53 158 451
Net 91
C76 7 295
C45 295 312
Dogleg 295
C14 312 320
Dogleg 312
C68 320 373
Dogleg 320
C47 373 376
Dogleg 373
C115 376 426
Dogleg 376
C27 426 503
Dogleg 426
C109 503 524
Dogleg 503
Net 92
C40 55 100
C77 100 154
Dogleg 100
C96 154 436
Dogleg 154
C14 436 566
Dogleg 436
Net 93
C70 118 235
C65 235 370
Dogleg 235
Net 94
C81 32 307
Net 95
C10 16 52
C36 52 112
Dogleg 52
C102 112 138
Dogleg 112
C117 138 303
Dogleg 138
C99 303 517
Dogleg 303
Net 96
C17 25 398
C55 398 399
Dogleg 398
T3 399 401
Dogleg 399
T2 401 412
Dogleg 401
C135 412 420
Dogleg 412
C14 420 428
Dogleg 420
C63 428 495
Dogleg 428
T2 495 511
Dogleg 495
C56 511 542
Dogleg 511
C43 542 557
Dogleg 542
Net 97
C110 460 490
Net 98
C50 75 110
C86 110 143
Dogleg 110
C143 143 232
Dogleg 143
T2 232 267
Dogleg 232
T1 267 363
Dogleg 267
C34 363 515
Dogleg 363
C71 515 552
Dogleg 515
Net 99
C54 300 526
Net 100
C51 189 482
C113 482 503
Dogleg 482
Net 101
C34 22 174
C27 174 291
Dogleg 174
C79 291 409
Dogleg 291
Net 102
C5 411 555
Net 103
C43 157 274
T5 274 278
Dogleg 274
C88 278 339
Dogleg 278
C128 339 492
Dogleg 339
Net 104
C21 31 81
C13 81 99
Dogleg 81
C116 99 227
Dogleg 99
C33 227 271
Dogleg 227
C28 271 363
Dogleg 271
C11 363 416
Dogleg 363
C57 416 417
Dogleg 416
T2 417 474
Dogleg 417
C111 474 498
Dogleg 474
C108 498 524
Dogleg 498
B3 524 547
Dogleg 524
C6 547 560
Dogleg 547
Net 105
B2 0 64
C105 64 115
Dogleg 64
C91 115 141
Dogleg 115
C15 141 224
Dogleg 141
C56 224 292
Dogleg 224
C49 292 346
Dogleg 292
C117 346 431
Dogleg 346
C131 431 472
Dogleg 431
Net 106
C1 2 50
C46 50 89
Dogleg 50
C99 89 214
Dogleg 89
C56 214 220
Dogleg 214
C36 220 277
Dogleg 220
C30 277 289
Dogleg 277
C24 289 302
Dogleg 289
C95 302 338
Dogleg 302
C86 338 394
Dogleg 338
C80 394 409
Dogleg 394
T1 409 425
Dogleg 409
C25 425 435
Dogleg 425
C55 435 487
Dogleg 435
C28 487 535
Dogleg 487
Net 107
C33 46 226
C15 226 475
Dogleg 226
C73 475 507
Dogleg 475
C72 507 541
Dogleg 507
C8 541 562
Dogleg 541
Net 108
C2 4 22
C27 22 114
Dogleg 22
C12 114 144
Dogleg 114
C55 144 179
Dogleg 144
C92 179 332
Dogleg 179
C80 332 364
Dogleg 332
T1 364 394
Dogleg 364
T4 394 395
Dogleg 394
C45 395 399
Dogleg 395
C17 399 444
Dogleg 399
B1 444 467
Dogleg 444
C35 467 513
Dogleg 467
C70 513 552
Dogleg 513
Net 109
C87 38 51
C35 51 103
Dogleg 51
C80 103 125
Dogleg 103
T0 125 140
Dogleg 125
C21 140 240
Dogleg 140
C91 240 262
Dogleg 240
C140 262 323
Dogleg 262
C47 323 330
Dogleg 323
C33 330 463
Dogleg 330
C19 463 564
Dogleg 463
Net 110
C79 168 280
T4 280 297
Dogleg 280
C89 297 380
Dogleg 297
C42 380 447
Dogleg 380
C10 447 533
Dogleg 447
Net 111
C23 19 60
C59 60 78
Dogleg 60
C53 78 93
Dogleg 78
C45 93 175
Dogleg 93
C34 175 197
Dogleg 175
C69 197 522
Dogleg 197
Net 112
C143 352 448
Net 113
B1 15 277
C21 277 308
Dogleg 277
C56 308 362
Dogleg 308
B1 362 377
Dogleg 362
Net 114
C7 10 430
C147 430 530
Dogleg 430
C143 530 534
Dogleg 530
Net 115
C29 133 374
C116 374 426
Dogleg 374
T1 426 442
Dogleg 426
C19 442 459
Dogleg 442
Net 116
C60 13 80
C72 80 120
Dogleg 80
C31 120 244
Dogleg 120
C80 244 320
Dogleg 244
C72 320 347
Dogleg 320
C38 347 358
Dogleg 347
B0 358 404
Dogleg 358
C59 404 505
Dogleg 404
C45 505 527
Dogleg 505
C23 527 567
Dogleg 527
Net 117
C42 59 176
C91 176 233
Dogleg 176
C97 233 240
Dogleg 233
C98 240 309
Dogleg 240
C119 309 385
Dogleg 309
B2 385 388
Dogleg 385
C118 388 434
Dogleg 388
C113 434 458
Dogleg 434
C134 458 497
Dogleg 458
Net 118
C103 37 107
C14 107 311
Dogleg 107
C58 311 368
Dogleg 311
C56 368 464
Dogleg 368
C42 464 542
Dogleg 464
C1 542 569
Dogleg 542
Net 119
C30 51 102
C29 102 113
Dogleg 102
B0 113 138
Dogleg 113
C11 138 319
Dogleg 138
C67 319 416
Dogleg 319
C62 416 479
Dogleg 416
C41 479 536
Dogleg 479
Net 120
C135 458 544
Net 121
C36 121 172
C98 172 184
Dogleg 172
C39 184 340
Dogleg 184
C13 340 383
Dogleg 340
C112 383 494
Dogleg 383
C31 494 517
Dogleg 494
Net 122
T2 27 33
C70 33 117
Dogleg 33
C29 117 132
Dogleg 117
C11 132 136
Dogleg 132
C60 136 149
Dogleg 136
B0 149 208
Dogleg 149
C40 208 253
Dogleg 208
B2 253 343
Dogleg 253
B0 343 349
Dogleg 343
C49 349 461
Dogleg 349
C48 461 471
Dogleg 461
C130 471 514
Dogleg 471
Net 123
C104 107 537
Net 124
C54 84 293
C30 293 505
Dogleg 293
C4 505 550
Dogleg 505
Net 125
C25 29 63
C88 63 233
Dogleg 63
C63 233 299
Dogleg 233
C48 299 382
Dogleg 299
C32 382 520
Dogleg 382
C13 520 525
Dogleg 520
Net 126
C61 86 154
C41 154 225
Dogleg 154
C123 225 404
Dogleg 225
C60 404 561
Dogleg 404
Net 127
C50 353 468
Net 128
C50 143 185
C42 185 366
Dogleg 185
C31 366 373
Dogleg 366
C20 373 470
Dogleg 373
