Channel density: 21
Net 1
C17 0 21
C16 21 23
Dogleg 21
C2 23 26
Dogleg 23
Net 2
C21 14 17
Net 3
C9 7 26
Net 4
C10 13 27
Net 5
C5 4 7
C8 7 25
Dogleg 7
Net 6
C7 8 11
Net 7
C7 12 16
C14 16 20
Dogleg 16
C13 20 22
Dogleg 20
Net 8
C12 15 24
Net 9
C16 0 9
C6 9 10
Dogleg 9
Net 10
C19 5 19
Net 11
C15 6 16
Net 12
C4 3 24
Net 13
C2 1 19
Net 14
C13 3 18
C3 18 22
Dogleg 18
Net 15
C5 10 27
Net 16
C11 14 20
Net 17
C3 2 17
C20 17 23
Dogleg 17
Net 18
C6 11 28
Net 19
C18 5 18
C15 18 21
Dogleg 18
Net 20
C1 1 25
C7 25 28
Dogleg 25
