Channel density: 105
Net 1
C64 71 114
C90 114 253
Dogleg 114
C51 253 328
Dogleg 253
C62 328 389
Dogleg 328
T2 389 392
Dogleg 389
Net 2
C54 217 261
B1 261 336
Dogleg 261
C41 336 368
Dogleg 336
Net 3
C24 70 147
C45 147 156
Dogleg 147
C36 156 215
Dogleg 156
C42 215 230
Dogleg 215
C73 230 315
Dogleg 230
C39 315 368
Dogleg 315
C40 368 380
Dogleg 368
Net 4
C66 35 163
C81 163 413
Dogleg 163
C91 413 421
Dogleg 413
Net 5
C99 12 220
C102 220 262
Dogleg 220
C75 262 408
Dogleg 262
Net 6
C62 176 283
Net 7
C20 25 214
C37 214 279
Dogleg 214
Net 8
C28 5 42
C72 42 153
Dogleg 42
C102 153 215
Dogleg 153
C43 215 264
Dogleg 215
C86 264 365
Dogleg 264
C37 365 379
Dogleg 365
B1 379 380
Dogleg 379
C38 380 432
Dogleg 380
C100 432 437
Dogleg 432
Net 9
C85 102 120
C21 120 260
Dogleg 120
C39 260 293
Dogleg 260
C50 293 309
Dogleg 293
C56 309 350
Dogleg 309
B0 350 353
Dogleg 350
C38 353 369
Dogleg 353
C69 369 415
Dogleg 369
C81 415 455
Dogleg 415
C32 455 460
Dogleg 455
Net 10
C46 111 156
C69 156 226
Dogleg 156
C14 226 274
Dogleg 226
C49 274 276
Dogleg 274
C34 276 367
Dogleg 276
C76 367 406
Dogleg 367
T1 406 410
Dogleg 406
Net 11
C103 22 93
C76 93 146
Dogleg 93
C82 146 158
Dogleg 146
C5 158 194
Dogleg 158
C66 194 227
Dogleg 194
C22 227 322
Dogleg 227
Net 12
C39 172 259
C13 259 266
Dogleg 259
C18 266 354
Dogleg 266
Net 13
C93 37 61
C57 61 342
Dogleg 61
C84 342 353
Dogleg 342
Net 14
C64 126 182
C27 182 358
Dogleg 182
C29 358 439
Dogleg 358
Net 15
C97 14 39
C98 39 40
Dogleg 39
C78 40 43
Dogleg 40
C34 43 59
Dogleg 43
C58 59 166
Dogleg 59
C77 166 185
Dogleg 166
C37 185 213
Dogleg 185
C74 213 257
Dogleg 213
C95 257 394
Dogleg 257
T0 394 417
Dogleg 394
C75 417 429
Dogleg 417
Net 16
C43 87 149
C76 149 361
Dogleg 149
C35 361 375
Dogleg 361
Net 17
C87 16 141
C8 141 191
Dogleg 141
C24 191 287
Dogleg 191
C62 287 318
Dogleg 287
Net 18
B0 0 122
Net 19
C104 4 18
C93 18 36
Dogleg 18
C55 36 121
Dogleg 36
T4 121 132
Dogleg 121
C78 132 166
Dogleg 132
C84 166 261
Dogleg 166
C87 261 430
Dogleg 261
B1 430 436
Dogleg 430
Net 20
C85 29 43
C97 43 112
Dogleg 43
C34 112 128
Dogleg 112
T2 128 148
Dogleg 128
T0 148 190
Dogleg 148
C82 190 198
Dogleg 190
C23 198 347
Dogleg 198
C45 347 370
Dogleg 347
C63 370 398
Dogleg 370
C74 398 426
Dogleg 398
Net 21
C65 75 228
C69 228 245
Dogleg 228
C11 245 300
Dogleg 245
C15 300 359
Dogleg 300
C27 359 402
Dogleg 359
C78 402 440
Dogleg 402
C104 440 444
Dogleg 440
C93 444 454
Dogleg 444
B2 454 458
Dogleg 454
Net 22
C63 16 129
C85 129 185
Dogleg 129
C95 185 245
Dogleg 185
C104 245 292
Dogleg 245
C53 292 308
Dogleg 292
C60 308 376
Dogleg 308
C82 376 388
Dogleg 376
C86 388 421
Dogleg 388
B0 421 455
Dogleg 421
Net 23
C43 49 57
C31 57 139
Dogleg 57
C16 139 177
Dogleg 139
C56 177 186
Dogleg 177
C94 186 204
Dogleg 186
C104 204 244
Dogleg 204
C36 244 339
Dogleg 244
C42 339 405
Dogleg 339
C79 405 441
Dogleg 405
C29 441 450
Dogleg 441
Net 24
C4 34 105
C77 105 144
Dogleg 105
T4 144 193
Dogleg 144
T0 193 220
Dogleg 193
T1 220 223
Dogleg 220
C70 223 282
Dogleg 223
C79 282 404
Dogleg 282
C95 404 454
Dogleg 404
Net 25
C83 32 65
T2 65 125
Dogleg 65
C37 125 143
Dogleg 125
C28 143 249
Dogleg 143
C56 249 305
Dogleg 249
C78 305 383
Dogleg 305
C40 383 409
Dogleg 383
C76 409 426
Dogleg 409
C77 426 440
Dogleg 426
Net 26
C22 89 109
C52 109 456
Dogleg 109
C104 456 461
Dogleg 456
Net 27
C74 52 207
C60 207 223
Dogleg 207
C33 223 370
Dogleg 223
C41 370 447
Dogleg 370
Net 28
T0 49 97
C56 97 129
Dogleg 97
C62 129 170
Dogleg 129
C71 170 240
Dogleg 170
C41 240 312
Dogleg 240
C53 312 320
Dogleg 312
C85 320 399
Dogleg 320
C95 399 402
Dogleg 399
T1 402 403
Dogleg 402
C99 403 451
Dogleg 403
Net 29
C84 30 84
C101 84 327
Dogleg 84
C83 327 412
Dogleg 327
Net 30
C67 56 133
T4 133 140
Dogleg 133
C73 140 189
Dogleg 140
C83 189 208
Dogleg 189
C94 208 221
Dogleg 208
C46 221 390
Dogleg 221
Net 31
C67 135 354
C37 354 362
Dogleg 354
Net 32
C54 45 193
C77 193 403
Dogleg 193
Net 33
C77 148 162
Net 34
T2 3 58
C65 58 73
Dogleg 58
C83 73 183
Dogleg 73
C26 183 249
Dogleg 183
B1 249 260
Dogleg 249
C10 260 274
Dogleg 260
C13 274 334
Dogleg 274
C71 334 348
Dogleg 334
B1 348 372
Dogleg 348
C23 372 414
Dogleg 372
Net 35
T0 100 146
C87 146 254
Dogleg 146
C90 254 448
Dogleg 254
Net 36
C104 21 122
C73 122 132
Dogleg 122
C27 132 143
Dogleg 132
C4 143 169
Dogleg 143
C44 169 202
Dogleg 169
C54 202 211
Dogleg 202
T1 211 216
Dogleg 211
C36 216 240
Dogleg 216
C19 240 252
Dogleg 240
C26 252 269
Dogleg 252
C64 269 344
Dogleg 269
Net 37
T4 7 118
C45 118 145
Dogleg 118
C48 145 295
Dogleg 145
C61 295 400
Dogleg 295
Net 38
T3 2 98
C50 98 210
Dogleg 98
C56 210 241
Dogleg 210
C66 241 379
Dogleg 241
C39 379 387
Dogleg 379
C56 387 391
Dogleg 387
C66 391 400
Dogleg 391
T1 400 401
Dogleg 400
C85 401 443
Dogleg 401
Net 39
C48 99 136
C55 136 142
Dogleg 136
C17 142 265
Dogleg 142
C43 265 417
Dogleg 265
Net 40
C77 50 64
C93 64 443
Dogleg 64
Net 41
C90 23 111
C103 111 123
Dogleg 111
C104 123 203
Dogleg 123
C44 203 221
Dogleg 203
C45 221 330
Dogleg 221
C22 330 432
Dogleg 330
Net 42
C59 34 279
C40 279 295
Dogleg 279
C25 295 352
Dogleg 295
C32 352 428
Dogleg 352
Net 43
C26 11 46
C2 46 79
Dogleg 46
C77 79 104
Dogleg 79
C78 104 126
Dogleg 104
C103 126 248
Dogleg 126
C61 248 284
Dogleg 248
C70 284 328
Dogleg 284
C101 328 424
Dogleg 328
Net 44
C32 10 84
C78 84 102
Dogleg 84
C82 102 145
Dogleg 102
C49 145 191
Dogleg 145
C73 191 228
Dogleg 191
C92 228 271
Dogleg 228
C47 271 292
Dogleg 271
C17 292 333
Dogleg 292
C35 333 360
Dogleg 333
C48 360 362
Dogleg 360
C84 362 397
Dogleg 362
Net 45
C3 66 105
Net 46
T4 1 6
C31 6 53
Dogleg 6
C73 53 62
Dogleg 53
C26 62 85
Dogleg 62
C52 85 107
Dogleg 85
C70 107 117
Dogleg 107
C84 117 164
Dogleg 117
C98 164 181
Dogleg 164
C29 181 212
Dogleg 181
C15 212 291
Dogleg 212
C16 291 300
Dogleg 291
C47 300 321
Dogleg 300
C73 321 374
Dogleg 321
Net 47
C69 54 152
T2 152 155
Dogleg 152
C96 155 250
Dogleg 155
C55 250 313
Dogleg 250
C41 313 335
Dogleg 313
C70 335 377
Dogleg 335
C73 377 406
Dogleg 377
C27 406 441
Dogleg 406
B2 441 442
Dogleg 441
B1 442 449
Dogleg 442
Net 48
C25 52 110
C47 110 155
Dogleg 110
C72 155 157
Dogleg 155
T2 157 172
Dogleg 157
T3 172 173
Dogleg 172
C68 173 448
Dogleg 173
Net 49
C45 113 114
C38 114 345
Dogleg 114
Net 50
T0 27 48
C91 48 316
Dogleg 48
C31 316 369
Dogleg 316
C34 369 457
Dogleg 369
T6 457 458
Dogleg 457
Net 51
C100 8 180
C43 180 201
Dogleg 180
C56 201 206
Dogleg 201
T2 206 236
Dogleg 206
C50 236 276
Dogleg 236
C53 276 286
Dogleg 276
C78 286 304
Dogleg 286
C35 304 331
Dogleg 304
C48 331 359
Dogleg 331
Net 52
C1 24 168
C45 168 217
Dogleg 168
C50 217 234
Dogleg 217
C82 234 375
Dogleg 234
C54 375 422
Dogleg 375
C31 422 434
Dogleg 422
Net 53
C89 48 323
Net 54
B0 123 341
Net 55
C49 329 433
Net 56
C103 2 21
C98 21 38
Dogleg 21
C80 38 115
Dogleg 38
C7 115 171
Dogleg 115
C31 171 238
Dogleg 171
C25 238 285
Dogleg 238
C26 285 322
Dogleg 285
C63 322 360
Dogleg 322
C55 360 394
Dogleg 360
C82 394 419
Dogleg 394
Net 57
C63 131 188
C64 188 268
Dogleg 188
Net 58
C44 57 131
C60 131 205
Dogleg 131
T3 205 222
Dogleg 205
C99 222 280
Dogleg 222
C59 280 336
Dogleg 280
C65 336 393
Dogleg 336
Net 59
C102 7 108
C68 108 164
Dogleg 108
C66 164 173
Dogleg 164
C34 173 272
Dogleg 173
C35 272 296
Dogleg 272
C48 296 318
Dogleg 296
C55 318 358
Dogleg 318
C103 358 435
Dogleg 358
Net 60
C97 117 452
Net 61
C29 5 17
C94 17 136
Dogleg 17
C56 136 174
Dogleg 136
C66 174 188
Dogleg 174
C85 188 225
Dogleg 188
C60 225 306
Dogleg 225
C37 306 352
Dogleg 306
C56 352 381
Dogleg 352
C72 381 401
Dogleg 381
C84 401 425
Dogleg 401
T0 425 453
Dogleg 425
Net 62
C41 121 130
C79 130 270
Dogleg 130
C83 270 326
Dogleg 270
C89 326 449
Dogleg 326
C94 449 459
Dogleg 449
Net 63
C33 28 192
C22 192 199
Dogleg 192
C82 199 231
Dogleg 199
C98 231 305
Dogleg 231
C103 305 332
Dogleg 305
C47 332 356
Dogleg 332
B0 356 373
Dogleg 356
C48 373 392
Dogleg 373
C59 392 422
Dogleg 392
T0 422 423
Dogleg 422
Net 64
C88 71 76
C98 76 83
Dogleg 76
C6 83 179
Dogleg 83
C11 179 242
Dogleg 179
C65 242 333
Dogleg 242
C103 333 357
Dogleg 333
C47 357 382
Dogleg 357
C56 382 386
Dogleg 382
C58 386 415
Dogleg 386
Net 65
C30 73 112
C32 112 151
Dogleg 112
C43 151 161
Dogleg 151
C46 161 197
Dogleg 161
C16 197 288
Dogleg 197
C17 288 291
Dogleg 288
C61 291 293
Dogleg 291
C104 293 405
Dogleg 293
Net 66
C64 30 58
C40 58 272
Dogleg 58
Net 67
C98 13 19
C70 19 103
Dogleg 19
B1 103 248
Dogleg 103
C44 248 461
Dogleg 248
Net 68
C72 169 201
C58 201 267
Dogleg 201
C84 267 341
Dogleg 267
C94 341 447
Dogleg 341
Net 69
C96 15 151
C44 151 167
Dogleg 151
C82 167 182
Dogleg 167
C100 182 423
Dogleg 182
Net 70
C71 349 445
Net 71
C35 44 77
C88 77 94
Dogleg 77
C103 94 109
Dogleg 94
C60 109 116
Dogleg 109
C80 116 312
Dogleg 116
C98 312 410
Dogleg 312
Net 72
C88 24 69
C105 69 442
Dogleg 69
Net 73
C30 6 9
C82 9 100
Dogleg 9
C86 100 254
Dogleg 100
C19 254 277
Dogleg 254
C49 277 309
Dogleg 277
C40 309 366
Dogleg 309
C86 366 386
Dogleg 366
C60 386 393
Dogleg 386
C62 393 396
Dogleg 393
C96 396 453
Dogleg 396
Net 74
T1 1 202
C72 202 310
Dogleg 202
C19 310 325
Dogleg 310
C94 325 340
Dogleg 325
Net 75
C105 4 68
C76 68 78
Dogleg 68
C60 78 88
Dogleg 78
C98 88 161
Dogleg 88
C47 161 268
Dogleg 161
C58 268 363
Dogleg 268
C91 363 412
Dogleg 363
Net 76
C64 60 68
C13 68 258
Dogleg 68
C18 258 263
Dogleg 258
C102 263 331
Dogleg 263
C51 331 389
Dogleg 331
Net 77
C79 38 124
C39 124 167
Dogleg 124
C43 167 178
Dogleg 167
C32 178 235
Dogleg 178
C85 235 319
Dogleg 235
C91 319 355
Dogleg 319
C67 355 404
Dogleg 355
C77 404 419
Dogleg 404
B1 419 424
Dogleg 419
C100 424 430
Dogleg 424
Net 78
C95 15 183
Net 79
C61 80 247
C69 247 356
Dogleg 247
Net 80
C76 20 64
C61 64 67
Dogleg 64
C18 67 233
Dogleg 67
C20 233 324
Dogleg 233
C26 324 408
Dogleg 324
B2 408 409
Dogleg 408
C39 409 418
Dogleg 409
C73 418 435
Dogleg 418
Net 81
C92 22 67
C62 67 119
Dogleg 67
C9 119 187
Dogleg 119
C25 187 237
Dogleg 187
C42 237 280
Dogleg 237
C50 280 288
Dogleg 280
C19 288 302
Dogleg 288
C21 302 365
Dogleg 302
C25 365 385
Dogleg 365
C47 385 438
Dogleg 385
B2 438 439
Dogleg 438
Net 82
C5 83 90
C92 90 224
Dogleg 90
C29 224 270
Dogleg 224
C74 270 395
Dogleg 270
T2 395 413
Dogleg 395
C98 413 427
Dogleg 413
C101 427 451
Dogleg 427
C105 451 456
Dogleg 451
Net 83
C75 20 23
C89 23 41
Dogleg 23
C98 41 74
Dogleg 41
C36 74 154
Dogleg 74
C37 154 184
Dogleg 154
C98 184 229
Dogleg 184
C12 229 310
Dogleg 229
C16 310 332
Dogleg 310
C45 332 346
Dogleg 332
C64 346 407
Dogleg 346
C104 407 436
Dogleg 407
Net 84
C91 13 47
C85 47 94
Dogleg 47
C51 94 252
Dogleg 94
C28 252 414
Dogleg 252
C83 414 431
Dogleg 414
Net 85
C101 8 82
C53 82 275
Dogleg 82
C79 275 281
Dogleg 275
C99 281 399
Dogleg 281
Net 86
C71 103 162
C15 162 210
Dogleg 162
C49 210 273
Dogleg 210
C92 273 437
Dogleg 273
C98 437 459
Dogleg 437
Net 87
C81 37 159
C19 159 236
Dogleg 159
C44 236 246
Dogleg 236
C95 246 251
Dogleg 246
C103 251 302
Dogleg 251
C24 302 418
Dogleg 302
B2 418 431
Dogleg 418
C33 431 460
Dogleg 431
Net 88
T0 3 26
C86 26 70
Dogleg 26
C92 70 89
Dogleg 70
C23 89 165
Dogleg 89
C10 165 251
Dogleg 165
C31 251 311
Dogleg 251
C72 311 378
Dogleg 311
Net 89
C68 56 91
C84 91 116
Dogleg 91
C102 116 150
Dogleg 116
C55 150 238
Dogleg 150
C32 238 320
Dogleg 238
C50 320 433
Dogleg 320
Net 90
C56 61 86
C76 86 92
Dogleg 86
C5 92 149
Dogleg 92
C41 149 239
Dogleg 149
C78 239 285
Dogleg 239
C29 285 344
Dogleg 285
C57 344 438
Dogleg 344
Net 91
C30 178 450
Net 92
C102 334 446
Net 93
C45 377 420
Net 94
C30 14 65
C77 65 72
Dogleg 65
C86 72 99
Dogleg 72
T3 99 137
Dogleg 99
C94 137 177
Dogleg 137
C58 177 200
Dogleg 177
C63 200 314
Dogleg 200
C80 314 425
Dogleg 314
B1 425 429
Dogleg 425
Net 95
C73 106 119
C70 119 222
Dogleg 119
C94 222 324
Dogleg 222
C32 324 345
Dogleg 324
C36 345 396
Dogleg 345
C60 396 411
Dogleg 396
Net 96
T5 0 11
C27 11 63
Dogleg 11
C73 63 93
Dogleg 63
C49 93 134
Dogleg 93
C73 134 138
Dogleg 134
T3 138 168
Dogleg 138
C78 168 232
Dogleg 168
T3 232 241
Dogleg 232
C71 241 330
Dogleg 241
C53 330 420
Dogleg 330
Net 97
C60 96 108
C42 108 209
Dogleg 108
C83 209 265
Dogleg 209
C54 265 373
Dogleg 265
C58 373 382
Dogleg 373
Net 98
C71 54 95
C35 95 266
Dogleg 95
C21 266 301
Dogleg 266
C42 301 337
Dogleg 301
C59 337 387
Dogleg 337
Net 99
C78 50 81
C52 81 82
Dogleg 81
B1 82 101
Dogleg 82
C88 101 444
Dogleg 101
B2 444 445
Dogleg 444
Net 100
C69 19 26
C75 26 255
Dogleg 26
C96 255 391
Dogleg 255
C70 391 395
Dogleg 391
