Channel density: 62
Net 1
C20 34 76
B3 76 81
Dogleg 76
B1 81 140
Dogleg 81
C14 140 229
Dogleg 140
C7 229 241
Dogleg 229
C56 241 247
Dogleg 241
Net 2
C53 119 201
Net 3
C20 0 18
C8 18 122
Dogleg 18
C25 122 126
Dogleg 122
T3 126 140
Dogleg 126
T7 140 156
Dogleg 140
C31 156 214
Dogleg 156
C48 214 238
Dogleg 214
Net 4
T1 51 58
B7 58 64
Dogleg 58
C33 64 79
Dogleg 64
C27 79 103
Dogleg 79
C34 103 109
Dogleg 103
T2 109 123
Dogleg 109
C16 123 165
Dogleg 123
C58 165 218
Dogleg 165
C53 218 251
Dogleg 218
Net 5
B1 13 24
B2 24 29
Dogleg 24
C10 29 55
Dogleg 29
B9 55 67
Dogleg 55
C21 67 149
Dogleg 67
C10 149 179
Dogleg 149
T1 179 215
Dogleg 179
T9 215 282
Dogleg 215
Net 6
C10 89 148
Net 7
C36 83 199
B2 199 237
Dogleg 199
B6 237 275
Dogleg 237
Net 8
T10 3 5
C2 5 181
Dogleg 5
B8 181 193
Dogleg 181
B3 193 205
Dogleg 193
C20 205 217
Dogleg 205
T10 217 282
Dogleg 217
Net 9
C6 14 196
B8 196 212
Dogleg 196
C47 212 269
Dogleg 212
T5 269 270
Dogleg 269
Net 10
T12 4 17
C21 17 63
Dogleg 17
B4 63 88
Dogleg 63
C4 88 112
Dogleg 88
C11 112 163
Dogleg 112
C37 163 172
Dogleg 163
C35 172 257
Dogleg 172
T6 257 258
Dogleg 257
T4 258 279
Dogleg 258
Net 11
C3 7 59
C24 59 78
Dogleg 59
B2 78 108
Dogleg 78
B5 108 115
Dogleg 108
C1 115 174
Dogleg 115
C62 174 241
Dogleg 174
Net 12
C55 28 99
B11 99 104
Dogleg 99
C51 104 136
Dogleg 104
C49 136 188
Dogleg 136
Net 13
C59 75 175
Net 14
C1 4 54
C57 54 119
Dogleg 54
C54 119 170
Dogleg 119
C11 170 184
Dogleg 170
C19 184 213
Dogleg 184
Net 15
T0 139 261
Net 16
T5 2 24
C12 24 66
Dogleg 24
C1 66 96
Dogleg 66
C62 96 114
Dogleg 96
T0 114 138
Dogleg 114
C40 138 199
Dogleg 138
T14 199 204
Dogleg 199
C49 204 240
Dogleg 204
B5 240 264
Dogleg 240
C9 264 266
Dogleg 264
T7 266 278
Dogleg 266
Net 17
C53 26 86
Net 18
C30 37 192
Net 19
C30 27 30
C51 30 84
Dogleg 30
C10 84 87
Dogleg 84
C7 87 100
Dogleg 87
C48 100 201
Dogleg 100
C5 201 222
Dogleg 201
C22 222 239
Dogleg 222
T3 239 252
Dogleg 239
T2 252 267
Dogleg 252
T6 267 273
Dogleg 267
Net 20
C56 22 68
B7 68 113
Dogleg 68
T1 113 157
Dogleg 113
C41 157 176
Dogleg 157
B1 176 265
Dogleg 176
Net 21
C34 64 97
B10 97 126
Dogleg 97
C22 126 181
Dogleg 126
C5 181 184
Dogleg 181
B7 184 210
Dogleg 184
B3 210 217
Dogleg 210
C19 217 255
Dogleg 217
C18 255 260
Dogleg 255
C8 260 284
Dogleg 260
Net 22
C59 71 72
C22 72 116
Dogleg 72
C4 116 228
Dogleg 116
Net 23
B12 108 124
C43 124 164
Dogleg 124
T2 164 173
Dogleg 164
C37 173 208
Dogleg 173
C21 208 260
Dogleg 208
Net 24
C13 121 169
Net 25
T2 6 54
C58 54 62
Dogleg 54
B5 62 102
Dogleg 62
C44 102 124
Dogleg 102
T6 124 142
Dogleg 124
T8 142 152
Dogleg 142
T5 152 161
Dogleg 152
C52 161 216
Dogleg 161
C17 216 264
Dogleg 216
Net 26
T11 5 7
T10 7 18
Dogleg 7
C22 18 69
Dogleg 18
B11 69 98
Dogleg 69
C1 98 111
Dogleg 98
C34 111 197
Dogleg 111
C22 197 220
Dogleg 197
C20 220 256
Dogleg 220
T8 256 274
Dogleg 256
T13 274 277
Dogleg 274
T12 277 284
Dogleg 277
Net 27
B10 82 96
B0 96 117
Dogleg 96
C7 117 173
Dogleg 117
C29 173 235
Dogleg 173
C25 235 249
Dogleg 235
Net 28
B0 20 33
C17 33 52
Dogleg 33
B10 52 71
Dogleg 52
C58 71 114
Dogleg 71
C14 114 139
Dogleg 114
C41 139 145
Dogleg 139
C38 145 232
Dogleg 145
B8 232 256
Dogleg 232
C7 256 262
Dogleg 256
Net 29
B12 50 52
B11 52 65
Dogleg 52
B0 65 81
Dogleg 65
C5 81 82
Dogleg 81
C9 82 171
Dogleg 82
C32 171 203
Dogleg 171
T13 203 206
Dogleg 203
C53 206 215
Dogleg 206
C50 215 223
Dogleg 215
T7 223 230
Dogleg 223
T3 230 237
Dogleg 230
T11 237 238
Dogleg 237
C50 238 250
Dogleg 238
C2 250 266
Dogleg 250
B5 266 279
Dogleg 266
Net 30
C4 10 87
B8 87 94
Dogleg 87
C46 94 105
Dogleg 94
B11 105 130
Dogleg 105
C29 130 172
Dogleg 130
B10 172 174
Dogleg 172
B9 174 182
Dogleg 174
B7 182 183
Dogleg 182
C7 183 227
Dogleg 183
C5 227 231
Dogleg 227
C54 231 271
Dogleg 231
T5 271 281
Dogleg 271
Net 31
C50 74 132
C39 132 275
Dogleg 132
Net 32
T3 14 21
C48 21 70
Dogleg 21
C52 70 154
Dogleg 70
C27 154 209
Dogleg 154
C10 209 228
Dogleg 209
T5 228 250
Dogleg 228
C52 250 271
Dogleg 250
Net 33
B3 3 27
C29 27 128
Dogleg 27
T2 128 130
Dogleg 128
C33 130 194
Dogleg 130
C44 194 226
Dogleg 194
T6 226 236
Dogleg 226
T1 236 253
Dogleg 236
Net 34
C35 83 141
C50 141 195
Dogleg 141
T5 195 198
Dogleg 195
C47 198 208
Dogleg 198
Net 35
C15 44 254
C5 254 277
Dogleg 254
Net 36
B8 56 80
C3 80 219
Dogleg 80
T11 219 224
Dogleg 219
Net 37
B1 10 12
B0 12 19
Dogleg 12
C9 19 51
Dogleg 19
C32 51 153
Dogleg 51
C26 153 229
Dogleg 153
T4 229 240
Dogleg 229
C51 240 273
Dogleg 240
Net 38
B6 84 127
B7 127 128
Dogleg 127
C28 128 133
Dogleg 128
C55 133 191
Dogleg 133
C49 191 200
Dogleg 191
C24 200 222
Dogleg 200
T8 222 233
Dogleg 222
T2 233 248
Dogleg 233
C4 248 274
Dogleg 248
Net 39
C23 110 144
B1 144 156
Dogleg 144
C23 156 166
Dogleg 156
B0 166 190
Dogleg 166
B4 190 197
Dogleg 190
C21 197 205
Dogleg 197
C28 205 209
Dogleg 205
C55 209 247
Dogleg 209
B2 247 268
Dogleg 247
Net 40
C13 43 61
Net 41
T6 1 34
C25 34 92
Dogleg 34
C12 92 239
Dogleg 92
B7 239 242
Dogleg 239
T6 242 244
Dogleg 242
C57 244 251
Dogleg 244
Net 42
C59 40 62
C60 62 103
Dogleg 62
T4 103 182
Dogleg 103
C2 182 248
Dogleg 182
C1 248 272
Dogleg 248
B2 272 276
Dogleg 272
Net 43
T3 53 58
T18 58 59
Dogleg 58
C33 59 61
Dogleg 59
C17 61 90
Dogleg 61
C33 90 122
Dogleg 90
T7 122 138
Dogleg 122
T8 138 141
Dogleg 138
C51 141 143
Dogleg 141
C28 143 203
Dogleg 143
B6 203 211
Dogleg 203
C11 211 263
Dogleg 211
C7 263 276
Dogleg 263
Net 44
B2 8 21
C11 21 53
Dogleg 21
B12 53 77
Dogleg 53
C56 77 91
Dogleg 77
B3 91 123
Dogleg 91
C8 123 225
Dogleg 123
C24 225 243
Dogleg 225
T4 243 254
Dogleg 243
C16 254 255
Dogleg 254
C6 255 281
Dogleg 255
T4 281 283
Dogleg 281
Net 45
T9 29 33
C18 33 39
Dogleg 33
C7 39 85
Dogleg 39
C5 85 159
Dogleg 85
T1 159 160
Dogleg 159
C32 160 169
Dogleg 160
C16 169 223
Dogleg 169
C40 223 232
Dogleg 223
T7 232 259
Dogleg 232
T6 259 262
Dogleg 259
T0 262 267
Dogleg 262
Net 46
C38 132 142
C17 142 207
Dogleg 142
C9 207 245
Dogleg 207
T6 245 252
Dogleg 245
T5 252 263
Dogleg 252
Net 47
C6 9 11
T4 11 31
Dogleg 11
C24 31 57
Dogleg 31
C47 57 125
Dogleg 57
C17 125 136
Dogleg 125
C47 136 195
Dogleg 136
C23 195 235
Dogleg 195
B0 235 268
Dogleg 235
Net 48
C10 19 26
C52 26 30
Dogleg 26
T8 30 35
Dogleg 30
C26 35 146
Dogleg 35
C23 146 155
Dogleg 146
C56 155 170
Dogleg 155
T5 170 177
Dogleg 170
C41 177 178
Dogleg 177
C1 178 245
Dogleg 178
B9 245 259
Dogleg 245
Net 49
T1 16 42
C32 42 48
Dogleg 42
C49 48 125
Dogleg 48
T5 125 151
Dogleg 125
C57 151 175
Dogleg 151
C43 175 226
Dogleg 175
Net 50
C17 15 16
C15 16 23
Dogleg 16
C27 23 73
Dogleg 23
B9 73 113
Dogleg 73
B8 113 127
Dogleg 113
B12 127 129
Dogleg 127
C25 129 145
Dogleg 129
C35 145 167
Dogleg 145
C5 167 171
Dogleg 167
B2 171 193
Dogleg 171
B0 193 227
Dogleg 193
C3 227 280
Dogleg 227
T3 280 283
Dogleg 280
Net 51
C14 23 90
B12 90 106
Dogleg 90
T3 106 111
Dogleg 106
C37 111 161
Dogleg 111
C51 161 233
Dogleg 161
Net 52
C61 68 210
C54 210 216
Dogleg 210
Net 53
C60 22 40
T0 40 95
Dogleg 40
C25 95 118
Dogleg 95
B0 118 164
Dogleg 118
C42 164 246
Dogleg 164
B3 246 280
Dogleg 246
Net 54
T4 2 9
C7 9 37
Dogleg 9
B4 37 38
Dogleg 37
C54 38 88
Dogleg 38
C20 88 134
Dogleg 88
C56 134 151
Dogleg 134
B10 151 153
Dogleg 151
C21 153 185
Dogleg 153
T5 185 186
Dogleg 185
T4 186 200
Dogleg 186
C50 200 206
Dogleg 200
Net 55
C1 56 65
C45 65 269
Dogleg 65
Net 56
T1 6 13
T0 13 36
Dogleg 13
C28 36 112
Dogleg 36
T3 112 120
Dogleg 112
T8 120 131
Dogleg 120
T2 131 144
Dogleg 131
T3 144 179
Dogleg 144
T5 179 183
Dogleg 179
C41 183 225
Dogleg 183
T11 225 236
Dogleg 225
T8 236 253
Dogleg 236
T3 253 270
Dogleg 253
Net 57
C18 44 45
Net 58
C19 0 162
T1 162 178
Dogleg 162
C46 178 189
Dogleg 178
B5 189 213
Dogleg 189
C13 213 230
Dogleg 213
B9 230 242
Dogleg 230
Net 59
C5 11 60
B6 60 79
Dogleg 60
C24 79 191
Dogleg 79
C46 191 221
Dogleg 191
C27 221 249
Dogleg 221
C26 249 257
Dogleg 249
Net 60
C13 25 41
Net 61
B4 12 32
C15 32 42
Dogleg 32
C31 42 150
Dogleg 42
T2 150 162
Dogleg 150
T5 162 165
Dogleg 162
C60 165 176
Dogleg 165
C44 176 180
Dogleg 176
B10 180 185
Dogleg 180
Net 62
C16 15 72
B10 72 80
Dogleg 72
B12 80 89
Dogleg 80
B4 89 107
Dogleg 89
C56 107 133
Dogleg 107
T8 133 135
Dogleg 133
C20 135 198
Dogleg 135
B4 198 218
Dogleg 198
C52 218 246
Dogleg 218
C43 246 258
Dogleg 246
T1 258 265
Dogleg 258
Net 63
C23 31 95
B8 95 109
Dogleg 95
C27 109 147
Dogleg 109
C25 147 187
Dogleg 147
B6 187 202
Dogleg 187
C6 202 234
Dogleg 202
Net 64
C18 46 243
