Channel density: 97
Net 1
C50 44 57
B0 57 81
Dogleg 57
C64 81 108
Dogleg 81
C43 108 179
Dogleg 108
C62 179 180
Dogleg 179
C82 180 206
Dogleg 180
Net 2
B1 4 7
C38 7 40
Dogleg 7
C32 40 84
Dogleg 40
B0 84 95
Dogleg 84
C89 95 173
Dogleg 95
C88 173 242
Dogleg 173
Net 3
C9 20 47
C84 47 102
Dogleg 47
Net 4
B0 54 56
C67 56 146
Dogleg 56
C9 146 167
Dogleg 146
C30 167 185
Dogleg 167
C20 185 203
Dogleg 185
Net 5
B0 6 15
C5 15 169
Dogleg 15
Net 6
C82 0 2
C66 2 29
Dogleg 2
C24 29 139
Dogleg 29
C9 139 145
Dogleg 139
C71 145 233
Dogleg 145
Net 7
C7 17 20
C6 20 35
Dogleg 20
C41 35 176
Dogleg 35
Net 8
C9 55 118
C80 118 182
Dogleg 118
C77 182 239
Dogleg 182
B0 239 265
Dogleg 239
Net 9
C52 1 200
T10 200 212
Dogleg 200
C18 212 217
Dogleg 212
C13 217 220
Dogleg 217
C96 220 251
Dogleg 220
T3 251 264
Dogleg 251
Net 10
C54 99 162
Net 11
C2 8 168
C35 168 196
Dogleg 168
Net 12
T1 100 106
C79 106 157
Dogleg 106
C23 157 162
Dogleg 157
C45 162 198
Dogleg 162
C40 198 227
Dogleg 198
B2 227 237
Dogleg 227
B1 237 261
Dogleg 237
Net 13
C26 21 152
C4 152 165
Dogleg 152
C79 165 211
Dogleg 165
C64 211 221
Dogleg 211
Net 14
C16 12 109
Net 15
B1 10 13
C46 13 154
Dogleg 13
C19 154 203
Dogleg 154
B6 203 218
Dogleg 203
Net 16
C42 125 232
T3 232 247
Dogleg 232
C17 247 254
Dogleg 247
Net 17
C56 45 121
C68 121 187
Dogleg 121
B3 187 229
Dogleg 187
Net 18
C48 43 85
C19 85 116
Dogleg 85
C51 116 248
Dogleg 116
Net 19
C60 62 237
C2 237 243
Dogleg 237
C1 243 246
Dogleg 243
B4 246 253
Dogleg 246
Net 20
T0 69 262
Net 21
C54 45 70
T2 70 133
Dogleg 70
C94 133 263
Dogleg 133
Net 22
C74 88 91
C50 91 166
Dogleg 91
C4 166 208
Dogleg 166
C97 208 220
Dogleg 208
Net 23
C85 126 138
Net 24
C49 44 103
C63 103 170
Dogleg 103
C58 170 193
Dogleg 170
Net 25
C12 23 80
C83 80 205
Dogleg 80
C43 205 233
Dogleg 205
B6 233 239
Dogleg 233
Net 26
C31 181 183
Net 27
C37 123 131
B1 131 184
Dogleg 131
C10 184 266
Dogleg 184
Net 28
C51 75 106
C77 106 141
Dogleg 106
C10 141 183
Dogleg 141
C8 183 204
Dogleg 183
B4 204 208
Dogleg 204
Net 29
C73 113 234
Net 30
C34 37 209
C80 209 258
Dogleg 209
Net 31
C38 42 168
C37 168 198
Dogleg 168
B5 198 260
Dogleg 198
Net 32
C29 38 143
C17 143 212
Dogleg 143
C4 212 246
Dogleg 212
Net 33
C53 9 64
C88 64 148
Dogleg 64
T2 148 155
Dogleg 148
Net 34
C19 11 83
C12 83 121
Dogleg 83
C27 121 259
Dogleg 121
Net 35
C45 43 87
C37 87 115
Dogleg 87
Net 36
C72 82 182
C7 182 189
Dogleg 182
B7 189 222
Dogleg 189
Net 37
C61 30 94
C90 94 255
Dogleg 94
Net 38
C78 51 219
B6 219 230
Dogleg 219
Net 39
C3 10 249
Net 40
C13 24 148
C87 148 173
Dogleg 148
Net 41
C39 5 205
C7 205 226
Dogleg 205
Net 42
C11 3 174
C1 174 230
Dogleg 174
T4 230 256
Dogleg 230
Net 43
C70 151 194
Net 44
C47 13 67
B1 67 73
Dogleg 67
C33 73 93
Dogleg 73
C62 93 125
Dogleg 93
C56 125 170
Dogleg 125
Net 45
C15 50 244
C12 244 251
Dogleg 244
C95 251 263
Dogleg 251
Net 46
C25 33 68
C6 68 126
Dogleg 68
C84 126 225
Dogleg 126
Net 47
C92 104 159
Net 48
C44 23 201
Net 49
C63 53 74
C47 74 231
Dogleg 74
C40 231 248
Dogleg 231
Net 50
C22 21 161
C62 161 166
Dogleg 161
C54 166 176
Dogleg 166
Net 51
C65 2 113
C18 113 128
Dogleg 113
B2 128 218
Dogleg 128
C16 218 247
Dogleg 218
Net 52
C40 71 192
Net 53
C81 0 156
C20 156 181
Dogleg 156
C2 181 224
Dogleg 181
B7 224 235
Dogleg 224
Net 54
C28 36 124
C82 124 165
Dogleg 124
C81 165 206
Dogleg 165
Net 55
C61 97 223
Net 56
B0 17 26
C17 26 110
Dogleg 26
C16 110 122
Dogleg 110
B3 122 186
Dogleg 122
C12 186 241
Dogleg 186
B2 241 256
Dogleg 241
Net 57
C33 32 68
T8 68 79
Dogleg 68
C63 79 89
Dogleg 79
C45 89 150
Dogleg 89
C13 150 185
Dogleg 150
B1 185 235
Dogleg 185
C1 235 240
Dogleg 235
Net 58
C54 9 42
C40 42 65
Dogleg 42
C70 65 127
Dogleg 65
C62 127 155
Dogleg 127
C77 155 179
Dogleg 155
C63 179 188
Dogleg 179
C43 188 201
Dogleg 188
Net 59
C72 190 236
T2 236 266
Dogleg 236
Net 60
C10 3 60
C50 60 85
Dogleg 60
C73 85 96
Dogleg 85
C86 96 160
Dogleg 96
C28 160 216
Dogleg 160
C9 216 255
Dogleg 216
Net 61
T7 224 228
Net 62
C54 78 97
C53 97 117
Dogleg 97
C19 117 144
Dogleg 117
C70 144 147
Dogleg 144
C67 147 172
Dogleg 147
C50 172 228
Dogleg 172
Net 63
B0 27 41
C36 41 108
Dogleg 41
C18 108 111
Dogleg 108
C64 111 147
Dogleg 111
C33 147 192
Dogleg 147
Net 64
B1 16 61
C51 61 63
Dogleg 61
C42 63 119
Dogleg 63
C36 119 191
Dogleg 119
B6 191 196
Dogleg 191
C31 196 199
Dogleg 196
T11 199 209
Dogleg 199
Net 65
C35 37 123
C12 123 184
Dogleg 123
C11 184 244
Dogleg 184
C2 244 249
Dogleg 244
Net 66
C51 1 57
C76 57 133
Dogleg 57
C1 133 171
Dogleg 133
Net 67
C21 28 207
C8 207 236
Dogleg 207
Net 68
C15 25 46
C57 46 195
Dogleg 46
C56 195 245
Dogleg 195
C5 245 252
Dogleg 245
Net 69
C42 14 62
B1 62 64
Dogleg 62
C51 64 67
Dogleg 64
T10 67 72
Dogleg 67
T1 72 99
Dogleg 72
Net 70
C6 15 19
C37 19 86
Dogleg 19
C32 86 197
Dogleg 86
C62 197 223
Dogleg 197
Net 71
C18 11 105
C49 105 202
Dogleg 105
C5 202 243
Dogleg 202
C26 243 250
Dogleg 243
Net 72
C69 18 131
C59 131 180
Dogleg 131
C9 180 204
Dogleg 180
Net 73
C68 18 114
C74 114 144
Dogleg 114
T6 144 145
Dogleg 144
C74 145 197
Dogleg 145
C63 197 265
Dogleg 197
T5 265 267
Dogleg 265
Net 74
C1 6 120
C53 120 175
Dogleg 120
C48 175 178
Dogleg 175
B0 178 238
Dogleg 178
Net 75
B2 4 72
Net 76
C43 35 107
T1 107 129
Dogleg 107
C91 129 159
Dogleg 129
C26 159 215
Dogleg 159
Net 77
C9 48 52
C64 52 74
Dogleg 52
T10 74 79
Dogleg 74
T9 79 81
Dogleg 79
C71 81 139
Dogleg 81
C69 139 193
Dogleg 139
C59 193 211
Dogleg 193
Net 78
C60 30 58
C93 58 156
Dogleg 58
C85 156 219
Dogleg 156
C79 219 257
Dogleg 219
B4 257 260
Dogleg 257
Net 79
C41 7 14
C8 14 164
Dogleg 14
C29 164 215
Dogleg 164
Net 80
C31 39 177
C5 177 199
Dogleg 177
C30 199 216
Dogleg 199
C29 216 241
Dogleg 216
Net 81
C14 16 238
T1 238 257
Dogleg 238
Net 82
C66 52 213
C23 213 254
Dogleg 213
C18 254 267
Dogleg 254
Net 83
C7 130 132
B0 132 175
Dogleg 132
C46 175 207
Dogleg 175
Net 84
C4 12 151
C64 151 210
Dogleg 151
Net 85
C40 5 34
C27 34 110
Dogleg 34
T6 110 136
Dogleg 110
C65 136 253
Dogleg 136
Net 86
C30 8 112
C17 112 134
Dogleg 112
T5 134 142
Dogleg 134
C16 142 171
Dogleg 142
Net 87
C53 77 96
C33 96 119
Dogleg 96
C20 119 140
Dogleg 119
C75 140 225
Dogleg 140
C74 225 234
Dogleg 225
Net 88
B0 48 49
C59 49 88
Dogleg 49
Net 89
C6 130 240
Net 90
C25 69 259
Net 91
C32 32 39
C55 39 195
Dogleg 39
C48 195 227
Dogleg 195
C41 227 232
Dogleg 227
Net 92
C20 26 109
T9 109 122
Dogleg 109
T3 122 152
Dogleg 122
C28 152 153
Dogleg 152
C24 153 250
Dogleg 153
Net 93
C48 86 174
C38 174 214
Dogleg 174
B4 214 245
Dogleg 214
Net 94
C22 163 213
Net 95
C23 29 153
C18 153 200
Dogleg 153
Net 96
C75 22 137
C7 137 169
Dogleg 137
Net 97
C7 22 129
C87 129 137
Dogleg 129
C76 137 258
Dogleg 137
Net 98
C58 46 163
C23 163 210
Dogleg 163
Net 99
C6 36 66
C10 66 132
Dogleg 66
T1 132 186
Dogleg 132
C13 186 188
Dogleg 186
C41 188 214
Dogleg 188
C39 214 231
Dogleg 214
B3 231 252
Dogleg 231
Net 100
B0 51 53
C62 53 92
Dogleg 53
C59 92 127
Dogleg 92
