Channel density: 69
Net 1
B1 0 11
C10 11 57
Dogleg 11
B2 57 62
Dogleg 57
B0 62 67
Dogleg 62
C9 67 103
Dogleg 67
C65 103 131
Dogleg 103
C68 131 258
Dogleg 131
C45 258 261
Dogleg 258
C20 261 267
Dogleg 261
C13 267 286
Dogleg 267
Net 2
C10 61 206
Net 3
C43 43 100
C36 100 110
Dogleg 100
C7 110 127
Dogleg 110
C46 127 128
Dogleg 127
T0 128 159
Dogleg 128
C60 159 164
Dogleg 159
C46 164 184
Dogleg 164
C55 184 230
Dogleg 184
C43 230 258
Dogleg 230
Net 4
C41 64 167
C19 167 255
Dogleg 167
C5 255 263
Dogleg 255
Net 5
C37 58 158
C59 158 212
Dogleg 158
Net 6
C11 18 54
C45 54 95
Dogleg 54
C44 95 260
Dogleg 95
C40 260 264
Dogleg 260
Net 7
T0 1 3
C52 3 35
Dogleg 3
C55 35 59
Dogleg 35
B1 59 93
Dogleg 59
C49 93 165
Dogleg 93
C48 165 192
Dogleg 165
Net 8
C8 9 208
C16 208 259
Dogleg 208
Net 9
C28 13 100
C25 100 126
Dogleg 100
C17 126 148
Dogleg 126
C57 148 239
Dogleg 148
C22 239 276
Dogleg 239
Net 10
C22 21 164
C12 164 242
Dogleg 164
C36 242 254
Dogleg 242
C1 254 269
Dogleg 254
B0 269 290
Dogleg 269
Net 11
C32 90 112
Net 12
C13 49 200
Net 13
C44 39 68
B0 68 69
Dogleg 68
C30 69 81
Dogleg 69
C2 81 168
Dogleg 81
C51 168 201
Dogleg 168
C54 201 212
Dogleg 201
C49 212 225
Dogleg 212
C42 225 230
Dogleg 225
Net 14
C42 95 128
C7 128 142
Dogleg 128
C40 142 176
Dogleg 142
C2 176 275
Dogleg 176
Net 15
C18 10 177
C16 177 206
Dogleg 177
C46 206 233
Dogleg 206
C42 233 254
Dogleg 233
C37 254 257
Dogleg 254
C25 257 285
Dogleg 257
Net 16
C34 155 247
Net 17
C30 189 277
Net 18
C48 20 104
C64 104 120
Dogleg 104
C21 120 125
Dogleg 120
Net 19
C50 15 48
C30 48 65
Dogleg 48
C21 65 78
Dogleg 65
B0 78 102
Dogleg 78
C35 102 144
Dogleg 102
C26 144 162
Dogleg 144
C5 162 250
Dogleg 162
C18 250 266
Dogleg 250
C28 266 287
Dogleg 266
Net 20
B0 8 19
C25 19 25
Dogleg 19
C46 25 55
Dogleg 25
C35 55 88
Dogleg 55
C3 88 181
Dogleg 88
C43 181 215
Dogleg 181
C13 215 256
Dogleg 215
Net 21
C47 12 45
C34 45 75
Dogleg 45
T1 75 77
Dogleg 75
C34 77 143
Dogleg 77
C7 143 182
Dogleg 143
C26 182 210
Dogleg 182
C10 210 223
Dogleg 210
C43 223 229
Dogleg 223
C32 229 251
Dogleg 229
C20 251 257
Dogleg 251
C12 257 263
Dogleg 257
Net 22
C20 26 36
C6 36 136
Dogleg 36
C43 136 161
Dogleg 136
T0 161 188
Dogleg 161
C29 188 217
Dogleg 188
C18 217 244
Dogleg 217
C3 244 283
Dogleg 244
Net 23
C56 106 171
C69 171 250
Dogleg 171
Net 24
C4 6 283
Net 25
C62 17 189
C31 189 218
Dogleg 189
Net 26
C53 28 33
C25 33 76
Dogleg 33
C53 76 149
Dogleg 76
B0 149 228
Dogleg 149
C26 228 271
Dogleg 228
Net 27
C5 27 161
C24 161 179
Dogleg 161
C22 179 237
Dogleg 179
Net 28
T0 6 36
C26 36 37
Dogleg 36
C13 37 47
Dogleg 37
C7 47 79
Dogleg 47
C50 79 107
Dogleg 79
C45 107 114
Dogleg 107
C28 114 234
Dogleg 114
B0 234 248
Dogleg 234
B1 248 289
Dogleg 248
Net 29
C14 57 173
C50 173 199
Dogleg 173
C46 199 202
Dogleg 199
C6 202 231
Dogleg 202
C27 231 249
Dogleg 231
C21 249 252
Dogleg 249
C11 252 265
Dogleg 252
C5 265 281
Dogleg 265
C36 281 291
Dogleg 281
Net 30
C1 33 107
C38 107 113
Dogleg 107
C59 113 153
Dogleg 113
C53 153 163
Dogleg 153
C43 163 176
Dogleg 163
C41 176 195
Dogleg 176
C17 195 204
Dogleg 195
C13 204 214
Dogleg 204
C50 214 217
Dogleg 214
C39 217 278
Dogleg 217
Net 31
C30 23 46
C29 46 55
Dogleg 46
C11 55 61
Dogleg 55
C46 61 124
Dogleg 61
C31 124 131
Dogleg 124
C64 131 168
Dogleg 131
C52 168 190
Dogleg 168
C35 190 268
Dogleg 190
C33 268 273
Dogleg 268
C26 273 285
Dogleg 273
Net 32
C26 11 19
T1 19 69
Dogleg 19
C31 69 71
Dogleg 69
B0 71 73
Dogleg 71
C42 73 84
Dogleg 73
C21 84 116
Dogleg 84
C60 116 147
Dogleg 116
C31 147 172
Dogleg 147
C20 172 249
Dogleg 172
B0 249 267
Dogleg 249
C11 267 287
Dogleg 267
Net 33
C17 22 62
C11 62 123
Dogleg 62
C52 123 153
Dogleg 123
C35 153 166
Dogleg 153
C16 166 174
Dogleg 166
C14 174 265
Dogleg 174
C12 265 271
Dogleg 265
Net 34
C33 32 203
C52 203 241
Dogleg 203
C7 241 284
Dogleg 241
Net 35
B0 3 7
C5 7 25
Dogleg 7
C24 25 78
Dogleg 25
C44 78 89
Dogleg 78
C35 89 101
Dogleg 89
C28 101 111
Dogleg 101
C26 111 140
Dogleg 111
C9 140 236
Dogleg 140
C28 236 253
Dogleg 236
C23 253 269
Dogleg 253
C10 269 274
Dogleg 269
Net 36
C17 65 108
C57 108 141
Dogleg 108
C21 141 245
Dogleg 141
C9 245 284
Dogleg 245
Net 37
C31 72 118
C63 118 135
Dogleg 118
C58 135 214
Dogleg 135
C51 214 221
Dogleg 214
Net 38
C15 29 193
Net 39
C27 279 280
Net 40
C16 26 80
C55 80 86
Dogleg 80
C54 86 137
Dogleg 86
C6 137 197
Dogleg 137
C39 197 216
Dogleg 197
C17 216 290
Dogleg 216
C37 290 291
Dogleg 290
Net 41
C7 7 44
C52 44 122
Dogleg 44
C29 122 184
Dogleg 122
C3 184 232
Dogleg 184
C33 232 262
Dogleg 232
Net 42
C46 4 12
C14 12 52
Dogleg 12
C31 52 63
Dogleg 52
C26 63 109
Dogleg 63
C50 109 166
Dogleg 109
C49 166 196
Dogleg 166
C32 196 225
Dogleg 196
Net 43
C27 13 126
Net 44
C19 10 165
C47 165 187
Dogleg 165
C7 187 226
Dogleg 187
Net 45
C38 14 99
C60 99 113
Dogleg 99
C61 113 178
Dogleg 113
C18 178 213
Dogleg 178
C11 213 233
Dogleg 213
C6 233 292
Dogleg 233
Net 46
C45 4 40
C20 40 111
Dogleg 40
C17 111 124
Dogleg 111
C11 124 130
Dogleg 124
C36 130 146
Dogleg 130
C27 146 199
Dogleg 146
C41 199 242
Dogleg 199
Net 47
C39 14 186
Net 48
T0 38 41
C26 41 60
Dogleg 41
C40 60 129
Dogleg 60
C21 129 132
Dogleg 129
C45 132 243
Dogleg 132
C41 243 262
Dogleg 243
C34 262 276
Dogleg 262
C23 276 279
Dogleg 276
Net 49
C9 9 16
C49 16 24
Dogleg 16
C57 24 80
Dogleg 24
C56 80 87
Dogleg 80
T0 87 119
Dogleg 87
C30 119 169
Dogleg 119
T1 169 170
Dogleg 169
C20 170 171
Dogleg 170
Net 50
C1 0 32
C32 32 89
Dogleg 32
C30 89 106
Dogleg 89
C48 106 132
Dogleg 106
C65 132 150
Dogleg 132
C17 150 194
Dogleg 150
C15 194 238
Dogleg 194
B1 238 246
Dogleg 238
C10 246 268
Dogleg 246
C32 268 277
Dogleg 268
Net 51
C43 102 134
C21 134 138
Dogleg 134
C54 138 180
Dogleg 138
C24 180 288
Dogleg 180
Net 52
C23 21 63
B2 63 92
Dogleg 63
C36 92 99
Dogleg 92
B2 99 114
Dogleg 99
C20 114 169
Dogleg 114
C2 169 175
Dogleg 169
C53 175 205
Dogleg 175
C17 205 209
Dogleg 205
C8 209 289
Dogleg 209
C1 289 292
Dogleg 289
Net 53
C13 23 34
C29 34 42
Dogleg 34
C36 42 88
Dogleg 42
C55 88 159
Dogleg 88
C1 159 227
Dogleg 159
C29 227 288
Dogleg 227
Net 54
C12 18 157
Net 55
C2 5 77
C25 77 98
Dogleg 77
C24 98 119
Dogleg 98
C16 119 158
Dogleg 119
C36 158 236
Dogleg 158
C58 236 239
Dogleg 236
Net 56
C3 5 86
C42 86 92
Dogleg 86
C66 92 200
Dogleg 92
C47 200 235
Dogleg 200
C1 235 253
Dogleg 235
C21 253 259
Dogleg 253
C19 259 261
Dogleg 259
C13 261 264
Dogleg 261
C37 264 281
Dogleg 264
Net 57
C58 24 133
C11 133 207
Dogleg 133
C33 207 227
Dogleg 207
C31 227 270
Dogleg 227
C1 270 274
Dogleg 270
Net 58
C56 2 66
C29 66 82
Dogleg 66
C7 82 108
Dogleg 82
C1 108 154
Dogleg 108
C23 154 198
Dogleg 154
T0 198 208
Dogleg 198
C23 208 218
Dogleg 208
Net 59
T1 1 15
C51 15 28
Dogleg 15
C6 28 35
Dogleg 28
C51 35 135
Dogleg 35
C25 135 237
Dogleg 135
Net 60
C49 68 87
C29 87 121
Dogleg 87
C24 121 160
Dogleg 121
C37 160 228
Dogleg 160
C49 228 278
Dogleg 228
Net 61
C37 8 42
T0 42 85
Dogleg 42
C24 85 97
Dogleg 85
C45 97 101
Dogleg 97
C38 101 105
Dogleg 101
C9 105 139
Dogleg 105
C67 139 211
Dogleg 139
C48 211 232
Dogleg 211
C37 232 240
Dogleg 232
C3 240 241
Dogleg 240
Net 62
C6 2 27
C21 27 53
Dogleg 27
C14 53 56
Dogleg 53
C54 56 83
Dogleg 56
C16 83 117
Dogleg 83
C45 117 129
Dogleg 117
C42 129 224
Dogleg 129
C23 224 246
Dogleg 224
C15 246 286
Dogleg 246
Net 63
C42 49 64
C47 64 134
Dogleg 64
C46 134 140
Dogleg 134
C38 140 273
Dogleg 140
C35 273 282
Dogleg 273
Net 64
C9 17 66
C23 66 151
Dogleg 66
C32 151 182
Dogleg 151
C30 182 183
Dogleg 182
C40 183 243
Dogleg 183
C25 243 245
Dogleg 243
