Channel density: 113
Net 1
T11 0 8
B8 8 47
Dogleg 8
C88 47 63
Dogleg 47
T5 63 75
Dogleg 63
C81 75 118
Dogleg 75
C44 118 431
Dogleg 118
Net 2
T1 5 433
Net 3
C7 36 56
Net 4
C96 97 171
Net 5
C103 104 131
C60 131 411
Dogleg 131
T5 411 414
Dogleg 411
C104 414 452
Dogleg 414
Net 6
C85 70 288
C66 288 390
Dogleg 288
Net 7
C99 34 37
B11 37 49
Dogleg 37
C2 49 61
Dogleg 49
T6 61 110
Dogleg 61
C68 110 225
Dogleg 110
C89 225 257
Dogleg 225
T7 257 258
Dogleg 257
T6 258 263
Dogleg 258
C52 263 285
Dogleg 263
C72 285 364
Dogleg 285
T7 364 423
Dogleg 364
C107 423 446
Dogleg 423
C108 446 455
Dogleg 446
C101 455 484
Dogleg 455
Net 8
B10 42 67
C80 67 141
Dogleg 67
T4 141 144
Dogleg 141
C80 144 154
Dogleg 144
C63 154 230
Dogleg 154
C34 230 263
Dogleg 230
C21 263 386
Dogleg 263
C77 386 448
Dogleg 386
C79 448 449
Dogleg 448
C48 449 460
Dogleg 449
C50 460 479
Dogleg 460
Net 9
B5 41 105
T2 105 139
Dogleg 105
C93 139 432
Dogleg 139
C100 432 471
Dogleg 432
C17 471 482
Dogleg 471
Net 10
C111 41 276
Net 11
C97 439 451
Net 12
C96 14 31
B3 31 88
Dogleg 31
C62 88 106
Dogleg 88
C76 106 116
Dogleg 106
C87 116 134
Dogleg 116
C105 134 150
Dogleg 134
T4 150 195
Dogleg 150
C61 195 289
Dogleg 195
C85 289 331
Dogleg 289
T2 331 430
Dogleg 331
C42 430 465
Dogleg 430
B4 465 476
Dogleg 465
Net 13
C84 4 70
B10 70 72
Dogleg 70
C60 72 87
Dogleg 72
C103 87 95
Dogleg 87
C109 95 142
Dogleg 95
T2 142 191
Dogleg 142
C62 191 282
Dogleg 191
C96 282 354
Dogleg 282
T10 354 377
Dogleg 354
T11 377 391
Dogleg 377
T8 391 397
Dogleg 391
C76 397 445
Dogleg 397
B0 445 490
Dogleg 445
Net 14
B6 69 85
C92 85 140
Dogleg 85
C30 140 367
Dogleg 140
C92 367 416
Dogleg 367
B2 416 470
Dogleg 416
Net 15
C103 335 468
Net 16
C82 20 114
C28 114 261
Dogleg 114
Net 17
B3 15 29
C101 29 64
Dogleg 29
T2 64 74
Dogleg 64
T14 74 97
Dogleg 74
C103 97 102
Dogleg 97
C93 102 136
Dogleg 102
C98 136 143
Dogleg 136
C109 143 182
Dogleg 143
T14 182 197
Dogleg 182
C43 197 201
Dogleg 197
B13 201 234
Dogleg 201
C14 234 249
Dogleg 234
C112 249 316
Dogleg 249
C26 316 395
Dogleg 316
Net 18
B4 16 23
C104 23 131
Dogleg 23
T4 131 136
Dogleg 131
C103 136 160
Dogleg 136
C49 160 168
Dogleg 160
B1 168 173
Dogleg 168
C59 173 178
Dogleg 173
C72 178 236
Dogleg 178
C8 236 305
Dogleg 236
B1 305 314
Dogleg 305
C28 314 358
Dogleg 314
C100 358 431
Dogleg 358
C45 431 459
Dogleg 431
Net 19
C67 122 274
Net 20
T14 50 72
C61 72 108
Dogleg 72
C108 108 172
Dogleg 108
C55 172 336
Dogleg 172
C37 336 406
Dogleg 336
Net 21
T10 9 30
C4 30 55
Dogleg 30
B1 55 144
Dogleg 55
C36 144 220
Dogleg 144
C92 220 253
Dogleg 220
T2 253 265
Dogleg 253
T7 265 267
Dogleg 265
T6 267 268
Dogleg 267
C39 268 328
Dogleg 268
C58 328 334
Dogleg 328
C88 334 481
Dogleg 334
C81 481 503
Dogleg 481
Net 22
C88 257 333
C89 333 418
Dogleg 333
Net 23
T3 10 48
B8 48 61
Dogleg 48
C1 61 92
Dogleg 61
C16 92 132
Dogleg 92
C13 132 155
Dogleg 132
C80 155 162
Dogleg 155
C46 162 385
Dogleg 162
C78 385 410
Dogleg 385
B12 410 425
Dogleg 410
C101 425 432
Dogleg 425
C111 432 456
Dogleg 432
Net 24
B1 17 51
C86 51 276
Dogleg 51
C29 276 377
Dogleg 276
C102 377 394
Dogleg 377
C104 394 407
Dogleg 394
Net 25
C66 137 278
C111 278 425
Dogleg 278
Net 26
C67 379 473
Net 27
C110 19 58
T8 58 169
Dogleg 58
C13 169 300
Dogleg 169
C45 300 307
Dogleg 300
C32 307 469
Dogleg 307
Net 28
C98 200 233
C99 233 466
Dogleg 233
Net 29
C90 42 205
C100 205 240
Dogleg 205
C63 240 454
Dogleg 240
C65 454 463
Dogleg 454
Net 30
C9 73 208
Net 31
C69 165 378
T10 378 382
Dogleg 378
T0 382 478
Dogleg 382
Net 32
B9 57 59
C65 59 304
Dogleg 59
C86 304 313
Dogleg 304
C19 313 401
Dogleg 313
C49 401 501
Dogleg 401
Net 33
C106 3 26
C41 26 46
Dogleg 26
C89 46 222
Dogleg 46
C41 222 246
Dogleg 222
C33 246 303
Dogleg 246
C35 303 427
Dogleg 303
B8 427 447
Dogleg 427
C81 447 474
Dogleg 447
C89 474 489
Dogleg 474
C112 489 508
Dogleg 489
Net 34
C92 210 218
C38 218 499
Dogleg 218
Net 35
C40 224 244
Net 36
B7 75 120
C76 120 149
Dogleg 120
T11 149 177
Dogleg 149
C78 177 318
Dogleg 177
C86 318 355
Dogleg 318
T9 355 401
Dogleg 355
C54 401 460
Dogleg 401
Net 37
C53 157 393
Net 38
T5 372 410
Net 39
C80 54 60
T7 60 128
Dogleg 60
C8 128 169
Dogleg 128
Net 40
C91 344 474
Net 41
C54 148 232
C21 232 261
Dogleg 232
C22 261 298
Dogleg 261
C36 298 366
Dogleg 298
C62 366 389
Dogleg 366
C71 389 507
Dogleg 389
Net 42
C60 108 126
C101 126 422
Dogleg 126
Net 43
C40 151 192
C38 192 217
Dogleg 192
Net 44
C34 271 323
Net 45
C73 45 441
C84 441 502
Dogleg 441
Net 46
B5 12 32
C100 32 202
Dogleg 32
C43 202 290
Dogleg 202
Net 47
C21 44 115
C106 115 123
Dogleg 115
C66 123 135
Dogleg 123
C87 135 186
Dogleg 135
B9 186 207
Dogleg 186
C26 207 264
Dogleg 207
C41 264 354
Dogleg 264
C56 354 421
Dogleg 354
B9 421 443
Dogleg 421
C68 443 454
Dogleg 443
C104 454 475
Dogleg 454
C83 475 489
Dogleg 475
C88 489 503
Dogleg 489
Net 48
B9 63 65
C39 65 84
Dogleg 65
C51 84 291
Dogleg 84
B10 291 292
Dogleg 291
C61 292 365
Dogleg 292
C96 365 494
Dogleg 365
Net 49
C107 3 76
C76 76 103
Dogleg 76
C12 103 259
Dogleg 103
C89 259 328
Dogleg 259
C64 328 348
Dogleg 328
C20 348 387
Dogleg 348
C76 387 396
Dogleg 387
C102 396 416
Dogleg 396
C105 416 442
Dogleg 416
Net 50
T0 7 381
Net 51
C94 35 340
Net 52
C56 138 229
C10 229 273
Dogleg 229
Net 53
C83 4 54
T10 54 103
Dogleg 54
C77 103 112
Dogleg 103
B5 112 123
Dogleg 112
C63 123 145
Dogleg 123
C98 145 199
Dogleg 145
C39 199 215
Dogleg 199
C49 215 353
Dogleg 215
C62 353 361
Dogleg 353
T12 361 362
Dogleg 361
C75 362 472
Dogleg 362
Net 54
C62 314 331
C81 331 409
Dogleg 331
T6 409 428
Dogleg 409
Net 55
T11 99 147
C14 147 213
Dogleg 147
C7 213 279
Dogleg 213
B4 279 295
Dogleg 279
C58 295 317
Dogleg 295
Net 56
C109 183 212
C23 212 214
Dogleg 212
C27 214 478
Dogleg 214
Net 57
T8 10 18
C111 18 40
Dogleg 18
C112 40 247
Dogleg 40
C20 247 268
Dogleg 247
C36 268 284
Dogleg 268
C80 284 310
Dogleg 284
C102 310 318
Dogleg 310
C112 318 338
Dogleg 318
C34 338 399
Dogleg 338
C43 399 435
Dogleg 399
C101 435 447
Dogleg 435
C107 447 477
Dogleg 447
Net 58
C83 71 229
C104 229 391
Dogleg 229
C66 391 461
Dogleg 391
Net 59
C110 95 404
C51 404 481
Dogleg 404
C80 481 488
Dogleg 481
T0 488 492
Dogleg 488
Net 60
C95 14 320
Net 61
B9 43 51
B11 51 77
Dogleg 51
C56 77 94
Dogleg 77
C67 94 113
Dogleg 94
C77 113 188
Dogleg 113
C49 188 209
Dogleg 188
C21 209 231
Dogleg 209
C68 231 426
Dogleg 231
C74 426 495
Dogleg 426
Net 62
C56 245 345
Net 63
T13 52 94
C68 94 101
Dogleg 94
B3 101 110
Dogleg 101
C49 110 153
Dogleg 110
C32 153 294
Dogleg 153
C51 294 403
Dogleg 294
Net 64
T3 64 71
C84 71 114
Dogleg 71
T3 114 181
Dogleg 114
C75 181 292
Dogleg 181
C91 292 335
Dogleg 292
C100 335 353
Dogleg 335
C64 353 438
Dogleg 353
C113 438 470
Dogleg 438
C16 470 471
Dogleg 470
B2 471 472
Dogleg 471
C73 472 487
Dogleg 472
B4 487 496
Dogleg 487
B6 496 505
Dogleg 496
Net 65
T11 9 21
C108 21 107
Dogleg 21
C72 107 173
Dogleg 107
C108 173 321
Dogleg 173
T8 321 330
Dogleg 321
T3 330 372
Dogleg 330
T4 372 379
Dogleg 372
C69 379 443
Dogleg 379
C105 443 480
Dogleg 443
Net 66
T12 8 27
C43 27 138
Dogleg 27
C27 138 213
Dogleg 138
C15 213 310
Dogleg 213
C65 310 324
Dogleg 310
C22 324 349
Dogleg 324
C84 349 350
Dogleg 349
B2 350 366
Dogleg 350
B8 366 394
Dogleg 366
C62 394 485
Dogleg 394
B2 485 496
Dogleg 485
Net 67
C18 80 341
Net 68
C96 34 85
C107 85 163
Dogleg 85
C80 163 281
Dogleg 163
Net 69
T4 345 359
Net 70
T5 2 49
C87 49 58
Dogleg 49
C52 58 258
Dogleg 58
C91 258 291
Dogleg 258
C52 291 501
Dogleg 291
Net 71
C112 13 24
C92 24 80
Dogleg 24
C19 80 174
Dogleg 80
B13 174 186
Dogleg 174
B10 186 218
Dogleg 186
B11 218 226
Dogleg 218
C36 226 254
Dogleg 226
C92 254 312
Dogleg 254
C45 312 399
Dogleg 312
T8 399 424
Dogleg 399
C102 424 487
Dogleg 424
C113 487 498
Dogleg 487
Net 72
C42 25 301
Net 73
C97 2 437
Net 74
C102 28 308
C103 308 323
Dogleg 308
T6 323 350
Dogleg 323
C112 350 368
Dogleg 350
T5 368 369
Dogleg 368
C86 369 402
Dogleg 369
C53 402 457
Dogleg 402
C79 457 464
Dogleg 457
B3 464 506
Dogleg 464
Net 75
C6 121 146
C64 146 319
Dogleg 146
C81 319 324
Dogleg 319
T5 324 327
Dogleg 324
T4 327 342
Dogleg 327
C95 342 477
Dogleg 342
B5 477 494
Dogleg 477
Net 76
B0 17 44
Net 77
C91 24 256
C14 256 386
Dogleg 256
Net 78
C25 141 316
B1 316 375
Dogleg 316
C106 375 483
Dogleg 375
Net 79
B9 7 30
C3 30 53
Dogleg 30
T11 53 89
Dogleg 53
C96 89 93
Dogleg 89
C22 93 216
Dogleg 93
C9 216 297
Dogleg 216
C50 297 322
Dogleg 297
T7 322 347
Dogleg 322
C90 347 412
Dogleg 347
C105 412 415
Dogleg 412
C31 415 469
Dogleg 415
B5 469 476
Dogleg 469
Net 80
T2 82 104
T10 104 161
Dogleg 104
C103 161 265
Dogleg 161
C40 265 344
Dogleg 265
C58 344 411
Dogleg 344
B3 411 462
Dogleg 411
Net 81
C37 33 317
Net 82
B2 16 100
B4 100 109
Dogleg 100
C50 109 121
Dogleg 109
C7 121 149
Dogleg 121
B1 149 164
Dogleg 149
C107 164 243
Dogleg 164
C72 243 279
Dogleg 243
C86 279 303
Dogleg 279
C42 303 352
Dogleg 303
C80 352 376
Dogleg 352
T12 376 385
Dogleg 376
C80 385 453
Dogleg 385
Net 83
C109 19 92
C17 92 348
Dogleg 92
C18 348 482
Dogleg 348
Net 84
C88 66 253
Net 85
C5 26 342
C94 342 461
Dogleg 342
Net 86
C35 125 284
B10 284 286
Dogleg 284
C67 286 347
Dogleg 286
C85 347 457
Dogleg 347
C80 457 475
Dogleg 457
B2 475 480
Dogleg 475
C104 480 495
Dogleg 480
Net 87
C79 6 60
C29 60 189
Dogleg 60
C77 189 246
Dogleg 189
C47 246 441
Dogleg 246
C72 441 492
Dogleg 441
Net 88
C57 296 421
Net 89
C48 83 277
C54 277 351
Dogleg 277
Net 90
C81 120 287
Net 91
C105 22 133
Net 92
T14 98 101
C69 101 159
Dogleg 101
B0 159 172
Dogleg 159
B14 172 233
Dogleg 172
C96 233 281
Dogleg 233
C98 281 319
Dogleg 281
C102 319 371
Dogleg 319
Net 93
B6 12 66
C87 66 112
Dogleg 66
T6 112 156
Dogleg 112
C59 156 171
Dogleg 156
C75 171 180
Dogleg 171
C59 180 235
Dogleg 180
C98 235 280
Dogleg 235
B3 280 299
Dogleg 280
C48 299 374
Dogleg 299
T3 374 406
Dogleg 374
C46 406 449
Dogleg 406
C47 449 459
Dogleg 449
C78 459 502
Dogleg 459
Net 94
C104 1 22
C75 22 77
Dogleg 22
C57 77 175
Dogleg 77
C41 175 190
Dogleg 175
B13 190 197
Dogleg 190
C40 197 214
Dogleg 197
C79 214 306
Dogleg 214
C31 306 356
Dogleg 306
T7 356 363
Dogleg 356
C79 363 426
Dogleg 363
Net 95
C55 87 168
T10 168 187
Dogleg 168
C87 187 217
Dogleg 187
C39 217 245
Dogleg 217
C54 245 275
Dogleg 245
C103 275 305
Dogleg 275
C33 305 373
Dogleg 305
Net 96
C71 39 384
C84 384 414
Dogleg 384
Net 97
C103 1 78
T5 78 174
Dogleg 78
C34 174 220
Dogleg 174
Net 98
C112 25 39
C72 39 45
Dogleg 39
B0 45 158
Dogleg 45
C39 158 193
Dogleg 158
B7 193 211
Dogleg 193
C24 211 332
Dogleg 211
C39 332 339
Dogleg 332
C112 339 346
Dogleg 339
T11 346 368
Dogleg 346
T6 368 404
Dogleg 368
T9 404 417
Dogleg 404
T5 417 428
Dogleg 417
T3 428 434
Dogleg 428
C93 434 455
Dogleg 434
C36 455 491
Dogleg 455
Net 99
T13 0 18
T9 18 28
Dogleg 18
C106 28 81
Dogleg 28
C64 81 143
Dogleg 81
C92 143 207
Dogleg 143
C29 207 260
Dogleg 207
C84 260 337
Dogleg 260
C98 337 370
Dogleg 337
C112 370 462
Dogleg 370
C85 462 500
Dogleg 462
C89 500 504
Dogleg 500
Net 100
C45 162 277
Net 101
T4 105 130
T7 130 158
Dogleg 130
C50 158 219
Dogleg 158
C109 219 456
Dogleg 219
Net 102
C107 302 315
Net 103
T12 52 125
Net 104
T12 129 164
Net 105
C84 117 234
C54 234 240
Dogleg 234
C59 240 429
Dogleg 240
Net 106
C70 107 413
T3 413 419
Dogleg 413
Net 107
T2 37 55
C6 55 69
Dogleg 55
T9 69 99
Dogleg 69
T4 99 102
Dogleg 99
T14 102 109
Dogleg 102
C53 109 153
Dogleg 109
C76 153 227
Dogleg 153
C22 227 251
Dogleg 227
B1 251 297
Dogleg 251
B4 297 355
Dogleg 297
C84 355 373
Dogleg 355
C41 373 473
Dogleg 373
Net 108
T9 57 68
C101 68 124
Dogleg 68
C106 124 371
Dogleg 124
Net 109
C106 86 111
C61 111 191
Dogleg 111
B8 191 199
Dogleg 191
C33 199 238
Dogleg 199
C83 238 352
Dogleg 238
T12 352 359
Dogleg 352
T6 359 360
Dogleg 359
C74 360 380
Dogleg 360
T4 380 417
Dogleg 380
B10 417 427
Dogleg 417
B12 427 434
Dogleg 427
B11 434 440
Dogleg 434
C86 440 504
Dogleg 440
B5 504 505
Dogleg 504
Net 110
C74 91 330
Net 111
C23 219 326
Net 112
C38 33 127
C62 127 181
Dogleg 127
B11 181 206
Dogleg 181
C31 206 251
Dogleg 206
C50 251 285
Dogleg 251
B9 285 293
Dogleg 285
C16 293 311
Dogleg 293
C80 311 321
Dogleg 311
C107 321 420
Dogleg 321
C92 420 463
Dogleg 420
Net 113
C113 13 437
C98 437 497
Dogleg 437
Net 114
C93 40 62
C98 62 78
Dogleg 62
C20 78 209
Dogleg 78
B12 209 227
Dogleg 209
C20 227 237
Dogleg 227
C84 237 252
Dogleg 237
C100 252 327
Dogleg 252
B3 327 363
Dogleg 327
B8 363 365
Dogleg 363
B7 365 382
Dogleg 365
C61 382 413
Dogleg 382
B11 413 422
Dogleg 413
C90 422 500
Dogleg 422
Net 115
C99 38 228
Net 116
C98 31 59
C66 59 122
Dogleg 59
C10 122 208
Dogleg 122
C90 208 313
Dogleg 208
C92 313 357
Dogleg 313
C24 357 367
Dogleg 357
B6 367 375
Dogleg 367
B3 375 397
Dogleg 375
C55 397 458
Dogleg 397
C111 458 491
Dogleg 458
C37 491 499
Dogleg 491
Net 117
T2 15 36
C8 36 73
Dogleg 36
B10 73 81
Dogleg 73
C63 81 88
Dogleg 81
C98 88 135
Dogleg 88
C104 135 226
Dogleg 135
C58 226 288
Dogleg 226
C62 288 309
Dogleg 288
B3 309 325
Dogleg 309
C25 325 369
Dogleg 325
C83 369 433
Dogleg 369
C50 433 458
Dogleg 433
C53 458 467
Dogleg 458
Net 118
C81 20 67
C110 67 91
Dogleg 67
C78 91 176
Dogleg 91
B12 176 205
Dogleg 176
C19 205 293
Dogleg 205
C81 293 315
Dogleg 293
C90 315 333
Dogleg 315
C108 333 444
Dogleg 333
C83 444 468
Dogleg 444
B6 468 483
Dogleg 468
C105 483 484
Dogleg 483
T0 484 486
Dogleg 484
C79 486 488
Dogleg 486
B1 488 490
Dogleg 488
Net 119
B7 11 74
C59 74 151
Dogleg 74
C105 151 405
Dogleg 151
C48 405 438
Dogleg 405
Net 120
C40 46 65
C93 65 100
Dogleg 65
T9 100 170
Dogleg 100
C47 170 194
Dogleg 170
T2 194 248
Dogleg 194
C77 248 332
Dogleg 248
C43 332 374
Dogleg 332
B5 374 381
Dogleg 374
C98 381 436
Dogleg 381
T3 436 440
Dogleg 436
C89 440 466
Dogleg 440
Net 121
B6 86 119
C82 119 424
Dogleg 119
Net 122
C78 6 79
T3 79 111
Dogleg 79
T14 111 176
Dogleg 111
C96 176 232
Dogleg 176
C56 232 242
Dogleg 232
C57 242 294
Dogleg 242
C75 294 336
Dogleg 294
T8 336 389
Dogleg 336
C72 389 408
Dogleg 389
C110 408 465
Dogleg 408
C77 465 486
Dogleg 465
B6 486 493
Dogleg 486
C111 493 508
Dogleg 493
Net 123
B4 29 90
C75 90 167
Dogleg 90
T12 167 185
Dogleg 167
T11 185 193
Dogleg 185
C41 193 221
Dogleg 193
C50 221 244
Dogleg 221
C107 244 301
Dogleg 244
C43 301 329
Dogleg 301
C23 329 357
Dogleg 329
B4 357 388
Dogleg 357
C74 388 419
Dogleg 388
B9 419 420
Dogleg 419
B1 420 451
Dogleg 420
C87 451 485
Dogleg 451
Net 124
C77 79 90
C79 90 204
Dogleg 90
B8 204 215
Dogleg 204
C23 215 216
Dogleg 215
C40 216 222
Dogleg 216
B10 222 231
Dogleg 222
C16 231 266
Dogleg 231
C103 266 272
Dogleg 266
C31 272 282
Dogleg 272
C12 282 300
Dogleg 282
B3 300 308
Dogleg 300
C79 308 329
Dogleg 308
T5 329 351
Dogleg 329
C67 351 378
Dogleg 351
C30 378 415
Dogleg 378
Net 125
T4 5 98
T13 98 190
Dogleg 98
C43 190 195
Dogleg 190
C47 195 239
Dogleg 195
C76 239 343
Dogleg 239
C65 343 450
Dogleg 343
Net 126
C58 50 221
C87 221 448
Dogleg 221
Net 127
C11 11 259
B0 259 444
Dogleg 259
C82 444 498
Dogleg 444
Net 128
C57 180 241
C100 241 250
Dogleg 241
B2 250 341
Dogleg 250
C16 341 393
Dogleg 341
C50 393 423
Dogleg 393
C78 423 453
Dogleg 423
B1 453 479
Dogleg 453
