Channel density: 184
Net 1
C37 87 90
C124 90 159
Dogleg 90
C36 159 278
Dogleg 159
C14 278 432
Dogleg 278
C77 432 505
Dogleg 432
C76 505 756
Dogleg 505
C51 756 802
Dogleg 756
C108 802 832
Dogleg 802
Net 2
C83 43 166
C42 166 212
Dogleg 166
C84 212 277
Dogleg 212
C66 277 336
Dogleg 277
C73 336 505
Dogleg 336
C16 505 694
Dogleg 505
C139 694 768
Dogleg 694
C57 768 779
Dogleg 768
C17 779 817
Dogleg 779
C51 817 824
Dogleg 817
C17 824 869
Dogleg 824
Net 3
C101 4 55
C36 55 62
Dogleg 55
C57 62 106
Dogleg 62
C44 106 627
Dogleg 106
C21 627 734
Dogleg 627
C58 734 811
Dogleg 734
C96 811 857
Dogleg 811
Net 4
C33 125 325
Net 5
C30 60 143
C141 143 249
Dogleg 143
C136 249 267
Dogleg 249
C97 267 279
Dogleg 267
C129 279 375
Dogleg 279
C122 375 481
Dogleg 375
C107 481 656
Dogleg 481
C101 656 673
Dogleg 656
C25 673 685
Dogleg 673
B0 685 691
Dogleg 685
C58 691 725
Dogleg 691
C161 725 800
Dogleg 725
C172 800 867
Dogleg 800
Net 6
C51 53 161
C40 161 214
Dogleg 161
C17 214 328
Dogleg 214
C116 328 645
Dogleg 328
C105 645 781
Dogleg 645
Net 7
C12 9 206
C80 206 321
Dogleg 206
C102 321 376
Dogleg 321
C129 376 563
Dogleg 376
C94 563 791
Dogleg 563
C103 791 866
Dogleg 791
C47 866 903
Dogleg 866
Net 8
C104 84 88
C73 88 149
Dogleg 88
C94 149 157
Dogleg 149
C148 157 334
Dogleg 157
C117 334 434
Dogleg 334
C53 434 493
Dogleg 434
C96 493 540
Dogleg 493
C77 540 562
Dogleg 540
C49 562 577
Dogleg 562
C165 577 647
Dogleg 577
C99 647 890
Dogleg 647
C3 890 915
Dogleg 890
Net 9
C83 35 38
B0 38 63
Dogleg 38
C36 63 79
Dogleg 63
C28 79 170
Dogleg 79
C94 170 264
Dogleg 170
C11 264 372
Dogleg 264
C151 372 437
Dogleg 372
C111 437 523
Dogleg 437
C53 523 702
Dogleg 523
C90 702 751
Dogleg 702
C89 751 753
Dogleg 751
C44 753 840
Dogleg 753
C41 840 860
Dogleg 840
Net 10
C67 31 101
C63 101 175
Dogleg 101
B0 175 194
Dogleg 175
C52 194 199
Dogleg 194
C156 199 254
Dogleg 199
C112 254 416
Dogleg 254
C94 416 508
Dogleg 416
C68 508 520
Dogleg 508
C33 520 586
Dogleg 520
C123 586 769
Dogleg 586
C121 769 833
Dogleg 769
C32 833 900
Dogleg 833
Net 11
C5 2 144
C91 144 265
Dogleg 144
C77 265 429
Dogleg 265
C8 429 668
Dogleg 429
C102 668 686
Dogleg 668
C97 686 731
Dogleg 686
Net 12
C178 217 389
C143 389 603
Dogleg 389
C173 603 681
Dogleg 603
C43 681 842
Dogleg 681
C108 842 908
Dogleg 842
Net 13
C71 83 244
C54 244 431
Dogleg 244
C23 431 614
Dogleg 431
C45 614 793
Dogleg 614
C13 793 872
Dogleg 793
C51 872 919
Dogleg 872
Net 14
C18 23 73
C181 73 230
Dogleg 73
C28 230 269
Dogleg 230
C119 269 378
Dogleg 269
C100 378 403
Dogleg 378
C27 403 426
Dogleg 403
C22 426 540
Dogleg 426
C70 540 696
Dogleg 540
C1 696 832
Dogleg 696
C107 832 908
Dogleg 832
C2 908 934
Dogleg 908
Net 15
C34 42 457
C164 457 918
Dogleg 457
Net 16
C124 821 928
Net 17
C33 41 124
C95 124 192
Dogleg 124
C117 192 251
Dogleg 192
C172 251 317
Dogleg 251
C2 317 462
Dogleg 317
C117 462 546
Dogleg 462
C113 546 600
Dogleg 546
C57 600 750
Dogleg 600
C162 750 827
Dogleg 750
C131 827 897
Dogleg 827
B0 897 939
Dogleg 897
Net 18
C103 84 231
C76 231 501
Dogleg 231
C41 501 724
Dogleg 501
Net 19
C3 6 553
C2 553 614
Dogleg 553
Net 20
C41 40 150
C143 150 258
Dogleg 150
C180 258 303
Dogleg 258
C75 303 349
Dogleg 303
C57 349 366
Dogleg 349
C39 366 471
Dogleg 366
C18 471 509
Dogleg 471
C166 509 582
Dogleg 509
C60 582 623
Dogleg 582
C169 623 644
Dogleg 623
C83 644 650
Dogleg 644
C100 650 677
Dogleg 650
C97 677 682
Dogleg 677
C6 682 894
Dogleg 682
Net 21
C21 13 122
C138 122 241
Dogleg 122
C131 241 304
Dogleg 241
C170 304 354
Dogleg 304
C122 354 365
Dogleg 354
C35 365 467
Dogleg 365
C25 467 516
Dogleg 467
C180 516 558
Dogleg 516
C179 558 719
Dogleg 558
C62 719 745
Dogleg 719
C53 745 826
Dogleg 745
C115 826 923
Dogleg 826
C113 923 936
Dogleg 923
Net 22
C144 208 226
Net 23
C52 139 145
C5 145 250
Dogleg 145
C155 250 310
Dogleg 250
C154 310 343
Dogleg 310
C6 343 353
Dogleg 343
C163 353 409
Dogleg 353
C162 409 523
Dogleg 409
C115 523 713
Dogleg 523
C63 713 748
Dogleg 713
C36 748 813
Dogleg 748
C26 813 830
Dogleg 813
C22 830 856
Dogleg 830
C44 856 893
Dogleg 856
Net 24
C5 252 322
C109 322 339
Dogleg 322
C60 339 438
Dogleg 339
C54 438 511
Dogleg 438
C171 511 692
Dogleg 511
C181 692 719
Dogleg 692
C180 719 779
Dogleg 719
C63 779 785
Dogleg 779
C54 785 855
Dogleg 785
C46 855 866
Dogleg 855
C33 866 917
Dogleg 866
Net 25
C50 52 96
C37 96 147
Dogleg 96
C92 147 224
Dogleg 147
C75 224 226
Dogleg 224
C142 226 401
Dogleg 226
C144 401 569
Dogleg 401
C77 569 755
Dogleg 569
C49 755 818
Dogleg 755
Net 26
C32 10 32
C26 32 127
Dogleg 32
C54 127 158
Dogleg 127
C37 158 237
Dogleg 158
C10 237 292
Dogleg 237
C78 292 580
Dogleg 292
C34 580 601
Dogleg 580
C86 601 607
Dogleg 601
Net 27
C40 40 146
C173 146 587
Dogleg 146
Net 28
C87 164 701
C141 701 837
Dogleg 701
C16 837 842
Dogleg 837
Net 29
C28 30 75
C9 75 196
Dogleg 75
C134 196 316
Dogleg 196
C177 316 330
Dogleg 316
C172 330 345
Dogleg 330
C118 345 358
Dogleg 345
C23 358 428
Dogleg 358
C103 428 451
Dogleg 428
C95 451 504
Dogleg 451
C7 504 574
Dogleg 504
C84 574 654
Dogleg 574
C36 654 726
Dogleg 654
C87 726 787
Dogleg 726
Net 30
C54 61 66
C132 66 118
Dogleg 66
C74 118 331
Dogleg 118
C17 331 405
Dogleg 331
C100 405 463
Dogleg 405
C140 463 665
Dogleg 463
C96 665 675
Dogleg 665
C83 675 697
Dogleg 675
C101 697 786
Dogleg 697
C21 786 878
Dogleg 786
C77 878 926
Dogleg 878
Net 31
C48 51 128
C26 128 218
Dogleg 128
C20 218 452
Dogleg 218
C90 452 513
Dogleg 452
C79 513 621
Dogleg 513
C143 621 683
Dogleg 621
C75 683 696
Dogleg 683
C100 696 854
Dogleg 696
T0 854 881
Dogleg 854
Net 32
C80 8 204
C58 204 225
Dogleg 204
C57 225 345
Dogleg 225
C107 345 363
Dogleg 345
T0 363 452
Dogleg 363
C91 452 845
Dogleg 452
C26 845 913
Dogleg 845
C7 913 932
Dogleg 913
Net 33
C24 26 58
C97 58 264
Dogleg 58
C124 264 374
Dogleg 264
C69 374 607
Dogleg 374
C5 607 619
Dogleg 607
C51 619 659
Dogleg 619
C68 659 707
Dogleg 659
C22 707 739
Dogleg 707
C21 739 782
Dogleg 739
C139 782 874
Dogleg 782
C134 874 896
Dogleg 874
Net 34
C91 266 451
C88 451 518
Dogleg 451
C158 518 812
Dogleg 518
Net 35
C23 26 140
C110 140 464
Dogleg 140
C62 464 515
Dogleg 464
C59 515 617
Dogleg 515
C9 617 715
Dogleg 617
C109 715 823
Dogleg 715
C105 823 836
Dogleg 823
C36 836 848
Dogleg 836
C55 848 938
Dogleg 848
Net 36
C9 8 14
C129 14 197
Dogleg 14
B0 197 225
Dogleg 197
C49 225 387
Dogleg 225
C26 387 654
Dogleg 387
Net 37
C114 19 189
C113 189 280
Dogleg 189
C141 280 525
Dogleg 280
C120 525 620
Dogleg 525
C5 620 653
Dogleg 620
C149 653 770
Dogleg 653
C146 770 883
Dogleg 770
Net 38
C8 7 67
C62 67 300
Dogleg 67
C43 300 552
Dogleg 300
C90 552 687
Dogleg 552
C162 687 725
Dogleg 687
C176 725 844
Dogleg 725
C16 844 882
Dogleg 844
Net 39
C142 143 201
C50 201 527
Dogleg 201
C42 527 594
Dogleg 527
C35 594 612
Dogleg 594
C86 612 787
Dogleg 612
C11 787 804
Dogleg 787
C97 804 811
Dogleg 804
Net 40
C69 78 107
C79 107 325
Dogleg 107
C162 325 370
Dogleg 325
C138 370 389
Dogleg 370
C84 389 553
Dogleg 389
C125 553 776
Dogleg 553
C124 776 820
Dogleg 776
Net 41
C107 407 456
Net 42
C70 83 392
C154 392 514
Dogleg 392
C152 514 535
Dogleg 514
C54 535 560
Dogleg 535
C66 560 738
Dogleg 560
C148 738 801
Dogleg 738
C34 801 920
Dogleg 801
C3 920 922
Dogleg 920
Net 43
C59 205 348
C27 348 397
Dogleg 348
C108 397 437
Dogleg 397
C51 437 455
Dogleg 437
C18 455 466
Dogleg 455
C99 466 503
Dogleg 466
C59 503 514
Dogleg 503
C151 514 525
Dogleg 514
C149 525 630
Dogleg 525
C89 630 711
Dogleg 630
Net 44
C99 173 274
C63 274 330
Dogleg 274
C168 330 350
Dogleg 330
C115 350 412
Dogleg 350
C99 412 463
Dogleg 412
C2 463 552
Dogleg 463
C32 552 608
Dogleg 552
C9 608 616
Dogleg 608
C174 616 690
Dogleg 616
C54 690 780
Dogleg 690
Net 45
C85 256 762
C112 762 923
Dogleg 762
Net 46
C31 39 487
C153 487 637
Dogleg 487
C60 637 736
Dogleg 637
C14 736 853
Dogleg 736
C8 853 911
Dogleg 853
Net 47
C68 72 167
C149 167 267
Dogleg 167
C139 267 474
Dogleg 267
C34 474 576
Dogleg 474
Net 48
T0 43 53
C52 53 137
Dogleg 53
C104 137 176
Dogleg 137
C121 176 311
Dogleg 176
C95 311 449
Dogleg 311
C15 449 596
Dogleg 449
C78 596 930
Dogleg 596
Net 49
C39 46 364
C75 364 379
Dogleg 364
C128 379 567
Dogleg 379
C5 567 606
Dogleg 567
C154 606 653
Dogleg 606
Net 50
C60 627 636
C113 636 865
Dogleg 636
Net 51
C150 170 257
C145 257 335
Dogleg 257
C25 335 456
Dogleg 335
C10 456 877
Dogleg 456
Net 52
C144 72 190
C78 190 288
Dogleg 190
C176 288 643
Dogleg 288
C59 643 732
Dogleg 643
C19 732 911
Dogleg 732
Net 53
C158 37 148
C96 148 492
Dogleg 148
C55 492 665
Dogleg 492
Net 54
C63 348 710
C48 710 868
Dogleg 710
Net 55
C106 12 155
C184 155 282
Dogleg 155
C84 282 307
Dogleg 282
C131 307 365
Dogleg 307
C125 365 367
Dogleg 365
C57 367 480
Dogleg 367
C39 480 527
Dogleg 480
C32 527 546
Dogleg 527
C111 546 565
Dogleg 546
C152 565 628
Dogleg 565
C170 628 867
Dogleg 628
C37 867 892
Dogleg 867
Net 56
C49 111 184
C19 184 284
Dogleg 184
C113 284 472
Dogleg 284
C104 472 526
Dogleg 472
C89 526 605
Dogleg 526
C6 605 680
Dogleg 605
C51 680 742
Dogleg 680
C47 742 746
Dogleg 742
C80 746 884
Dogleg 746
C76 884 885
Dogleg 884
Net 57
C30 33 59
C24 59 79
Dogleg 59
C18 79 195
Dogleg 79
C109 195 314
Dogleg 195
C100 314 356
Dogleg 314
C89 356 501
Dogleg 356
C122 501 613
Dogleg 501
C35 613 781
Dogleg 613
B0 781 783
Dogleg 781
Net 58
C174 138 252
C63 252 273
Dogleg 252
C126 273 428
Dogleg 273
C106 428 454
Dogleg 428
C103 454 619
Dogleg 454
C59 619 642
Dogleg 619
C146 642 683
Dogleg 642
C145 683 726
Dogleg 683
C146 726 740
Dogleg 726
C115 740 804
Dogleg 740
C101 804 849
Dogleg 804
B0 849 854
Dogleg 849
C40 854 886
Dogleg 854
C103 886 895
Dogleg 886
C102 895 914
Dogleg 895
T0 914 937
Dogleg 914
Net 59
C55 18 123
C132 123 424
Dogleg 123
Net 60
C180 648 699
Net 61
C94 11 82
T0 82 121
Dogleg 82
C89 121 351
Dogleg 121
C59 351 471
Dogleg 351
C58 471 526
Dogleg 471
C88 526 751
Dogleg 526
C29 751 805
Dogleg 751
C25 805 935
Dogleg 805
Net 62
C105 155 639
C69 639 688
Dogleg 639
Net 63
C2 0 66
B0 66 172
Dogleg 66
C43 172 210
Dogleg 172
C81 210 243
Dogleg 210
C175 243 318
Dogleg 243
C27 318 347
Dogleg 318
C167 347 545
Dogleg 347
C27 545 656
Dogleg 545
C79 656 703
Dogleg 656
C75 703 705
Dogleg 703
C33 705 862
Dogleg 705
C3 862 888
Dogleg 862
Net 64
C10 9 221
C104 221 333
Dogleg 221
C28 333 381
Dogleg 333
C15 381 406
Dogleg 381
C94 406 413
Dogleg 406
C145 413 593
Dogleg 413
C134 593 678
Dogleg 593
C47 678 733
Dogleg 678
C120 733 843
Dogleg 733
Net 65
C3 1 5
C6 5 68
Dogleg 5
C37 68 86
Dogleg 68
C131 86 179
Dogleg 86
C107 179 216
Dogleg 179
C40 216 338
Dogleg 216
C18 338 446
Dogleg 338
C123 446 512
Dogleg 446
C54 512 534
Dogleg 512
C45 534 549
Dogleg 534
C121 549 620
Dogleg 549
C139 620 678
Dogleg 620
C135 678 727
Dogleg 678
Net 66
C60 3 20
C15 20 293
Dogleg 20
C130 293 441
Dogleg 293
C108 441 468
Dogleg 441
C157 468 477
Dogleg 468
C139 477 588
Dogleg 477
C33 588 698
Dogleg 588
C16 698 720
Dogleg 698
C8 720 721
Dogleg 720
C102 721 890
Dogleg 721
C100 890 927
Dogleg 890
Net 67
C134 129 168
C57 168 202
Dogleg 168
C52 202 232
Dogleg 202
C153 232 394
Dogleg 232
C70 394 443
Dogleg 394
C17 443 447
Dogleg 443
C7 447 503
Dogleg 447
C57 503 555
Dogleg 503
C43 555 631
Dogleg 555
C71 631 723
Dogleg 631
C52 723 745
Dogleg 723
C31 745 839
Dogleg 745
C20 839 886
Dogleg 839
Net 68
C54 76 123
C21 123 163
Dogleg 123
C66 163 183
Dogleg 163
C151 183 276
Dogleg 183
C128 276 378
Dogleg 276
C125 378 383
Dogleg 378
C119 383 568
Dogleg 383
C65 568 686
Dogleg 568
C25 686 701
Dogleg 686
C69 701 736
Dogleg 701
C61 736 738
Dogleg 736
C41 738 809
Dogleg 738
C45 809 880
Dogleg 809
C53 880 919
Dogleg 880
Net 69
T0 71 80
C146 80 192
Dogleg 80
C119 192 263
Dogleg 192
C135 263 327
Dogleg 263
C79 327 383
Dogleg 327
C28 383 461
Dogleg 383
T0 461 491
Dogleg 461
C100 491 557
Dogleg 491
C45 557 598
Dogleg 557
C15 598 687
Dogleg 598
C65 687 757
Dogleg 687
C62 757 810
Dogleg 757
Net 70
C45 49 286
Net 71
C1 0 692
C163 692 750
Dogleg 692
Net 72
C56 88 320
C41 320 500
Dogleg 320
C106 500 916
Dogleg 500
Net 73
C137 95 530
C38 530 809
Dogleg 530
Net 74
C7 7 245
C71 245 286
Dogleg 245
C47 286 408
Dogleg 286
C114 408 429
Dogleg 408
C88 429 440
Dogleg 429
C83 440 638
Dogleg 440
C68 638 657
Dogleg 638
C40 657 712
Dogleg 657
C111 712 825
Dogleg 712
Net 75
C145 80 229
C12 229 649
Dogleg 229
Net 76
C51 183 242
C160 242 800
Dogleg 242
C55 800 817
Dogleg 800
C174 817 828
Dogleg 817
Net 77
C44 49 70
C6 70 235
Dogleg 70
C83 235 281
Dogleg 235
C28 281 315
Dogleg 281
C147 315 369
Dogleg 315
C107 369 399
Dogleg 369
C27 399 401
Dogleg 399
C131 401 493
Dogleg 401
C147 493 694
Dogleg 493
C140 694 758
Dogleg 694
Net 78
C32 41 91
C85 91 234
Dogleg 91
C52 234 476
Dogleg 234
Net 79
C48 131 708
Net 80
C83 169 219
C26 219 324
Dogleg 219
C80 324 499
Dogleg 324
C131 499 567
Dogleg 499
C129 567 785
Dogleg 567
Net 81
C150 296 430
Net 82
C29 46 101
C20 101 121
Dogleg 101
C88 121 360
Dogleg 121
C74 360 518
Dogleg 360
C25 518 663
Dogleg 518
C51 663 679
Dogleg 663
C116 679 762
Dogleg 679
C114 762 821
Dogleg 762
C8 821 851
Dogleg 821
Net 83
C113 15 44
C38 44 287
Dogleg 44
C118 287 342
Dogleg 287
C109 342 473
Dogleg 342
C19 473 664
Dogleg 473
C32 664 730
Dogleg 664
C112 730 749
Dogleg 730
C97 749 763
Dogleg 749
B0 763 780
Dogleg 763
C27 780 833
Dogleg 780
C1 833 899
Dogleg 833
Net 84
C63 67 97
C50 97 198
Dogleg 97
C111 198 420
Dogleg 198
C90 420 425
Dogleg 420
C147 425 488
Dogleg 425
C142 488 583
Dogleg 488
C36 583 651
Dogleg 583
C83 651 672
Dogleg 651
C55 672 703
Dogleg 672
C25 703 737
Dogleg 703
C145 737 770
Dogleg 737
C60 770 806
Dogleg 770
C11 806 815
Dogleg 806
C122 815 870
Dogleg 815
C120 870 936
Dogleg 870
C114 936 937
Dogleg 936
Net 85
C9 198 544
C22 544 585
Dogleg 544
C72 585 610
Dogleg 585
C111 610 669
Dogleg 610
Net 86
C147 103 247
C7 247 445
Dogleg 247
C70 445 528
Dogleg 445
C36 528 575
Dogleg 528
C7 575 661
Dogleg 575
Net 87
C67 116 162
C57 162 167
Dogleg 162
C53 167 275
Dogleg 167
C6 275 310
Dogleg 275
C152 310 433
Dogleg 310
C93 433 548
Dogleg 433
C65 548 566
Dogleg 548
C57 566 582
Dogleg 566
C4 582 647
Dogleg 582
C2 647 873
Dogleg 647
C13 873 922
Dogleg 873
Net 88
C114 15 16
C9 16 71
Dogleg 16
C8 71 77
Dogleg 71
C56 77 85
Dogleg 77
C43 85 171
Dogleg 85
C28 171 228
Dogleg 171
C75 228 302
Dogleg 228
C55 302 435
Dogleg 302
C127 435 529
Dogleg 435
C62 529 542
Dogleg 529
C80 542 560
Dogleg 542
C151 560 583
Dogleg 560
C144 583 789
Dogleg 583
C125 789 870
Dogleg 789
Net 89
C77 133 257
C144 257 280
Dogleg 257
C143 280 377
Dogleg 280
C124 377 484
Dogleg 377
C113 484 543
Dogleg 484
C86 543 580
Dogleg 543
C178 580 690
Dogleg 580
C176 690 710
Dogleg 690
C68 710 906
Dogleg 710
Net 90
C136 95 238
C11 238 262
Dogleg 238
C115 262 305
Dogleg 262
C97 305 308
Dogleg 305
C84 308 386
Dogleg 308
C134 386 564
Dogleg 386
C54 564 660
Dogleg 564
C44 660 742
Dogleg 660
C25 742 801
Dogleg 742
C3 801 861
Dogleg 801
Net 91
C43 47 82
C24 82 917
Dogleg 82
Net 92
C68 169 490
Net 93
T0 61 68
C66 68 93
Dogleg 68
C123 93 442
Dogleg 93
C156 442 470
Dogleg 442
C150 470 600
Dogleg 470
C117 600 707
Dogleg 600
C75 707 729
Dogleg 707
C18 729 876
Dogleg 729
C17 876 924
Dogleg 876
Net 94
C22 25 99
C76 99 134
Dogleg 99
C102 134 182
Dogleg 134
C158 182 294
Dogleg 182
C157 294 387
Dogleg 294
C82 387 436
Dogleg 387
C126 436 444
Dogleg 436
C121 444 478
Dogleg 444
C35 478 592
Dogleg 478
C148 592 621
Dogleg 592
C145 621 666
Dogleg 621
C7 666 876
Dogleg 666
Net 95
C88 443 448
C168 448 907
Dogleg 448
Net 96
C96 124 142
C4 142 453
Dogleg 142
C130 453 500
Dogleg 453
C112 500 655
Dogleg 500
C84 655 716
Dogleg 655
C138 716 792
Dogleg 716
C35 792 905
Dogleg 792
Net 97
C53 302 423
C142 423 474
Dogleg 423
C155 474 611
Dogleg 474
C42 611 723
Dogleg 611
C8 723 761
Dogleg 723
T0 761 774
Dogleg 761
C174 774 798
Dogleg 774
Net 98
C65 65 338
C58 338 340
Dogleg 338
C40 340 529
Dogleg 340
C58 529 589
Dogleg 529
C57 589 593
Dogleg 589
C133 593 634
Dogleg 593
C44 634 659
Dogleg 634
C4 659 744
Dogleg 659
C131 744 778
Dogleg 744
Net 99
C161 242 344
C46 344 422
Dogleg 344
C81 422 663
Dogleg 422
C54 663 688
Dogleg 663
C15 688 789
Dogleg 688
C63 789 891
Dogleg 789
C59 891 932
Dogleg 891
Net 100
C125 81 177
C47 177 207
Dogleg 177
C12 207 227
Dogleg 207
B0 227 297
Dogleg 227
C15 297 380
Dogleg 297
C75 380 419
Dogleg 380
C71 419 617
Dogleg 419
C155 617 739
Dogleg 617
C134 739 796
Dogleg 739
B0 796 837
Dogleg 796
C15 837 905
Dogleg 837
Net 101
C14 12 34
C37 34 63
Dogleg 34
C140 63 439
Dogleg 63
C55 439 489
Dogleg 439
C46 489 551
Dogleg 489
C137 551 791
Dogleg 551
Net 102
C36 290 517
Net 103
C37 239 859
Net 104
C25 27 334
C104 334 466
Dogleg 334
C100 466 486
Dogleg 466
C6 486 599
Dogleg 486
C162 599 630
Dogleg 599
C152 630 782
Dogleg 630
T0 782 805
Dogleg 782
C93 805 862
Dogleg 805
Net 105
C93 11 305
C73 305 329
Dogleg 305
C6 329 341
Dogleg 329
C58 341 469
Dogleg 341
C97 469 618
Dogleg 469
C96 618 658
Dogleg 618
C27 658 774
Dogleg 658
C173 774 828
Dogleg 774
C29 828 893
Dogleg 828
Net 106
C42 47 164
C76 164 228
Dogleg 164
C92 228 861
Dogleg 228
C22 861 869
Dogleg 861
Net 107
C69 118 371
Net 108
C36 85 158
C32 158 312
Dogleg 158
C6 312 323
Dogleg 312
C56 323 476
Dogleg 323
C156 476 878
Dogleg 476
C81 878 928
Dogleg 878
Net 109
T0 29 32
C60 32 327
Dogleg 32
C5 327 565
Dogleg 327
C104 565 823
Dogleg 565
C11 823 855
Dogleg 823
C43 855 879
Dogleg 855
C28 879 924
Dogleg 879
C33 924 933
Dogleg 924
Net 110
C66 94 160
C81 160 204
Dogleg 160
C127 204 414
Dogleg 204
C115 414 473
Dogleg 414
C110 473 667
Dogleg 473
C172 667 775
Dogleg 667
C171 775 819
Dogleg 775
C28 819 838
Dogleg 819
C49 838 896
Dogleg 838
C6 896 915
Dogleg 896
Net 111
C125 390 543
C114 543 747
Dogleg 543
C75 747 884
Dogleg 747
Net 112
C13 13 510
C72 510 576
Dogleg 510
Net 113
T1 22 51
C49 51 64
Dogleg 51
C92 64 144
Dogleg 64
C180 144 223
Dogleg 144
C107 223 342
Dogleg 223
B0 342 384
Dogleg 342
C30 384 496
Dogleg 384
C178 496 558
Dogleg 496
C21 558 615
Dogleg 558
C2 615 646
Dogleg 615
C72 646 764
Dogleg 646
C39 764 865
Dogleg 764
C54 865 921
Dogleg 865
Net 114
C182 73 154
C52 154 193
Dogleg 154
C95 193 245
Dogleg 193
C81 245 420
Dogleg 245
C88 420 426
Dogleg 420
C46 426 485
Dogleg 426
C124 485 613
Dogleg 485
T0 613 631
Dogleg 613
C72 631 645
Dogleg 631
C103 645 743
Dogleg 645
C29 743 748
Dogleg 743
C4 748 757
Dogleg 748
C61 757 806
Dogleg 757
T0 806 851
Dogleg 806
C31 851 913
Dogleg 851
C27 913 929
Dogleg 913
C3 929 939
Dogleg 929
Net 115
C115 2 64
C111 64 153
Dogleg 64
C14 153 277
Dogleg 153
C53 277 283
Dogleg 277
C51 283 435
Dogleg 283
C14 435 499
Dogleg 435
C30 499 669
Dogleg 499
C107 669 797
Dogleg 669
C175 797 798
Dogleg 797
C177 798 852
Dogleg 798
C36 852 882
Dogleg 852
C18 882 935
Dogleg 882
Net 116
C58 62 200
C18 200 248
Dogleg 200
C95 248 306
Dogleg 248
C93 306 398
Dogleg 306
C66 398 547
Dogleg 398
C9 547 602
Dogleg 547
C93 602 749
Dogleg 602
C40 749 850
Dogleg 749
C28 850 871
Dogleg 850
C14 871 925
Dogleg 871
C3 925 926
Dogleg 925
Net 117
C86 112 235
C85 235 255
Dogleg 235
C177 255 295
Dogleg 255
C10 295 363
Dogleg 295
C103 363 403
Dogleg 363
C142 403 418
Dogleg 403
C127 418 432
Dogleg 418
C90 432 438
Dogleg 432
C114 438 542
Dogleg 438
C172 542 587
Dogleg 542
C22 587 674
Dogleg 587
C50 674 916
Dogleg 674
Net 118
C59 3 200
C169 200 559
Dogleg 200
C46 559 700
Dogleg 559
C33 700 704
Dogleg 700
C46 704 776
Dogleg 704
C123 776 877
Dogleg 776
Net 119
C61 20 151
C30 151 160
Dogleg 151
C54 160 243
Dogleg 160
C51 243 282
Dogleg 243
C83 282 433
Dogleg 282
C27 433 544
Dogleg 433
C62 544 591
Dogleg 544
C58 591 670
Dogleg 591
C8 670 718
Dogleg 670
C142 718 783
Dogleg 718
Net 120
C72 24 410
C47 410 675
Dogleg 410
C22 675 706
Dogleg 675
C53 706 728
Dogleg 706
C71 728 732
Dogleg 728
C79 732 756
Dogleg 732
Net 121
C35 131 270
C117 270 309
Dogleg 270
C136 309 624
Dogleg 309
C13 624 775
Dogleg 624
C169 775 907
Dogleg 775
Net 122
C16 21 36
C14 36 152
Dogleg 36
C41 152 319
Dogleg 152
C28 319 326
Dogleg 319
C144 326 346
Dogleg 326
C135 346 504
Dogleg 346
C175 504 603
Dogleg 504
C174 603 604
Dogleg 603
C151 604 633
Dogleg 604
C43 633 679
Dogleg 633
C20 679 695
Dogleg 679
C69 695 700
Dogleg 695
C143 700 754
Dogleg 700
C47 754 841
Dogleg 754
C9 841 938
Dogleg 841
Net 123
C84 38 203
C57 203 224
Dogleg 203
C10 224 236
Dogleg 224
C6 236 272
Dogleg 236
C130 272 290
Dogleg 272
C38 290 409
Dogleg 290
C161 409 520
Dogleg 409
C74 520 747
Dogleg 520
C32 747 816
Dogleg 747
C69 816 906
Dogleg 816
Net 124
C122 117 352
C65 352 541
Dogleg 352
C157 541 807
Dogleg 541
Net 125
C31 10 33
T0 33 42
Dogleg 33
C35 42 78
Dogleg 42
C8 78 427
Dogleg 78
C132 427 446
Dogleg 427
C126 446 572
Dogleg 446
C80 572 711
Dogleg 572
C56 711 822
Dogleg 711
Net 126
C36 44 54
T1 54 99
Dogleg 54
C77 99 130
Dogleg 99
C139 130 259
Dogleg 130
C138 259 366
Dogleg 259
C88 366 412
Dogleg 366
C38 412 513
Dogleg 412
C18 513 618
Dogleg 513
C95 618 857
Dogleg 618
C4 857 934
Dogleg 857
Net 127
C49 69 108
C57 108 145
Dogleg 108
C183 145 220
Dogleg 145
C152 220 298
Dogleg 220
C151 298 313
Dogleg 298
C32 313 332
Dogleg 313
C26 332 385
Dogleg 332
C79 385 495
Dogleg 385
C56 495 706
Dogleg 495
C55 706 793
Dogleg 706
C116 793 910
Dogleg 793
Net 128
C55 128 299
C16 299 502
Dogleg 299
C14 502 734
Dogleg 502
Net 129
C126 126 218
C42 218 410
Dogleg 218
C15 410 444
Dogleg 410
C117 444 454
Dogleg 444
T0 454 460
Dogleg 454
C20 460 677
Dogleg 460
C96 677 753
Dogleg 677
C90 753 778
Dogleg 753
C130 778 831
Dogleg 778
C129 831 874
Dogleg 831
C133 874 920
Dogleg 874
Net 130
C30 161 381
C102 381 646
Dogleg 381
C97 646 671
Dogleg 646
C19 671 714
Dogleg 671
C119 714 769
Dogleg 714
C59 769 863
Dogleg 769
Net 131
C27 29 316
C133 316 536
Dogleg 316
C68 536 610
Dogleg 536
C32 610 661
Dogleg 610
C151 661 740
Dogleg 661
C147 740 767
Dogleg 740
C52 767 858
Dogleg 767
B0 858 887
Dogleg 858
Net 132
T0 56 58
C98 58 74
Dogleg 58
C44 74 104
Dogleg 74
C32 104 148
Dogleg 104
C23 148 355
Dogleg 148
C125 355 357
Dogleg 355
C100 357 376
Dogleg 357
C21 376 557
Dogleg 376
C4 557 581
Dogleg 557
C49 581 741
Dogleg 581
C42 741 864
Dogleg 741
C11 864 894
Dogleg 864
C10 894 904
Dogleg 894
C1 904 931
Dogleg 904
Net 133
C86 91 96
C78 96 184
Dogleg 96
C66 184 251
Dogleg 184
C116 251 294
Dogleg 251
C156 294 343
Dogleg 294
C155 343 450
Dogleg 343
C17 450 777
Dogleg 450
C13 777 790
Dogleg 777
C57 790 864
Dogleg 790
Net 134
C157 37 261
C174 261 511
Dogleg 261
Net 135
C35 81 110
C81 110 156
Dogleg 110
C154 156 266
Dogleg 156
C94 266 400
Dogleg 266
C93 400 430
Dogleg 400
C149 430 519
Dogleg 430
C138 519 626
Dogleg 519
C177 626 648
Dogleg 626
C4 648 658
Dogleg 648
C26 658 810
Dogleg 658
C16 810 831
Dogleg 810
C128 831 912
Dogleg 831
Net 136
C47 48 69
C2 69 314
Dogleg 69
C97 314 467
Dogleg 314
C45 467 533
Dogleg 467
C50 533 672
Dogleg 533
C23 672 892
Dogleg 672
C7 892 901
Dogleg 892
C32 901 933
Dogleg 901
Net 137
C46 97 98
C135 98 259
Dogleg 98
C46 259 339
Dogleg 259
C32 339 475
Dogleg 339
C28 475 728
Dogleg 475
B0 728 761
Dogleg 728
Net 138
C100 4 291
C45 291 465
Dogleg 291
C148 465 588
Dogleg 465
C142 588 641
Dogleg 588
C79 641 655
Dogleg 641
C5 655 914
Dogleg 655
Net 139
C64 65 490
C52 490 717
Dogleg 490
C9 717 764
Dogleg 717
C8 764 814
Dogleg 764
C115 814 825
Dogleg 814
C114 825 871
Dogleg 825
Net 140
C63 178 246
C159 246 483
Dogleg 246
C108 483 506
Dogleg 483
C73 506 758
Dogleg 506
C4 758 853
Dogleg 758
Net 141
C46 50 92
C32 92 102
Dogleg 92
C22 102 421
Dogleg 102
C75 421 608
Dogleg 421
C34 608 794
Dogleg 608
C117 794 910
Dogleg 794
Net 142
C47 70 111
C35 111 129
Dogleg 111
C133 129 307
Dogleg 129
C146 307 632
Dogleg 307
C136 632 788
Dogleg 632
C127 788 875
Dogleg 788
C2 875 901
Dogleg 875
Net 143
C19 24 179
C104 179 209
Dogleg 179
C47 209 283
Dogleg 209
C35 283 364
Dogleg 283
C10 364 455
Dogleg 364
C4 455 556
Dogleg 455
C135 556 634
Dogleg 556
C148 634 664
Dogleg 634
C81 664 697
Dogleg 664
C70 697 822
Dogleg 697
C58 822 891
Dogleg 822
B0 891 895
Dogleg 891
C101 895 927
Dogleg 895
Net 144
C98 172 847
Net 145
C130 115 249
C18 249 337
Dogleg 249
C121 337 442
Dogleg 337
C60 442 579
Dogleg 442
C159 579 609
Dogleg 579
C13 609 622
Dogleg 609
C132 622 766
Dogleg 622
C12 766 931
Dogleg 766
Net 146
C112 17 189
C49 189 215
Dogleg 189
C146 215 253
Dogleg 215
C66 253 271
Dogleg 253
C125 271 322
Dogleg 271
C115 322 346
Dogleg 322
C134 346 370
Dogleg 346
C118 370 373
Dogleg 370
C11 373 458
Dogleg 373
C51 458 597
Dogleg 458
C11 597 786
Dogleg 597
B0 786 795
Dogleg 786
C119 795 902
Dogleg 795
Net 147
C20 122 216
Net 148
C11 5 236
C86 236 532
Dogleg 236
C40 532 650
Dogleg 532
C12 650 765
Dogleg 650
C9 765 840
Dogleg 765
Net 149
C47 114 174
C101 174 181
Dogleg 174
C118 181 285
Dogleg 181
C19 285 460
Dogleg 285
C11 460 595
Dogleg 460
C163 595 684
Dogleg 595
C110 684 846
Dogleg 684
C130 846 912
Dogleg 846
Net 150
C106 175 415
C42 415 522
Dogleg 415
C177 522 616
Dogleg 522
C175 616 699
Dogleg 616
C20 699 838
Dogleg 699
B0 838 848
Dogleg 838
C27 848 879
Dogleg 848
C7 879 889
Dogleg 879
C48 889 929
Dogleg 889
Net 151
C103 234 359
C66 359 395
Dogleg 359
C6 395 484
Dogleg 395
C109 484 693
Dogleg 484
B0 693 724
Dogleg 693
C16 724 808
Dogleg 724
Net 152
C53 59 165
C21 165 375
Dogleg 165
C118 375 531
Dogleg 375
C39 531 759
Dogleg 531
Net 153
C20 25 100
T1 100 112
Dogleg 100
C87 112 157
Dogleg 112
C73 157 303
Dogleg 157
C62 303 459
Dogleg 303
C158 459 479
Dogleg 459
C106 479 492
Dogleg 479
T0 492 612
Dogleg 492
C89 612 615
Dogleg 612
C23 615 662
Dogleg 615
C133 662 784
Dogleg 662
C46 784 813
Dogleg 784
C126 813 872
Dogleg 813
C52 872 888
Dogleg 872
T0 888 904
Dogleg 888
Net 154
C17 22 213
C179 213 551
Dogleg 213
C141 551 628
Dogleg 551
C31 628 733
Dogleg 628
C28 733 771
Dogleg 733
C159 771 858
Dogleg 771
Net 155
C46 113 258
C114 258 406
Dogleg 258
C103 406 418
Dogleg 406
C112 418 494
Dogleg 418
C53 494 519
Dogleg 494
C130 519 586
Dogleg 519
C126 586 788
Dogleg 586
C28 788 799
Dogleg 788
C15 799 835
Dogleg 799
C121 835 873
Dogleg 835
C165 873 918
Dogleg 873
Net 156
C51 162 182
C101 182 635
Dogleg 182
C62 635 713
Dogleg 635
C40 713 741
Dogleg 713
C22 741 829
Dogleg 741
C38 829 859
Dogleg 829
C79 859 930
Dogleg 859
Net 157
C75 120 222
C120 222 477
Dogleg 222
C32 477 521
Dogleg 477
C108 521 772
Dogleg 521
Net 158
C82 35 386
B0 386 682
Dogleg 386
Net 159
C16 39 297
C71 297 417
Dogleg 297
C165 417 524
Dogleg 417
C161 524 632
Dogleg 524
T0 632 760
Dogleg 632
C140 760 897
Dogleg 760
C132 897 898
Dogleg 897
Net 160
C130 14 27
C26 27 31
Dogleg 27
C29 31 45
Dogleg 31
C56 45 76
Dogleg 45
C91 76 136
Dogleg 76
C127 136 176
Dogleg 136
C124 176 187
Dogleg 176
C102 187 308
Dogleg 187
C99 308 357
Dogleg 308
C6 357 393
Dogleg 357
C131 393 397
Dogleg 393
C138 397 510
Dogleg 397
C170 510 577
Dogleg 510
C167 577 640
Dogleg 577
C75 640 676
Dogleg 640
C30 676 909
Dogleg 676
C15 909 925
Dogleg 909
Net 161
C29 104 730
Net 162
C76 135 156
C61 156 735
Dogleg 156
C135 735 796
Dogleg 735
C178 796 852
Dogleg 796
Net 163
C58 227 332
C33 332 512
Dogleg 332
C13 512 604
Dogleg 512
C150 604 883
Dogleg 604
T0 883 887
Dogleg 883
Net 164
C67 163 803
C65 803 824
Dogleg 803
Net 165
C108 194 388
C49 388 554
Dogleg 388
C3 554 799
Dogleg 554
Net 166
C171 138 368
C99 368 411
Dogleg 368
C17 411 440
Dogleg 411
C82 440 746
Dogleg 440
Net 167
C90 136 416
C72 416 506
Dogleg 416
C64 506 807
Dogleg 506
Net 168
C4 1 141
C128 141 187
Dogleg 141
C125 187 211
Dogleg 187
C43 211 298
Dogleg 211
C149 298 402
Dogleg 298
C148 402 453
Dogleg 402
C132 453 488
Dogleg 453
C31 488 625
Dogleg 488
C18 625 722
Dogleg 625
C118 722 902
Dogleg 722
