Channel density: 125
Net 1
C93 166 310
C122 310 368
Dogleg 310
C17 368 409
Dogleg 368
C10 409 455
Dogleg 409
Net 2
C18 26 45
C7 45 69
Dogleg 45
C105 69 191
Dogleg 69
C73 191 307
Dogleg 191
B6 307 316
Dogleg 307
C39 316 342
Dogleg 316
C22 342 346
Dogleg 342
C20 346 376
Dogleg 346
C15 376 412
Dogleg 376
C49 412 510
Dogleg 412
C32 510 521
Dogleg 510
Net 3
C67 219 475
Net 4
C42 33 71
B6 71 113
Dogleg 71
C98 113 192
Dogleg 113
C82 192 218
Dogleg 192
C45 218 240
Dogleg 218
B1 240 255
Dogleg 240
C121 255 334
Dogleg 255
C81 334 421
Dogleg 334
T3 421 435
Dogleg 421
T9 435 469
Dogleg 435
C108 469 485
Dogleg 469
Net 5
C51 219 443
Net 6
C65 70 330
C113 330 490
Dogleg 330
C112 490 500
Dogleg 490
C52 500 503
Dogleg 500
Net 7
C40 20 92
C38 92 103
Dogleg 92
C121 103 174
Dogleg 103
C118 174 398
Dogleg 174
C31 398 510
Dogleg 398
Net 8
C83 327 464
T10 464 468
Dogleg 464
B8 468 489
Dogleg 468
Net 9
C81 134 277
C45 277 413
Dogleg 277
T5 413 434
Dogleg 413
C29 434 477
Dogleg 434
C22 477 497
Dogleg 477
C29 497 532
Dogleg 497
Net 10
C26 34 262
C94 262 340
Dogleg 262
C85 340 341
Dogleg 340
C86 341 422
Dogleg 341
Net 11
C97 97 156
C20 156 233
Dogleg 156
B6 233 235
Dogleg 233
C8 235 271
Dogleg 235
C59 271 449
Dogleg 271
B8 449 467
Dogleg 449
Net 12
C78 94 308
C73 308 432
Dogleg 308
Net 13
C39 20 88
C55 88 130
Dogleg 88
C77 130 161
Dogleg 130
C57 161 200
Dogleg 161
C110 200 437
Dogleg 200
T8 437 471
Dogleg 437
C21 471 482
Dogleg 471
C93 482 484
Dogleg 482
C21 484 507
Dogleg 484
Net 14
C52 84 129
C43 129 207
Dogleg 129
B3 207 303
Dogleg 207
C37 303 399
Dogleg 303
Net 15
C49 15 101
B7 101 104
Dogleg 101
C38 104 153
Dogleg 104
B9 153 157
Dogleg 153
B8 157 161
Dogleg 157
C56 161 227
Dogleg 161
C104 227 267
Dogleg 227
C124 267 330
Dogleg 267
C114 330 418
Dogleg 330
C13 418 479
Dogleg 418
C7 479 501
Dogleg 479
Net 16
C41 33 211
Net 17
C14 22 196
B5 196 300
Dogleg 196
C107 300 356
Dogleg 300
C105 356 385
Dogleg 356
C43 385 467
Dogleg 385
C12 467 502
Dogleg 467
Net 18
T7 4 41
T9 41 43
Dogleg 41
C60 43 259
Dogleg 43
C19 259 380
Dogleg 259
Net 19
C106 126 222
T4 222 226
Dogleg 222
T3 226 228
Dogleg 226
C83 228 257
Dogleg 228
B1 257 298
Dogleg 257
C68 298 354
Dogleg 298
C17 354 363
Dogleg 354
Net 20
C123 47 280
Net 21
C106 1 73
C7 73 395
Dogleg 73
C124 395 418
Dogleg 395
C115 418 439
Dogleg 418
B9 439 480
Dogleg 439
C10 480 492
Dogleg 480
Net 22
C74 72 105
C101 105 147
Dogleg 105
T0 147 158
Dogleg 147
C37 158 223
Dogleg 158
C24 223 250
Dogleg 223
C15 250 372
Dogleg 250
C5 372 450
Dogleg 372
C40 450 519
Dogleg 450
Net 23
C6 10 125
C103 125 320
Dogleg 125
C75 320 487
Dogleg 320
C20 487 489
Dogleg 487
C1 489 514
Dogleg 489
Net 24
C50 70 150
B1 150 194
Dogleg 150
C83 194 220
Dogleg 194
C71 220 266
Dogleg 220
C63 266 362
Dogleg 266
C123 362 440
Dogleg 362
C12 440 460
Dogleg 440
C14 460 527
Dogleg 460
Net 25
C91 9 145
C99 145 181
Dogleg 145
C13 181 230
Dogleg 181
C54 230 425
Dogleg 230
Net 26
T9 28 40
C32 40 49
Dogleg 40
C108 49 73
Dogleg 49
T0 73 116
Dogleg 73
C111 116 265
Dogleg 116
C26 265 414
Dogleg 265
C15 414 462
Dogleg 414
B3 462 465
Dogleg 462
C7 465 474
Dogleg 465
Net 27
C35 31 99
C40 99 372
Dogleg 99
C27 372 448
Dogleg 372
B1 448 525
Dogleg 448
Net 28
C102 141 154
C76 154 276
Dogleg 154
C75 276 317
Dogleg 276
C66 317 455
Dogleg 317
T10 455 458
Dogleg 455
Net 29
C15 22 158
B9 158 163
Dogleg 158
C5 163 371
Dogleg 163
C39 371 436
Dogleg 371
Net 30
C59 64 231
B6 231 232
Dogleg 231
C4 232 292
Dogleg 232
B0 292 294
Dogleg 292
C4 294 343
Dogleg 294
C70 343 449
Dogleg 343
T10 449 454
Dogleg 449
C57 454 486
Dogleg 454
Net 31
C55 11 83
C47 83 159
Dogleg 83
C15 159 172
Dogleg 159
C97 172 201
Dogleg 172
T7 201 206
Dogleg 201
B2 206 361
Dogleg 206
C21 361 445
Dogleg 361
Net 32
C67 74 96
C5 96 162
Dogleg 96
C87 162 188
Dogleg 162
T2 188 203
Dogleg 188
C69 203 432
Dogleg 203
C60 432 534
Dogleg 432
Net 33
C23 30 56
B7 56 90
Dogleg 56
B0 90 102
Dogleg 90
B4 102 108
Dogleg 102
C56 108 150
Dogleg 108
C122 150 253
Dogleg 150
T1 253 282
Dogleg 253
C104 282 296
Dogleg 282
C52 296 337
Dogleg 296
C13 337 417
Dogleg 337
C26 417 479
Dogleg 417
C42 479 524
Dogleg 479
Net 34
C69 134 157
C27 157 205
Dogleg 157
B6 205 208
Dogleg 205
B1 208 239
Dogleg 208
C9 239 241
Dogleg 239
C96 241 341
Dogleg 241
C87 341 379
Dogleg 341
C20 379 484
Dogleg 379
C15 484 504
Dogleg 484
Net 35
C113 60 184
C66 184 314
Dogleg 184
C35 314 328
Dogleg 314
T0 328 378
Dogleg 328
C89 378 502
Dogleg 378
C35 502 521
Dogleg 502
Net 36
C90 258 451
Net 37
C8 85 144
C90 144 257
Dogleg 144
C88 257 345
Dogleg 257
C85 345 370
Dogleg 345
C78 370 378
Dogleg 370
Net 38
C38 42 55
B8 55 57
Dogleg 55
C23 57 224
Dogleg 57
C92 224 403
Dogleg 224
C88 403 522
Dogleg 403
Net 39
T6 35 37
C58 37 47
Dogleg 37
C61 47 304
Dogleg 47
C20 304 342
Dogleg 304
Net 40
C28 76 87
B1 87 95
Dogleg 87
C81 95 129
Dogleg 95
C68 129 170
Dogleg 129
C96 170 224
Dogleg 170
C94 224 246
Dogleg 224
T0 246 313
Dogleg 246
C81 313 329
Dogleg 313
C111 329 369
Dogleg 329
C121 369 414
Dogleg 369
C94 414 482
Dogleg 414
Net 41
C25 32 51
C110 51 182
Dogleg 51
T1 182 249
Dogleg 182
C39 249 277
Dogleg 249
Net 42
C7 12 43
C59 43 61
Dogleg 43
C72 61 175
Dogleg 61
C9 175 237
Dogleg 175
B6 237 244
Dogleg 237
C62 244 271
Dogleg 244
C60 271 332
Dogleg 271
B3 332 409
Dogleg 332
C2 409 440
Dogleg 409
Net 43
C24 8 109
C13 109 180
Dogleg 109
C115 180 332
Dogleg 180
C65 332 382
Dogleg 332
T1 382 388
Dogleg 382
C32 388 476
Dogleg 388
Net 44
C3 7 76
B4 76 83
Dogleg 76
C46 83 102
Dogleg 83
C83 102 188
Dogleg 102
C69 188 202
Dogleg 188
B4 202 301
Dogleg 202
C32 301 386
Dogleg 301
C64 386 466
Dogleg 386
C58 466 478
Dogleg 466
B0 478 517
Dogleg 478
Net 45
C28 6 67
C89 67 201
Dogleg 67
C34 201 454
Dogleg 201
Net 46
C102 82 139
C86 139 315
Dogleg 139
C85 315 327
Dogleg 315
C101 327 420
Dogleg 327
T4 420 453
Dogleg 420
C54 453 509
Dogleg 453
Net 47
C115 60 63
C17 63 116
Dogleg 63
C109 116 248
Dogleg 116
C21 248 260
Dogleg 248
C50 260 269
Dogleg 260
C37 269 279
Dogleg 269
C8 279 503
Dogleg 279
C7 503 516
Dogleg 503
Net 48
C55 291 509
Net 49
C88 210 254
C64 254 374
Dogleg 254
C48 374 415
Dogleg 374
Net 50
C29 27 287
Net 51
C17 21 62
B8 62 65
Dogleg 62
C63 65 258
Dogleg 65
C83 258 288
Dogleg 258
C119 288 506
Dogleg 288
C8 506 533
Dogleg 506
T9 533 536
Dogleg 533
Net 52
C35 103 176
C108 176 273
Dogleg 176
C104 273 279
Dogleg 273
C62 279 350
Dogleg 279
B12 350 355
Dogleg 350
C44 355 497
Dogleg 355
C117 497 515
Dogleg 497
B3 515 518
Dogleg 515
Net 53
C9 13 171
C49 171 266
Dogleg 171
C31 266 360
Dogleg 266
C46 360 458
Dogleg 360
B11 458 462
Dogleg 458
B5 462 507
Dogleg 462
C9 507 530
Dogleg 507
Net 54
C27 121 151
Net 55
T0 55 71
C66 71 171
Dogleg 71
C50 171 198
Dogleg 171
C14 198 336
Dogleg 198
C109 336 408
Dogleg 336
B2 408 481
Dogleg 408
B9 481 496
Dogleg 481
C23 496 499
Dogleg 496
Net 56
C69 18 131
C55 131 242
Dogleg 131
C45 242 275
Dogleg 242
B0 275 285
Dogleg 275
C13 285 333
Dogleg 285
C60 333 380
Dogleg 333
C29 380 428
Dogleg 380
Net 57
C77 87 123
C74 123 423
Dogleg 123
C42 423 461
Dogleg 423
Net 58
C21 29 122
C79 122 288
Dogleg 122
C76 288 316
Dogleg 288
C41 316 347
Dogleg 316
C9 347 495
Dogleg 347
Net 59
C12 17 273
C102 273 384
Dogleg 273
C99 384 412
Dogleg 384
T6 412 456
Dogleg 412
T7 456 459
Dogleg 456
C59 459 534
Dogleg 459
B5 534 537
Dogleg 534
Net 60
C62 64 100
C71 100 204
Dogleg 100
T4 204 213
Dogleg 204
C43 213 242
Dogleg 213
C9 242 293
Dogleg 242
C1 293 488
Dogleg 293
Net 61
T2 95 149
C21 149 247
Dogleg 149
C72 247 427
Dogleg 247
C17 427 481
Dogleg 427
C13 481 527
Dogleg 481
Net 62
C50 15 68
C95 68 337
Dogleg 68
C53 337 416
Dogleg 337
C17 416 424
Dogleg 416
Net 63
C10 14 209
B6 209 225
Dogleg 209
C23 225 387
Dogleg 225
C84 387 426
Dogleg 387
T2 426 430
Dogleg 426
C45 430 474
Dogleg 430
Net 64
C64 65 236
C20 236 302
Dogleg 236
C10 302 376
Dogleg 302
C3 376 487
Dogleg 376
C17 487 516
Dogleg 487
Net 65
C107 1 53
C25 53 214
Dogleg 53
C70 214 304
Dogleg 214
C79 304 389
Dogleg 304
C28 389 446
Dogleg 389
C2 446 522
Dogleg 446
Net 66
C53 19 335
Net 67
T5 8 28
C20 28 78
Dogleg 28
C18 78 237
Dogleg 78
C119 237 286
Dogleg 237
C109 286 299
Dogleg 286
C77 299 486
Dogleg 299
C58 486 523
Dogleg 486
Net 68
T8 32 38
C31 38 86
Dogleg 38
C68 86 118
Dogleg 86
T0 118 146
Dogleg 118
C92 146 179
Dogleg 146
C17 179 248
Dogleg 179
C2 248 359
Dogleg 248
C117 359 439
Dogleg 359
C116 439 511
Dogleg 439
Net 69
C5 5 19
C47 19 74
Dogleg 19
B5 74 110
Dogleg 74
C24 110 221
Dogleg 110
C97 221 252
Dogleg 221
C24 252 530
Dogleg 252
Net 70
C31 196 249
Net 71
C46 48 80
C13 80 107
Dogleg 80
C88 107 167
Dogleg 107
C48 167 251
Dogleg 167
C17 251 353
Dogleg 251
C43 353 382
Dogleg 353
C31 382 396
Dogleg 382
C58 396 444
Dogleg 396
Net 72
C22 30 261
C21 261 308
Dogleg 261
C48 308 349
Dogleg 308
T1 349 362
Dogleg 349
C124 362 393
Dogleg 362
C62 393 429
Dogleg 393
C61 429 457
Dogleg 429
C58 457 461
Dogleg 457
Net 73
C70 18 39
C44 39 348
Dogleg 39
C22 348 367
Dogleg 348
C106 367 402
Dogleg 367
C78 402 460
Dogleg 402
Net 74
C70 66 204
C52 204 212
Dogleg 204
C41 212 296
Dogleg 212
B0 296 431
Dogleg 296
Net 75
C36 109 289
C50 289 463
Dogleg 289
B0 463 473
Dogleg 463
B3 473 492
Dogleg 473
Net 76
C68 187 240
C59 240 254
Dogleg 240
C48 254 306
Dogleg 254
C36 306 364
Dogleg 306
Net 77
C73 72 177
C112 177 274
Dogleg 177
Net 78
C37 41 155
C107 155 216
Dogleg 155
T0 216 244
Dogleg 216
C99 244 309
Dogleg 244
C87 309 310
Dogleg 309
C25 310 529
Dogleg 310
Net 79
C114 53 297
C6 297 528
Dogleg 297
B2 528 535
Dogleg 528
Net 80
C52 186 197
C113 197 329
Dogleg 197
C112 329 373
Dogleg 329
Net 81
B2 78 119
C57 119 159
Dogleg 119
T0 159 214
Dogleg 159
T4 214 217
Dogleg 214
C28 217 225
Dogleg 217
C72 225 238
Dogleg 225
C37 238 261
Dogleg 238
C105 261 322
Dogleg 261
C103 322 326
Dogleg 322
C82 326 465
Dogleg 326
C10 465 477
Dogleg 465
Net 82
C27 38 67
B8 67 91
Dogleg 67
C99 91 141
Dogleg 91
C54 141 147
Dogleg 141
C100 147 282
Dogleg 147
C18 282 420
Dogleg 282
C40 420 445
Dogleg 420
T7 445 447
Dogleg 445
C28 447 532
Dogleg 447
Net 83
C52 58 80
T1 80 148
Dogleg 80
C54 148 227
Dogleg 148
C28 227 239
Dogleg 227
C18 239 281
Dogleg 239
C13 281 283
Dogleg 281
C97 283 325
Dogleg 283
C78 325 351
Dogleg 325
C39 351 365
Dogleg 351
B2 365 403
Dogleg 365
C87 403 433
Dogleg 403
Net 84
C33 24 301
Net 85
C120 152 506
Net 86
C31 182 195
T8 195 205
Dogleg 195
C57 205 421
Dogleg 205
C18 421 538
Dogleg 421
Net 87
C11 16 531
Net 88
T1 0 62
Net 89
C92 9 36
C51 36 215
Dogleg 36
C25 215 305
Dogleg 215
C61 305 361
Dogleg 305
C88 361 389
Dogleg 361
C87 389 400
Dogleg 389
C91 400 513
Dogleg 400
C31 513 526
Dogleg 513
Net 90
C17 120 178
C15 178 243
Dogleg 178
C55 243 284
Dogleg 243
T1 284 347
Dogleg 284
C46 347 357
Dogleg 347
C115 357 408
Dogleg 357
C111 408 490
Dogleg 408
B8 490 498
Dogleg 490
B3 498 512
Dogleg 498
B5 512 533
Dogleg 512
Net 91
C71 39 98
B8 98 114
Dogleg 98
C104 114 216
Dogleg 114
C85 216 309
Dogleg 216
C21 309 360
Dogleg 309
C2 360 406
Dogleg 360
C79 406 433
Dogleg 406
C48 433 459
Dogleg 433
B7 459 494
Dogleg 459
Net 92
C45 46 143
Net 93
C4 10 229
C56 229 466
Dogleg 229
B3 466 471
Dogleg 466
C19 471 493
Dogleg 471
C4 493 514
Dogleg 493
Net 94
C57 37 115
C48 115 166
Dogleg 115
C28 166 213
Dogleg 166
C27 213 272
Dogleg 213
C117 272 357
Dogleg 272
C116 357 397
Dogleg 357
C7 397 456
Dogleg 397
B4 456 537
Dogleg 456
Net 95
C2 4 246
Net 96
C13 17 79
C75 79 268
Dogleg 79
B7 268 269
Dogleg 268
C32 269 276
Dogleg 269
C71 276 370
Dogleg 276
C22 370 447
Dogleg 370
B11 447 452
Dogleg 447
C5 452 517
Dogleg 452
C1 517 518
Dogleg 517
C37 518 520
Dogleg 518
Net 97
T3 14 27
C30 27 536
Dogleg 27
Net 98
C1 3 5
C4 5 7
Dogleg 5
T6 7 23
Dogleg 7
T9 23 24
Dogleg 23
C34 24 199
Dogleg 24
B7 199 247
Dogleg 199
B6 247 270
Dogleg 247
C43 270 339
Dogleg 270
B12 339 349
Dogleg 339
C41 349 519
Dogleg 349
Net 99
T3 187 200
C116 200 331
Dogleg 200
C35 331 377
Dogleg 331
C10 377 402
Dogleg 377
C76 402 427
Dogleg 402
T10 427 448
Dogleg 427
C39 448 475
Dogleg 448
C34 475 526
Dogleg 475
Net 100
T1 63 79
C76 79 145
Dogleg 79
C45 145 209
Dogleg 145
C27 209 212
Dogleg 209
C10 212 299
Dogleg 212
B1 299 442
Dogleg 299
B6 442 504
Dogleg 442
C8 504 505
Dogleg 504
B6 505 535
Dogleg 505
Net 101
C67 119 203
C50 203 256
Dogleg 203
C43 256 264
Dogleg 256
C22 264 338
Dogleg 264
C52 338 417
Dogleg 338
Net 102
C91 146 379
Net 103
C54 59 138
C21 138 148
Dogleg 138
C8 148 226
Dogleg 148
C62 226 243
Dogleg 226
C124 243 255
Dogleg 243
C122 255 280
Dogleg 255
C12 280 410
Dogleg 280
B3 410 444
Dogleg 410
C51 444 500
Dogleg 444
Net 104
T2 0 94
C79 94 111
Dogleg 94
C49 111 164
Dogleg 111
C101 164 322
Dogleg 164
C76 322 391
Dogleg 322
C47 391 470
Dogleg 391
Net 105
C85 124 211
Net 106
C1 6 135
C82 135 189
Dogleg 135
C72 189 210
Dogleg 189
C67 210 215
Dogleg 210
C52 215 222
Dogleg 215
C89 222 290
Dogleg 222
C29 290 366
Dogleg 290
C107 366 469
Dogleg 366
C15 469 480
Dogleg 469
Net 107
C93 36 110
C39 110 235
Dogleg 110
C13 235 278
Dogleg 235
Net 108
C56 11 97
C94 97 179
Dogleg 97
T5 179 183
Dogleg 179
C35 183 312
Dogleg 183
C33 312 411
Dogleg 312
C12 411 434
Dogleg 411
B11 434 443
Dogleg 434
C23 443 493
Dogleg 443
C20 493 505
Dogleg 493
Net 109
C5 23 93
C31 93 173
Dogleg 93
C102 173 267
Dogleg 173
C49 267 375
Dogleg 267
C85 375 441
Dogleg 375
C53 441 476
Dogleg 441
C39 476 491
Dogleg 476
C3 491 523
Dogleg 491
B3 523 538
Dogleg 523
Net 110
T0 2 54
B0 54 82
Dogleg 54
C42 82 169
Dogleg 82
C77 169 295
Dogleg 169
C9 295 345
Dogleg 295
C4 345 488
Dogleg 345
Net 111
C109 49 75
C27 75 117
Dogleg 75
B1 117 124
Dogleg 117
C84 124 383
Dogleg 124
C35 383 441
Dogleg 383
C52 441 470
Dogleg 441
Net 112
C38 57 88
B0 88 89
Dogleg 88
C39 89 104
Dogleg 89
C117 104 270
Dogleg 104
C50 270 286
Dogleg 270
C108 286 381
Dogleg 286
C19 381 404
Dogleg 381
C63 404 457
Dogleg 404
Net 113
C43 44 126
C6 126 295
Dogleg 126
B6 295 306
Dogleg 295
C33 306 311
Dogleg 306
C87 311 315
Dogleg 311
T0 315 325
Dogleg 315
C98 325 384
Dogleg 325
C40 384 413
Dogleg 384
C33 413 524
Dogleg 413
B2 524 525
Dogleg 524
Net 114
C100 91 142
C87 142 160
Dogleg 142
C38 160 496
Dogleg 160
C26 496 513
Dogleg 496
Net 115
T4 12 31
C36 31 106
Dogleg 31
C116 106 180
Dogleg 106
T4 180 199
Dogleg 180
C87 199 303
Dogleg 199
C39 303 313
Dogleg 303
C78 313 321
Dogleg 313
C125 321 407
Dogleg 321
C92 407 483
Dogleg 407
B2 483 508
Dogleg 483
Net 116
C32 50 127
C21 127 136
Dogleg 127
C1 136 287
Dogleg 136
C27 287 369
Dogleg 287
C61 369 396
Dogleg 369
C60 396 429
Dogleg 396
C29 429 431
Dogleg 429
T2 431 435
Dogleg 431
Net 117
C62 115 223
C52 223 284
Dogleg 223
Net 118
B0 3 52
C48 52 93
Dogleg 52
C80 93 407
Dogleg 93
C19 407 437
Dogleg 407
B10 437 499
Dogleg 437
C19 499 531
Dogleg 499
Net 119
C96 68 121
C68 121 128
Dogleg 121
C32 128 253
Dogleg 128
C28 253 388
Dogleg 253
C23 388 438
Dogleg 388
B0 438 442
Dogleg 438
Net 120
C16 25 512
Net 121
C19 2 256
C42 256 411
Dogleg 256
Net 122
C18 46 77
B3 77 117
Dogleg 77
B8 117 130
Dogleg 117
C52 130 185
Dogleg 130
C99 185 221
Dogleg 185
C98 221 289
Dogleg 221
C52 289 294
Dogleg 289
C106 294 320
Dogleg 294
C104 320 356
Dogleg 320
C68 356 374
Dogleg 356
C122 374 446
Dogleg 374
C35 446 494
Dogleg 446
Net 123
C58 61 394
Net 124
C8 13 84
B4 84 92
Dogleg 84
C28 92 165
Dogleg 92
C49 165 170
Dogleg 165
C42 170 228
Dogleg 170
C82 228 305
Dogleg 228
C70 305 340
Dogleg 305
C14 340 453
Dogleg 340
C27 453 529
Dogleg 453
Net 125
C3 81 373
Net 126
C20 81 155
B0 155 274
Dogleg 155
C106 274 283
Dogleg 274
C100 283 401
Dogleg 283
C37 401 495
Dogleg 401
Net 127
C46 112 339
Net 128
C47 163 377
C36 377 520
Dogleg 377
